[0.079s] Invoking command in '/home/gun/ros2_ws/build/my_robot_description': CMAKE_PREFIX_PATH=${CMAKE_PREFIX_PATH}:/home/gun/CARVER_WS/install/rtabmap_python:/home/gun/ros2_ws/install/turtlesim_catch_them_all:/home/gun/ros2_ws/install/my_py_pkg:/home/gun/ros2_ws/install/actions_py:/opt/ros/humble /usr/bin/cmake --build /home/gun/ros2_ws/build/my_robot_description -- -j8 -l8
[0.144s] Invoked command in '/home/gun/ros2_ws/build/my_robot_description' returned '0': CMAKE_PREFIX_PATH=${CMAKE_PREFIX_PATH}:/home/gun/CARVER_WS/install/rtabmap_python:/home/gun/ros2_ws/install/turtlesim_catch_them_all:/home/gun/ros2_ws/install/my_py_pkg:/home/gun/ros2_ws/install/actions_py:/opt/ros/humble /usr/bin/cmake --build /home/gun/ros2_ws/build/my_robot_description -- -j8 -l8
[0.320s] Invoking command in '/home/gun/ros2_ws/build/my_robot_description': CMAKE_PREFIX_PATH=${CMAKE_PREFIX_PATH}:/home/gun/CARVER_WS/install/rtabmap_python:/home/gun/ros2_ws/install/turtlesim_catch_them_all:/home/gun/ros2_ws/install/my_py_pkg:/home/gun/ros2_ws/install/actions_py:/opt/ros/humble /usr/bin/cmake --install /home/gun/ros2_ws/build/my_robot_description
[1.023s] -- Install configuration: ""
[1.024s] -- Up-to-date: /home/gun/ros2_ws/install/my_robot_description/share/my_robot_description//urdf
[1.024s] -- Up-to-date: /home/gun/ros2_ws/install/my_robot_description/share/my_robot_description//urdf/mobile_base.xacro
[1.025s] -- Up-to-date: /home/gun/ros2_ws/install/my_robot_description/share/my_robot_description//urdf/my_robot_tutorial.urdf
[1.025s] -- Up-to-date: /home/gun/ros2_ws/install/my_robot_description/share/my_robot_description//urdf/common_properties.xacro
[1.026s] -- Up-to-date: /home/gun/ros2_ws/install/my_robot_description/share/my_robot_description//urdf/my_robot.urdf.xacro
[1.026s] -- Up-to-date: /home/gun/ros2_ws/install/my_robot_description/share/my_robot_description//urdf/mobile_base_gazebo.xacro
[1.026s] -- Up-to-date: /home/gun/ros2_ws/install/my_robot_description/share/my_robot_description//urdf/robotic_arm_gazebo.xacro
[1.026s] -- Up-to-date: /home/gun/ros2_ws/install/my_robot_description/share/my_robot_description//urdf/wrg_bot_gazebo.xacro
[1.026s] -- Up-to-date: /home/gun/ros2_ws/install/my_robot_description/share/my_robot_description//urdf/wrg_bot.xacro
[1.026s] -- Up-to-date: /home/gun/ros2_ws/install/my_robot_description/share/my_robot_description//urdf/robotic_arm.xacro
[1.026s] -- Up-to-date: /home/gun/ros2_ws/install/my_robot_description/share/my_robot_description//urdf/camera.xacro
[1.026s] -- Up-to-date: /home/gun/ros2_ws/install/my_robot_description/share/my_robot_description//launch
[1.027s] -- Up-to-date: /home/gun/ros2_ws/install/my_robot_description/share/my_robot_description//launch/display.launch.xml
[1.027s] -- Up-to-date: /home/gun/ros2_ws/install/my_robot_description/share/my_robot_description//launch/display.launch.py
[1.027s] -- Up-to-date: /home/gun/ros2_ws/install/my_robot_description/share/my_robot_description//launch/wrg.launch.xml
[1.027s] -- Up-to-date: /home/gun/ros2_ws/install/my_robot_description/share/my_robot_description//rviz
[1.027s] -- Up-to-date: /home/gun/ros2_ws/install/my_robot_description/share/my_robot_description//rviz/wrg_config2.rviz
[1.027s] -- Up-to-date: /home/gun/ros2_ws/install/my_robot_description/share/my_robot_description//rviz/urdf_config.rviz
[1.027s] -- Up-to-date: /home/gun/ros2_ws/install/my_robot_description/share/my_robot_description//rviz/arm_urdf_config.rviz
[1.027s] -- Up-to-date: /home/gun/ros2_ws/install/my_robot_description/share/my_robot_description//rviz/wrg_config.rviz
[1.027s] -- Up-to-date: /home/gun/ros2_ws/install/my_robot_description/share/my_robot_description//meshes
[1.028s] -- Up-to-date: /home/gun/ros2_ws/install/my_robot_description/share/my_robot_description//meshes/wheel.STL
[1.028s] -- Up-to-date: /home/gun/ros2_ws/install/my_robot_description/share/my_robot_description//meshes/base.STL
[1.028s] -- Up-to-date: /home/gun/ros2_ws/install/my_robot_description/share/my_robot_description//meshes/caster_wheel.STL
[1.028s] -- Up-to-date: /home/gun/ros2_ws/install/my_robot_description/share/my_robot_description//meshes/ld06.STL
[1.029s] -- Up-to-date: /home/gun/ros2_ws/install/my_robot_description/share/ament_index/resource_index/package_run_dependencies/my_robot_description
[1.029s] -- Up-to-date: /home/gun/ros2_ws/install/my_robot_description/share/ament_index/resource_index/parent_prefix_path/my_robot_description
[1.029s] -- Up-to-date: /home/gun/ros2_ws/install/my_robot_description/share/my_robot_description/environment/ament_prefix_path.sh
[1.029s] -- Up-to-date: /home/gun/ros2_ws/install/my_robot_description/share/my_robot_description/environment/ament_prefix_path.dsv
[1.029s] -- Up-to-date: /home/gun/ros2_ws/install/my_robot_description/share/my_robot_description/environment/path.sh
[1.031s] -- Up-to-date: /home/gun/ros2_ws/install/my_robot_description/share/my_robot_description/environment/path.dsv
[1.031s] -- Up-to-date: /home/gun/ros2_ws/install/my_robot_description/share/my_robot_description/local_setup.bash
[1.032s] -- Up-to-date: /home/gun/ros2_ws/install/my_robot_description/share/my_robot_description/local_setup.sh
[1.032s] -- Up-to-date: /home/gun/ros2_ws/install/my_robot_description/share/my_robot_description/local_setup.zsh
[1.032s] -- Up-to-date: /home/gun/ros2_ws/install/my_robot_description/share/my_robot_description/local_setup.dsv
[1.032s] -- Installing: /home/gun/ros2_ws/install/my_robot_description/share/my_robot_description/package.dsv
[1.032s] -- Up-to-date: /home/gun/ros2_ws/install/my_robot_description/share/ament_index/resource_index/packages/my_robot_description
[1.032s] -- Up-to-date: /home/gun/ros2_ws/install/my_robot_description/share/my_robot_description/cmake/my_robot_descriptionConfig.cmake
[1.032s] -- Up-to-date: /home/gun/ros2_ws/install/my_robot_description/share/my_robot_description/cmake/my_robot_descriptionConfig-version.cmake
[1.032s] -- Up-to-date: /home/gun/ros2_ws/install/my_robot_description/share/my_robot_description/package.xml
[1.037s] Invoked command in '/home/gun/ros2_ws/build/my_robot_description' returned '0': CMAKE_PREFIX_PATH=${CMAKE_PREFIX_PATH}:/home/gun/CARVER_WS/install/rtabmap_python:/home/gun/ros2_ws/install/turtlesim_catch_them_all:/home/gun/ros2_ws/install/my_py_pkg:/home/gun/ros2_ws/install/actions_py:/opt/ros/humble /usr/bin/cmake --install /home/gun/ros2_ws/build/my_robot_description
