-- Install configuration: ""
-- Up-to-date: /home/gun/ros2_ws/install/my_bot/share/my_bot/config
-- Up-to-date: /home/gun/ros2_ws/install/my_bot/share/my_bot/config/example_controllers.yaml
-- Up-to-date: /home/gun/ros2_ws/install/my_bot/share/my_bot/config/empty.yaml
-- Up-to-date: /home/gun/ros2_ws/install/my_bot/share/my_bot/description
-- Up-to-date: /home/gun/ros2_ws/install/my_bot/share/my_bot/description/robot.urdf.xacro
-- Up-to-date: /home/gun/ros2_ws/install/my_bot/share/my_bot/description/inertial_macros.xacro
-- Up-to-date: /home/gun/ros2_ws/install/my_bot/share/my_bot/description/gazebo_control.xacro
-- Up-to-date: /home/gun/ros2_ws/install/my_bot/share/my_bot/description/manipulator.xacro
-- Up-to-date: /home/gun/ros2_ws/install/my_bot/share/my_bot/description/robot_core.urdf.xacro
-- Up-to-date: /home/gun/ros2_ws/install/my_bot/share/my_bot/description/lidar.xacro
-- Up-to-date: /home/gun/ros2_ws/install/my_bot/share/my_bot/description/gazebo.xacro
-- Up-to-date: /home/gun/ros2_ws/install/my_bot/share/my_bot/description/camera.xacro
-- Up-to-date: /home/gun/ros2_ws/install/my_bot/share/my_bot/launch
-- Up-to-date: /home/gun/ros2_ws/install/my_bot/share/my_bot/launch/rsp.launch.py
-- Installing: /home/gun/ros2_ws/install/my_bot/share/my_bot/launch/sim.launch.py
-- Up-to-date: /home/gun/ros2_ws/install/my_bot/share/my_bot/worlds
-- Up-to-date: /home/gun/ros2_ws/install/my_bot/share/my_bot/worlds/empty.world
-- Up-to-date: /home/gun/ros2_ws/install/my_bot/share/my_bot/rviz
-- Up-to-date: /home/gun/ros2_ws/install/my_bot/share/my_bot/rviz/gazebo.rviz
-- Up-to-date: /home/gun/ros2_ws/install/my_bot/share/my_bot/meshes
-- Up-to-date: /home/gun/ros2_ws/install/my_bot/share/my_bot/meshes/link_1.stl
-- Up-to-date: /home/gun/ros2_ws/install/my_bot/share/my_bot/meshes/link_3.stl
-- Up-to-date: /home/gun/ros2_ws/install/my_bot/share/my_bot/meshes/link_0.stl
-- Up-to-date: /home/gun/ros2_ws/install/my_bot/share/my_bot/meshes/end_effector.stl
-- Up-to-date: /home/gun/ros2_ws/install/my_bot/share/my_bot/meshes/link_2.stl
-- Up-to-date: /home/gun/ros2_ws/install/my_bot/share/ament_index/resource_index/package_run_dependencies/my_bot
-- Up-to-date: /home/gun/ros2_ws/install/my_bot/share/ament_index/resource_index/parent_prefix_path/my_bot
-- Up-to-date: /home/gun/ros2_ws/install/my_bot/share/my_bot/environment/ament_prefix_path.sh
-- Up-to-date: /home/gun/ros2_ws/install/my_bot/share/my_bot/environment/ament_prefix_path.dsv
-- Up-to-date: /home/gun/ros2_ws/install/my_bot/share/my_bot/environment/path.sh
-- Up-to-date: /home/gun/ros2_ws/install/my_bot/share/my_bot/environment/path.dsv
-- Up-to-date: /home/gun/ros2_ws/install/my_bot/share/my_bot/local_setup.bash
-- Up-to-date: /home/gun/ros2_ws/install/my_bot/share/my_bot/local_setup.sh
-- Up-to-date: /home/gun/ros2_ws/install/my_bot/share/my_bot/local_setup.zsh
-- Up-to-date: /home/gun/ros2_ws/install/my_bot/share/my_bot/local_setup.dsv
-- Up-to-date: /home/gun/ros2_ws/install/my_bot/share/my_bot/package.dsv
-- Up-to-date: /home/gun/ros2_ws/install/my_bot/share/ament_index/resource_index/packages/my_bot
-- Up-to-date: /home/gun/ros2_ws/install/my_bot/share/my_bot/cmake/my_botConfig.cmake
-- Up-to-date: /home/gun/ros2_ws/install/my_bot/share/my_bot/cmake/my_botConfig-version.cmake
-- Up-to-date: /home/gun/ros2_ws/install/my_bot/share/my_bot/package.xml
