[0.026s] Invoking command in '/home/gun/ros2_ws/build/lecture2': CMAKE_PREFIX_PATH=${CMAKE_PREFIX_PATH}:/home/gun/CARVER_WS/install/rtabmap_python:/home/gun/ros2_ws/install/turtlesim_catch_them_all:/home/gun/ros2_ws/install/my_py_pkg:/home/gun/ros2_ws/install/actions_py:/opt/ros/humble /usr/bin/cmake --build /home/gun/ros2_ws/build/lecture2 -- -j8 -l8
[0.122s] [100%] Built target cpp_node_test
[0.133s] [100%] Built target ament_cmake_python_copy_lecture2
[0.532s] running egg_info
[0.571s] writing lecture2.egg-info/PKG-INFO
[0.572s] writing dependency_links to lecture2.egg-info/dependency_links.txt
[0.573s] writing top-level names to lecture2.egg-info/top_level.txt
[0.686s] reading manifest file 'lecture2.egg-info/SOURCES.txt'
[0.687s] writing manifest file 'lecture2.egg-info/SOURCES.txt'
[0.739s] [100%] Built target ament_cmake_python_build_lecture2_egg
[0.754s] Invoked command in '/home/gun/ros2_ws/build/lecture2' returned '0': CMAKE_PREFIX_PATH=${CMAKE_PREFIX_PATH}:/home/gun/CARVER_WS/install/rtabmap_python:/home/gun/ros2_ws/install/turtlesim_catch_them_all:/home/gun/ros2_ws/install/my_py_pkg:/home/gun/ros2_ws/install/actions_py:/opt/ros/humble /usr/bin/cmake --build /home/gun/ros2_ws/build/lecture2 -- -j8 -l8
[0.801s] Invoking command in '/home/gun/ros2_ws/build/lecture2': CMAKE_PREFIX_PATH=${CMAKE_PREFIX_PATH}:/home/gun/CARVER_WS/install/rtabmap_python:/home/gun/ros2_ws/install/turtlesim_catch_them_all:/home/gun/ros2_ws/install/my_py_pkg:/home/gun/ros2_ws/install/actions_py:/opt/ros/humble /usr/bin/cmake --install /home/gun/ros2_ws/build/lecture2
[0.811s] -- Install configuration: ""
[0.811s] -- Up-to-date: /home/gun/ros2_ws/install/lecture2/share/lecture2/environment/pythonpath.sh
[0.811s] -- Up-to-date: /home/gun/ros2_ws/install/lecture2/share/lecture2/environment/pythonpath.dsv
[0.811s] -- Up-to-date: /home/gun/ros2_ws/install/lecture2/local/lib/python3.10/dist-packages/lecture2-0.0.0-py3.10.egg-info
[0.811s] -- Installing: /home/gun/ros2_ws/install/lecture2/local/lib/python3.10/dist-packages/lecture2-0.0.0-py3.10.egg-info/top_level.txt
[0.812s] -- Installing: /home/gun/ros2_ws/install/lecture2/local/lib/python3.10/dist-packages/lecture2-0.0.0-py3.10.egg-info/PKG-INFO
[0.812s] -- Installing: /home/gun/ros2_ws/install/lecture2/local/lib/python3.10/dist-packages/lecture2-0.0.0-py3.10.egg-info/SOURCES.txt
[0.812s] -- Installing: /home/gun/ros2_ws/install/lecture2/local/lib/python3.10/dist-packages/lecture2-0.0.0-py3.10.egg-info/dependency_links.txt
[0.812s] -- Up-to-date: /home/gun/ros2_ws/install/lecture2/local/lib/python3.10/dist-packages/lecture2
[0.812s] -- Up-to-date: /home/gun/ros2_ws/install/lecture2/local/lib/python3.10/dist-packages/lecture2/__init__.py
[0.812s] -- Up-to-date: /home/gun/ros2_ws/install/lecture2/local/lib/python3.10/dist-packages/lecture2/dummy_module.py
[0.881s] Listing '/home/gun/ros2_ws/install/lecture2/local/lib/python3.10/dist-packages/lecture2'...
[0.885s] -- Up-to-date: /home/gun/ros2_ws/install/lecture2/lib/lecture2/dummy_script.py
[0.885s] -- Up-to-date: /home/gun/ros2_ws/install/lecture2/lib/lecture2/turtlesimplus_controller.py
[0.886s] -- Up-to-date: /home/gun/ros2_ws/install/lecture2/lib/lecture2/cpp_node_test
[0.886s] -- Up-to-date: /home/gun/ros2_ws/install/lecture2/share/lecture2
[0.886s] -- Up-to-date: /home/gun/ros2_ws/install/lecture2/share/ament_index/resource_index/package_run_dependencies/lecture2
[0.887s] -- Up-to-date: /home/gun/ros2_ws/install/lecture2/share/ament_index/resource_index/parent_prefix_path/lecture2
[0.887s] -- Up-to-date: /home/gun/ros2_ws/install/lecture2/share/lecture2/environment/ament_prefix_path.sh
[0.887s] -- Up-to-date: /home/gun/ros2_ws/install/lecture2/share/lecture2/environment/ament_prefix_path.dsv
[0.887s] -- Up-to-date: /home/gun/ros2_ws/install/lecture2/share/lecture2/environment/path.sh
[0.887s] -- Up-to-date: /home/gun/ros2_ws/install/lecture2/share/lecture2/environment/path.dsv
[0.888s] -- Up-to-date: /home/gun/ros2_ws/install/lecture2/share/lecture2/local_setup.bash
[0.888s] -- Up-to-date: /home/gun/ros2_ws/install/lecture2/share/lecture2/local_setup.sh
[0.888s] -- Up-to-date: /home/gun/ros2_ws/install/lecture2/share/lecture2/local_setup.zsh
[0.888s] -- Up-to-date: /home/gun/ros2_ws/install/lecture2/share/lecture2/local_setup.dsv
[0.888s] -- Installing: /home/gun/ros2_ws/install/lecture2/share/lecture2/package.dsv
[0.888s] -- Up-to-date: /home/gun/ros2_ws/install/lecture2/share/ament_index/resource_index/packages/lecture2
[0.888s] -- Up-to-date: /home/gun/ros2_ws/install/lecture2/share/lecture2/cmake/lecture2Config.cmake
[0.888s] -- Up-to-date: /home/gun/ros2_ws/install/lecture2/share/lecture2/cmake/lecture2Config-version.cmake
[0.888s] -- Up-to-date: /home/gun/ros2_ws/install/lecture2/share/lecture2/package.xml
[0.918s] Invoked command in '/home/gun/ros2_ws/build/lecture2' returned '0': CMAKE_PREFIX_PATH=${CMAKE_PREFIX_PATH}:/home/gun/CARVER_WS/install/rtabmap_python:/home/gun/ros2_ws/install/turtlesim_catch_them_all:/home/gun/ros2_ws/install/my_py_pkg:/home/gun/ros2_ws/install/actions_py:/opt/ros/humble /usr/bin/cmake --install /home/gun/ros2_ws/build/lecture2
