[100%] Built target cpp_node_test
[100%] Built target ament_cmake_python_copy_dummy_description
running egg_info
writing dummy_description.egg-info/PKG-INFO
writing dependency_links to dummy_description.egg-info/dependency_links.txt
writing top-level names to dummy_description.egg-info/top_level.txt
reading manifest file 'dummy_description.egg-info/SOURCES.txt'
writing manifest file 'dummy_description.egg-info/SOURCES.txt'
[100%] Built target ament_cmake_python_build_dummy_description_egg
-- Install configuration: ""
-- Up-to-date: /home/gun/ros2_ws/install/dummy_description/share/dummy_description/environment/pythonpath.sh
-- Up-to-date: /home/gun/ros2_ws/install/dummy_description/share/dummy_description/environment/pythonpath.dsv
-- Up-to-date: /home/gun/ros2_ws/install/dummy_description/local/lib/python3.10/dist-packages/dummy_description-0.0.0-py3.10.egg-info
-- Installing: /home/gun/ros2_ws/install/dummy_description/local/lib/python3.10/dist-packages/dummy_description-0.0.0-py3.10.egg-info/top_level.txt
-- Installing: /home/gun/ros2_ws/install/dummy_description/local/lib/python3.10/dist-packages/dummy_description-0.0.0-py3.10.egg-info/PKG-INFO
-- Installing: /home/gun/ros2_ws/install/dummy_description/local/lib/python3.10/dist-packages/dummy_description-0.0.0-py3.10.egg-info/SOURCES.txt
-- Installing: /home/gun/ros2_ws/install/dummy_description/local/lib/python3.10/dist-packages/dummy_description-0.0.0-py3.10.egg-info/dependency_links.txt
-- Up-to-date: /home/gun/ros2_ws/install/dummy_description/local/lib/python3.10/dist-packages/dummy_description
-- Up-to-date: /home/gun/ros2_ws/install/dummy_description/local/lib/python3.10/dist-packages/dummy_description/__init__.py
-- Up-to-date: /home/gun/ros2_ws/install/dummy_description/local/lib/python3.10/dist-packages/dummy_description/dummy_module.py
Listing '/home/gun/ros2_ws/install/dummy_description/local/lib/python3.10/dist-packages/dummy_description'...
-- Up-to-date: /home/gun/ros2_ws/install/dummy_description/lib/dummy_description/dummy_script.py
-- Up-to-date: /home/gun/ros2_ws/install/dummy_description/lib/dummy_description/cpp_node_test
-- Up-to-date: /home/gun/ros2_ws/install/dummy_description/share/dummy_description/config
-- Up-to-date: /home/gun/ros2_ws/install/dummy_description/share/dummy_description/config/example_controllers.yaml
-- Up-to-date: /home/gun/ros2_ws/install/dummy_description/share/dummy_description/launch
-- Up-to-date: /home/gun/ros2_ws/install/dummy_description/share/dummy_description/launch/dummy_robot.launch.py
-- Up-to-date: /home/gun/ros2_ws/install/dummy_description/share/dummy_description/launch/simple_display.launch.py
-- Up-to-date: /home/gun/ros2_ws/install/dummy_description/share/dummy_description/meshes
-- Up-to-date: /home/gun/ros2_ws/install/dummy_description/share/dummy_description/meshes/link_1.stl
-- Up-to-date: /home/gun/ros2_ws/install/dummy_description/share/dummy_description/meshes/link_3.stl
-- Up-to-date: /home/gun/ros2_ws/install/dummy_description/share/dummy_description/meshes/link_0.stl
-- Up-to-date: /home/gun/ros2_ws/install/dummy_description/share/dummy_description/meshes/end_effector.stl
-- Up-to-date: /home/gun/ros2_ws/install/dummy_description/share/dummy_description/meshes/link_2.stl
-- Up-to-date: /home/gun/ros2_ws/install/dummy_description/share/dummy_description/rviz
-- Up-to-date: /home/gun/ros2_ws/install/dummy_description/share/dummy_description/rviz/display.rviz
-- Up-to-date: /home/gun/ros2_ws/install/dummy_description/share/dummy_description/urdf
-- Up-to-date: /home/gun/ros2_ws/install/dummy_description/share/dummy_description/urdf/inertial_macros.xacro
-- Up-to-date: /home/gun/ros2_ws/install/dummy_description/share/dummy_description/urdf/my-robot.xacro
-- Up-to-date: /home/gun/ros2_ws/install/dummy_description/share/dummy_description/urdf/gazebo.xacro
-- Up-to-date: /home/gun/ros2_ws/install/dummy_description/share/ament_index/resource_index/package_run_dependencies/dummy_description
-- Up-to-date: /home/gun/ros2_ws/install/dummy_description/share/ament_index/resource_index/parent_prefix_path/dummy_description
-- Up-to-date: /home/gun/ros2_ws/install/dummy_description/share/dummy_description/environment/ament_prefix_path.sh
-- Up-to-date: /home/gun/ros2_ws/install/dummy_description/share/dummy_description/environment/ament_prefix_path.dsv
-- Up-to-date: /home/gun/ros2_ws/install/dummy_description/share/dummy_description/environment/path.sh
-- Up-to-date: /home/gun/ros2_ws/install/dummy_description/share/dummy_description/environment/path.dsv
-- Up-to-date: /home/gun/ros2_ws/install/dummy_description/share/dummy_description/local_setup.bash
-- Up-to-date: /home/gun/ros2_ws/install/dummy_description/share/dummy_description/local_setup.sh
-- Up-to-date: /home/gun/ros2_ws/install/dummy_description/share/dummy_description/local_setup.zsh
-- Up-to-date: /home/gun/ros2_ws/install/dummy_description/share/dummy_description/local_setup.dsv
-- Installing: /home/gun/ros2_ws/install/dummy_description/share/dummy_description/package.dsv
-- Up-to-date: /home/gun/ros2_ws/install/dummy_description/share/ament_index/resource_index/packages/dummy_description
-- Up-to-date: /home/gun/ros2_ws/install/dummy_description/share/dummy_description/cmake/dummy_descriptionConfig.cmake
-- Up-to-date: /home/gun/ros2_ws/install/dummy_description/share/dummy_description/cmake/dummy_descriptionConfig-version.cmake
-- Up-to-date: /home/gun/ros2_ws/install/dummy_description/share/dummy_description/package.xml
