[0.084s] Invoking command in '/home/gun/ros2_ws/build/my_controller': CMAKE_PREFIX_PATH=${CMAKE_PREFIX_PATH}:/home/gun/CARVER_WS/install/rtabmap_python:/home/gun/ros2_ws/install/turtlesim_catch_them_all:/home/gun/ros2_ws/install/my_py_pkg:/home/gun/ros2_ws/install/actions_py:/opt/ros/humble /usr/bin/cmake --build /home/gun/ros2_ws/build/my_controller -- -j8 -l8
[0.345s] [100%] Built target cpp_node_test
[0.381s] [100%] Built target ament_cmake_python_copy_my_controller
[1.814s] running egg_info
[1.941s] writing my_controller.egg-info/PKG-INFO
[1.944s] writing dependency_links to my_controller.egg-info/dependency_links.txt
[1.948s] writing top-level names to my_controller.egg-info/top_level.txt
[2.361s] reading manifest file 'my_controller.egg-info/SOURCES.txt'
[2.366s] writing manifest file 'my_controller.egg-info/SOURCES.txt'
[2.612s] [100%] Built target ament_cmake_python_build_my_controller_egg
[2.673s] Invoked command in '/home/gun/ros2_ws/build/my_controller' returned '0': CMAKE_PREFIX_PATH=${CMAKE_PREFIX_PATH}:/home/gun/CARVER_WS/install/rtabmap_python:/home/gun/ros2_ws/install/turtlesim_catch_them_all:/home/gun/ros2_ws/install/my_py_pkg:/home/gun/ros2_ws/install/actions_py:/opt/ros/humble /usr/bin/cmake --build /home/gun/ros2_ws/build/my_controller -- -j8 -l8
[2.718s] Invoking command in '/home/gun/ros2_ws/build/my_controller': CMAKE_PREFIX_PATH=${CMAKE_PREFIX_PATH}:/home/gun/CARVER_WS/install/rtabmap_python:/home/gun/ros2_ws/install/turtlesim_catch_them_all:/home/gun/ros2_ws/install/my_py_pkg:/home/gun/ros2_ws/install/actions_py:/opt/ros/humble /usr/bin/cmake --install /home/gun/ros2_ws/build/my_controller
[2.755s] -- Install configuration: ""
[2.755s] -- Up-to-date: /home/gun/ros2_ws/install/my_controller/share/my_controller/environment/pythonpath.sh
[2.756s] -- Up-to-date: /home/gun/ros2_ws/install/my_controller/share/my_controller/environment/pythonpath.dsv
[2.756s] -- Up-to-date: /home/gun/ros2_ws/install/my_controller/local/lib/python3.10/dist-packages/my_controller-0.0.0-py3.10.egg-info
[2.757s] -- Installing: /home/gun/ros2_ws/install/my_controller/local/lib/python3.10/dist-packages/my_controller-0.0.0-py3.10.egg-info/top_level.txt
[2.758s] -- Installing: /home/gun/ros2_ws/install/my_controller/local/lib/python3.10/dist-packages/my_controller-0.0.0-py3.10.egg-info/PKG-INFO
[2.759s] -- Installing: /home/gun/ros2_ws/install/my_controller/local/lib/python3.10/dist-packages/my_controller-0.0.0-py3.10.egg-info/SOURCES.txt
[2.760s] -- Installing: /home/gun/ros2_ws/install/my_controller/local/lib/python3.10/dist-packages/my_controller-0.0.0-py3.10.egg-info/dependency_links.txt
[2.761s] -- Up-to-date: /home/gun/ros2_ws/install/my_controller/local/lib/python3.10/dist-packages/my_controller
[2.762s] -- Up-to-date: /home/gun/ros2_ws/install/my_controller/local/lib/python3.10/dist-packages/my_controller/__init__.py
[2.763s] -- Up-to-date: /home/gun/ros2_ws/install/my_controller/local/lib/python3.10/dist-packages/my_controller/dummy_module.py
[3.019s] Listing '/home/gun/ros2_ws/install/my_controller/local/lib/python3.10/dist-packages/my_controller'...
[3.043s] -- Up-to-date: /home/gun/ros2_ws/install/my_controller/lib/my_controller/dummy_script.py
[3.045s] -- Up-to-date: /home/gun/ros2_ws/install/my_controller/lib/my_controller/diff_drive.py
[3.047s] -- Up-to-date: /home/gun/ros2_ws/install/my_controller/lib/my_controller/point_to_point_controller.py
[3.048s] -- Up-to-date: /home/gun/ros2_ws/install/my_controller/lib/my_controller/PotentialFieldPlot.py
[3.050s] -- Up-to-date: /home/gun/ros2_ws/install/my_controller/lib/my_controller/PotentialFieldStudent.py
[3.052s] -- Installing: /home/gun/ros2_ws/install/my_controller/lib/my_controller/PurePursuitNodeStudent.py
[3.053s] -- Up-to-date: /home/gun/ros2_ws/install/my_controller/lib/my_controller/VFFStudent.py
[3.056s] -- Up-to-date: /home/gun/ros2_ws/install/my_controller/lib/my_controller/cpp_node_test
[3.056s] -- Up-to-date: /home/gun/ros2_ws/install/my_controller/share/my_controller/my_controller
[3.057s] -- Up-to-date: /home/gun/ros2_ws/install/my_controller/share/my_controller/my_controller/__init__.py
[3.059s] -- Up-to-date: /home/gun/ros2_ws/install/my_controller/share/my_controller/my_controller/dummy_module.py
[3.062s] -- Up-to-date: /home/gun/ros2_ws/install/my_controller/share/my_controller/scripts
[3.062s] -- Installing: /home/gun/ros2_ws/install/my_controller/share/my_controller/scripts/PurePursuitNodeStudent.py
[3.062s] -- Up-to-date: /home/gun/ros2_ws/install/my_controller/share/my_controller/scripts/VFFStudent.py
[3.063s] -- Up-to-date: /home/gun/ros2_ws/install/my_controller/share/my_controller/scripts/dummy_script.py
[3.063s] -- Up-to-date: /home/gun/ros2_ws/install/my_controller/share/my_controller/scripts/PotentialFieldPlot.py
[3.063s] -- Up-to-date: /home/gun/ros2_ws/install/my_controller/share/my_controller/scripts/diff_drive.py
[3.063s] -- Up-to-date: /home/gun/ros2_ws/install/my_controller/share/my_controller/scripts/PotentialFieldStudent.py
[3.064s] -- Up-to-date: /home/gun/ros2_ws/install/my_controller/share/my_controller/scripts/point_to_point_controller.py
[3.064s] -- Up-to-date: /home/gun/ros2_ws/install/my_controller/share/ament_index/resource_index/package_run_dependencies/my_controller
[3.066s] -- Up-to-date: /home/gun/ros2_ws/install/my_controller/share/ament_index/resource_index/parent_prefix_path/my_controller
[3.067s] -- Up-to-date: /home/gun/ros2_ws/install/my_controller/share/my_controller/environment/ament_prefix_path.sh
[3.067s] -- Up-to-date: /home/gun/ros2_ws/install/my_controller/share/my_controller/environment/ament_prefix_path.dsv
[3.068s] -- Up-to-date: /home/gun/ros2_ws/install/my_controller/share/my_controller/environment/path.sh
[3.069s] -- Up-to-date: /home/gun/ros2_ws/install/my_controller/share/my_controller/environment/path.dsv
[3.070s] -- Up-to-date: /home/gun/ros2_ws/install/my_controller/share/my_controller/local_setup.bash
[3.070s] -- Up-to-date: /home/gun/ros2_ws/install/my_controller/share/my_controller/local_setup.sh
[3.071s] -- Up-to-date: /home/gun/ros2_ws/install/my_controller/share/my_controller/local_setup.zsh
[3.072s] -- Up-to-date: /home/gun/ros2_ws/install/my_controller/share/my_controller/local_setup.dsv
[3.073s] -- Installing: /home/gun/ros2_ws/install/my_controller/share/my_controller/package.dsv
[3.074s] -- Up-to-date: /home/gun/ros2_ws/install/my_controller/share/ament_index/resource_index/packages/my_controller
[3.075s] -- Up-to-date: /home/gun/ros2_ws/install/my_controller/share/my_controller/cmake/my_controllerConfig.cmake
[3.076s] -- Up-to-date: /home/gun/ros2_ws/install/my_controller/share/my_controller/cmake/my_controllerConfig-version.cmake
[3.077s] -- Up-to-date: /home/gun/ros2_ws/install/my_controller/share/my_controller/package.xml
[3.081s] Invoked command in '/home/gun/ros2_ws/build/my_controller' returned '0': CMAKE_PREFIX_PATH=${CMAKE_PREFIX_PATH}:/home/gun/CARVER_WS/install/rtabmap_python:/home/gun/ros2_ws/install/turtlesim_catch_them_all:/home/gun/ros2_ws/install/my_py_pkg:/home/gun/ros2_ws/install/actions_py:/opt/ros/humble /usr/bin/cmake --install /home/gun/ros2_ws/build/my_controller
