running egg_info
writing ../../build/my_py_pkg/my_py_pkg.egg-info/PKG-INFO
writing dependency_links to ../../build/my_py_pkg/my_py_pkg.egg-info/dependency_links.txt
writing entry points to ../../build/my_py_pkg/my_py_pkg.egg-info/entry_points.txt
writing requirements to ../../build/my_py_pkg/my_py_pkg.egg-info/requires.txt
writing top-level names to ../../build/my_py_pkg/my_py_pkg.egg-info/top_level.txt
reading manifest file '../../build/my_py_pkg/my_py_pkg.egg-info/SOURCES.txt'
writing manifest file '../../build/my_py_pkg/my_py_pkg.egg-info/SOURCES.txt'
running build
running build_py
copying my_py_pkg/hw_status_publisher.py -> /home/gun/ros2_ws/build/my_py_pkg/build/lib/my_py_pkg
copying my_py_pkg/template_python_node.py -> /home/gun/ros2_ws/build/my_py_pkg/build/lib/my_py_pkg
copying my_py_pkg/__init__.py -> /home/gun/ros2_ws/build/my_py_pkg/build/lib/my_py_pkg
copying my_py_pkg/led_panel_server.py -> /home/gun/ros2_ws/build/my_py_pkg/build/lib/my_py_pkg
copying my_py_pkg/add_two_ints_client.py -> /home/gun/ros2_ws/build/my_py_pkg/build/lib/my_py_pkg
copying my_py_pkg/number_counter.py -> /home/gun/ros2_ws/build/my_py_pkg/build/lib/my_py_pkg
copying my_py_pkg/add_two_ints_server.py -> /home/gun/ros2_ws/build/my_py_pkg/build/lib/my_py_pkg
copying my_py_pkg/compute_rectangle_area.py -> /home/gun/ros2_ws/build/my_py_pkg/build/lib/my_py_pkg
copying my_py_pkg/my_first_node.py -> /home/gun/ros2_ws/build/my_py_pkg/build/lib/my_py_pkg
copying my_py_pkg/battery_client.py -> /home/gun/ros2_ws/build/my_py_pkg/build/lib/my_py_pkg
copying my_py_pkg/robot_news_station_publish.py -> /home/gun/ros2_ws/build/my_py_pkg/build/lib/my_py_pkg
copying my_py_pkg/smartphone_subscribe.py -> /home/gun/ros2_ws/build/my_py_pkg/build/lib/my_py_pkg
copying my_py_pkg/number_publisher.py -> /home/gun/ros2_ws/build/my_py_pkg/build/lib/my_py_pkg
copying my_py_pkg/add_two_ints_client_no_oop.py -> /home/gun/ros2_ws/build/my_py_pkg/build/lib/my_py_pkg
running install
running install_lib
running install_data
copying resource/my_py_pkg -> /home/gun/ros2_ws/install/my_py_pkg/share/ament_index/resource_index/packages
copying package.xml -> /home/gun/ros2_ws/install/my_py_pkg/share/my_py_pkg
running install_egg_info
removing '/home/gun/ros2_ws/install/my_py_pkg/lib/python3.10/site-packages/my_py_pkg-0.0.0-py3.10.egg-info' (and everything under it)
Copying ../../build/my_py_pkg/my_py_pkg.egg-info to /home/gun/ros2_ws/install/my_py_pkg/lib/python3.10/site-packages/my_py_pkg-0.0.0-py3.10.egg-info
running install_scripts
Installing add_two_ints_client script to /home/gun/ros2_ws/install/my_py_pkg/lib/my_py_pkg
Installing add_two_ints_client_no_oop script to /home/gun/ros2_ws/install/my_py_pkg/lib/my_py_pkg
Installing add_two_ints_server script to /home/gun/ros2_ws/install/my_py_pkg/lib/my_py_pkg
Installing battery_client script to /home/gun/ros2_ws/install/my_py_pkg/lib/my_py_pkg
Installing compute_rectangle_area script to /home/gun/ros2_ws/install/my_py_pkg/lib/my_py_pkg
Installing hw_status_publisher script to /home/gun/ros2_ws/install/my_py_pkg/lib/my_py_pkg
Installing led_panel_server script to /home/gun/ros2_ws/install/my_py_pkg/lib/my_py_pkg
Installing number_counter script to /home/gun/ros2_ws/install/my_py_pkg/lib/my_py_pkg
Installing number_publisher script to /home/gun/ros2_ws/install/my_py_pkg/lib/my_py_pkg
Installing py_node script to /home/gun/ros2_ws/install/my_py_pkg/lib/my_py_pkg
Installing robot_news_station script to /home/gun/ros2_ws/install/my_py_pkg/lib/my_py_pkg
Installing smartphone script to /home/gun/ros2_ws/install/my_py_pkg/lib/my_py_pkg
writing list of installed files to '/home/gun/ros2_ws/build/my_py_pkg/install.log'
