[0.084s] Invoking command in '/home/gun/ros2_ws/build/my_bot': CMAKE_PREFIX_PATH=${CMAKE_PREFIX_PATH}:/home/gun/CARVER_WS/install/rtabmap_python:/home/gun/ros2_ws/install/turtlesim_catch_them_all:/home/gun/ros2_ws/install/my_py_pkg:/home/gun/ros2_ws/install/actions_py:/opt/ros/humble /usr/bin/cmake /home/gun/ros2_ws/src/MobileRobotics2025/my_bot -DCMAKE_INSTALL_PREFIX=/home/gun/ros2_ws/install/my_bot
[0.196s] -- The C compiler identification is GNU 11.4.0
[0.339s] -- The CXX compiler identification is GNU 11.4.0
[0.370s] -- Detecting C compiler ABI info
[0.510s] -- Detecting C compiler ABI info - done
[0.530s] -- Check for working C compiler: /usr/bin/cc - skipped
[0.530s] -- Detecting C compile features
[0.532s] -- Detecting C compile features - done
[0.537s] -- Detecting CXX compiler ABI info
[0.663s] -- Detecting CXX compiler ABI info - done
[0.674s] -- Check for working CXX compiler: /usr/bin/c++ - skipped
[0.677s] -- Detecting CXX compile features
[0.677s] -- Detecting CXX compile features - done
[0.694s] -- Found ament_cmake: 1.3.11 (/opt/ros/humble/share/ament_cmake/cmake)
[1.379s] -- Found Python3: /usr/bin/python3 (found version "3.10.12") found components: Interpreter 
[1.593s] -- Found ament_lint_auto: 0.12.11 (/opt/ros/humble/share/ament_lint_auto/cmake)
[1.805s] -- Added test 'copyright' to check source files copyright and LICENSE
[1.806s] -- Added test 'flake8' to check Python code syntax and style conventions
[1.806s] -- Added test 'lint_cmake' to check CMake code style
[1.810s] -- Added test 'pep257' to check Python code against some of the docstring style conventions in PEP 257
[1.814s] -- Added test 'xmllint' to check XML markup files
[1.826s] -- Configuring done
[1.826s] -- Generating done
[1.826s] -- Build files have been written to: /home/gun/ros2_ws/build/my_bot
[1.834s] Invoked command in '/home/gun/ros2_ws/build/my_bot' returned '0': CMAKE_PREFIX_PATH=${CMAKE_PREFIX_PATH}:/home/gun/CARVER_WS/install/rtabmap_python:/home/gun/ros2_ws/install/turtlesim_catch_them_all:/home/gun/ros2_ws/install/my_py_pkg:/home/gun/ros2_ws/install/actions_py:/opt/ros/humble /usr/bin/cmake /home/gun/ros2_ws/src/MobileRobotics2025/my_bot -DCMAKE_INSTALL_PREFIX=/home/gun/ros2_ws/install/my_bot
[1.837s] Invoking command in '/home/gun/ros2_ws/build/my_bot': CMAKE_PREFIX_PATH=${CMAKE_PREFIX_PATH}:/home/gun/CARVER_WS/install/rtabmap_python:/home/gun/ros2_ws/install/turtlesim_catch_them_all:/home/gun/ros2_ws/install/my_py_pkg:/home/gun/ros2_ws/install/actions_py:/opt/ros/humble /usr/bin/cmake --build /home/gun/ros2_ws/build/my_bot -- -j8 -l8
[2.302s] Invoked command in '/home/gun/ros2_ws/build/my_bot' returned '0': CMAKE_PREFIX_PATH=${CMAKE_PREFIX_PATH}:/home/gun/CARVER_WS/install/rtabmap_python:/home/gun/ros2_ws/install/turtlesim_catch_them_all:/home/gun/ros2_ws/install/my_py_pkg:/home/gun/ros2_ws/install/actions_py:/opt/ros/humble /usr/bin/cmake --build /home/gun/ros2_ws/build/my_bot -- -j8 -l8
[2.306s] Invoking command in '/home/gun/ros2_ws/build/my_bot': CMAKE_PREFIX_PATH=${CMAKE_PREFIX_PATH}:/home/gun/CARVER_WS/install/rtabmap_python:/home/gun/ros2_ws/install/turtlesim_catch_them_all:/home/gun/ros2_ws/install/my_py_pkg:/home/gun/ros2_ws/install/actions_py:/opt/ros/humble /usr/bin/cmake --install /home/gun/ros2_ws/build/my_bot
[2.314s] -- Install configuration: ""
[2.314s] -- Installing: /home/gun/ros2_ws/install/my_bot/share/my_bot/config
[2.315s] -- Installing: /home/gun/ros2_ws/install/my_bot/share/my_bot/config/example_controllers.yaml
[2.315s] -- Installing: /home/gun/ros2_ws/install/my_bot/share/my_bot/config/empty.yaml
[2.315s] -- Installing: /home/gun/ros2_ws/install/my_bot/share/my_bot/description
[2.315s] -- Installing: /home/gun/ros2_ws/install/my_bot/share/my_bot/description/robot.urdf.xacro
[2.316s] -- Installing: /home/gun/ros2_ws/install/my_bot/share/my_bot/description/inertial_macros.xacro
[2.316s] -- Installing: /home/gun/ros2_ws/install/my_bot/share/my_bot/description/gazebo_control.xacro
[2.316s] -- Installing: /home/gun/ros2_ws/install/my_bot/share/my_bot/description/manipulator.xacro
[2.316s] -- Installing: /home/gun/ros2_ws/install/my_bot/share/my_bot/description/robot_core.urdf.xacro
[2.316s] -- Installing: /home/gun/ros2_ws/install/my_bot/share/my_bot/description/lidar.xacro
[2.317s] -- Installing: /home/gun/ros2_ws/install/my_bot/share/my_bot/description/gazebo.xacro
[2.317s] -- Installing: /home/gun/ros2_ws/install/my_bot/share/my_bot/description/camera.xacro
[2.317s] -- Installing: /home/gun/ros2_ws/install/my_bot/share/my_bot/launch
[2.317s] -- Installing: /home/gun/ros2_ws/install/my_bot/share/my_bot/launch/rsp.launch.py
[2.317s] -- Installing: /home/gun/ros2_ws/install/my_bot/share/my_bot/launch/sim.launch.py
[2.317s] -- Installing: /home/gun/ros2_ws/install/my_bot/share/my_bot/worlds
[2.317s] -- Installing: /home/gun/ros2_ws/install/my_bot/share/my_bot/worlds/empty.world
[2.318s] -- Installing: /home/gun/ros2_ws/install/my_bot/share/my_bot/rviz
[2.318s] -- Installing: /home/gun/ros2_ws/install/my_bot/share/my_bot/rviz/gazebo.rviz
[2.318s] -- Installing: /home/gun/ros2_ws/install/my_bot/share/my_bot/meshes
[2.318s] -- Installing: /home/gun/ros2_ws/install/my_bot/share/my_bot/meshes/link_1.stl
[2.318s] -- Installing: /home/gun/ros2_ws/install/my_bot/share/my_bot/meshes/link_3.stl
[2.318s] -- Installing: /home/gun/ros2_ws/install/my_bot/share/my_bot/meshes/link_0.stl
[2.318s] -- Installing: /home/gun/ros2_ws/install/my_bot/share/my_bot/meshes/end_effector.stl
[2.318s] -- Installing: /home/gun/ros2_ws/install/my_bot/share/my_bot/meshes/link_2.stl
[2.319s] -- Installing: /home/gun/ros2_ws/install/my_bot/share/ament_index/resource_index/package_run_dependencies/my_bot
[2.319s] -- Installing: /home/gun/ros2_ws/install/my_bot/share/ament_index/resource_index/parent_prefix_path/my_bot
[2.319s] -- Installing: /home/gun/ros2_ws/install/my_bot/share/my_bot/environment/ament_prefix_path.sh
[2.319s] -- Installing: /home/gun/ros2_ws/install/my_bot/share/my_bot/environment/ament_prefix_path.dsv
[2.319s] -- Installing: /home/gun/ros2_ws/install/my_bot/share/my_bot/environment/path.sh
[2.319s] -- Installing: /home/gun/ros2_ws/install/my_bot/share/my_bot/environment/path.dsv
[2.320s] -- Installing: /home/gun/ros2_ws/install/my_bot/share/my_bot/local_setup.bash
[2.320s] -- Installing: /home/gun/ros2_ws/install/my_bot/share/my_bot/local_setup.sh
[2.320s] -- Installing: /home/gun/ros2_ws/install/my_bot/share/my_bot/local_setup.zsh
[2.320s] -- Installing: /home/gun/ros2_ws/install/my_bot/share/my_bot/local_setup.dsv
[2.320s] -- Installing: /home/gun/ros2_ws/install/my_bot/share/my_bot/package.dsv
[2.320s] -- Installing: /home/gun/ros2_ws/install/my_bot/share/ament_index/resource_index/packages/my_bot
[2.321s] -- Installing: /home/gun/ros2_ws/install/my_bot/share/my_bot/cmake/my_botConfig.cmake
[2.321s] -- Installing: /home/gun/ros2_ws/install/my_bot/share/my_bot/cmake/my_botConfig-version.cmake
[2.321s] -- Installing: /home/gun/ros2_ws/install/my_bot/share/my_bot/package.xml
[2.326s] Invoked command in '/home/gun/ros2_ws/build/my_bot' returned '0': CMAKE_PREFIX_PATH=${CMAKE_PREFIX_PATH}:/home/gun/CARVER_WS/install/rtabmap_python:/home/gun/ros2_ws/install/turtlesim_catch_them_all:/home/gun/ros2_ws/install/my_py_pkg:/home/gun/ros2_ws/install/actions_py:/opt/ros/humble /usr/bin/cmake --install /home/gun/ros2_ws/build/my_bot
