-- Found ament_cmake: 1.3.11 (/opt/ros/humble/share/ament_cmake/cmake)
-- Found rclcpp: 16.0.11 (/opt/ros/humble/share/rclcpp/cmake)
-- Found rosidl_generator_c: 3.1.6 (/opt/ros/humble/share/rosidl_generator_c/cmake)
-- Found rosidl_adapter: 3.1.6 (/opt/ros/humble/share/rosidl_adapter/cmake)
-- Found rosidl_generator_cpp: 3.1.6 (/opt/ros/humble/share/rosidl_generator_cpp/cmake)
-- Using all available rosidl_typesupport_c: rosidl_typesupport_fastrtps_c;rosidl_typesupport_introspection_c
-- Using all available rosidl_typesupport_cpp: rosidl_typesupport_fastrtps_cpp;rosidl_typesupport_introspection_cpp
-- Found rmw_implementation_cmake: 6.1.2 (/opt/ros/humble/share/rmw_implementation_cmake/cmake)
-- Found rmw_cyclonedds_cpp: 1.3.4 (/opt/ros/humble/share/rmw_cyclonedds_cpp/cmake)
-- Using RMW implementation 'rmw_cyclonedds_cpp' as default
-- Found rclpy: 3.3.15 (/opt/ros/humble/share/rclpy/cmake)
-- Configuring done
-- Generating done
-- Build files have been written to: /home/gun/ros2_ws/build/my_controller
[35m[1mConsolidate compiler generated dependencies of target cpp_node_test[0m
[100%] Built target cpp_node_test
[100%] Built target ament_cmake_python_copy_my_controller
running egg_info
writing my_controller.egg-info/PKG-INFO
writing dependency_links to my_controller.egg-info/dependency_links.txt
writing top-level names to my_controller.egg-info/top_level.txt
reading manifest file 'my_controller.egg-info/SOURCES.txt'
writing manifest file 'my_controller.egg-info/SOURCES.txt'
[100%] Built target ament_cmake_python_build_my_controller_egg
-- Install configuration: ""
-- Up-to-date: /home/gun/ros2_ws/install/my_controller/share/my_controller/environment/pythonpath.sh
-- Installing: /home/gun/ros2_ws/install/my_controller/share/my_controller/environment/pythonpath.dsv
-- Up-to-date: /home/gun/ros2_ws/install/my_controller/local/lib/python3.10/dist-packages/my_controller-0.0.0-py3.10.egg-info
-- Installing: /home/gun/ros2_ws/install/my_controller/local/lib/python3.10/dist-packages/my_controller-0.0.0-py3.10.egg-info/top_level.txt
-- Installing: /home/gun/ros2_ws/install/my_controller/local/lib/python3.10/dist-packages/my_controller-0.0.0-py3.10.egg-info/PKG-INFO
-- Installing: /home/gun/ros2_ws/install/my_controller/local/lib/python3.10/dist-packages/my_controller-0.0.0-py3.10.egg-info/SOURCES.txt
-- Installing: /home/gun/ros2_ws/install/my_controller/local/lib/python3.10/dist-packages/my_controller-0.0.0-py3.10.egg-info/dependency_links.txt
-- Up-to-date: /home/gun/ros2_ws/install/my_controller/local/lib/python3.10/dist-packages/my_controller
-- Up-to-date: /home/gun/ros2_ws/install/my_controller/local/lib/python3.10/dist-packages/my_controller/__init__.py
-- Up-to-date: /home/gun/ros2_ws/install/my_controller/local/lib/python3.10/dist-packages/my_controller/dummy_module.py
Listing '/home/gun/ros2_ws/install/my_controller/local/lib/python3.10/dist-packages/my_controller'...
-- Up-to-date: /home/gun/ros2_ws/install/my_controller/lib/my_controller/dummy_script.py
-- Up-to-date: /home/gun/ros2_ws/install/my_controller/lib/my_controller/diff_drive.py
-- Up-to-date: /home/gun/ros2_ws/install/my_controller/lib/my_controller/point_to_point_controller.py
-- Up-to-date: /home/gun/ros2_ws/install/my_controller/lib/my_controller/PotentialFieldPlot.py
-- Up-to-date: /home/gun/ros2_ws/install/my_controller/lib/my_controller/PotentialFieldStudent.py
-- Installing: /home/gun/ros2_ws/install/my_controller/lib/my_controller/PurePursuitNodeStudent.py
-- Installing: /home/gun/ros2_ws/install/my_controller/lib/my_controller/VFFStudent.py
-- Up-to-date: /home/gun/ros2_ws/install/my_controller/lib/my_controller/cpp_node_test
-- Up-to-date: /home/gun/ros2_ws/install/my_controller/share/my_controller/my_controller
-- Up-to-date: /home/gun/ros2_ws/install/my_controller/share/my_controller/my_controller/__init__.py
-- Up-to-date: /home/gun/ros2_ws/install/my_controller/share/my_controller/my_controller/dummy_module.py
-- Up-to-date: /home/gun/ros2_ws/install/my_controller/share/my_controller/scripts
-- Installing: /home/gun/ros2_ws/install/my_controller/share/my_controller/scripts/PurePursuitNodeStudent.py
-- Installing: /home/gun/ros2_ws/install/my_controller/share/my_controller/scripts/VFFStudent.py
-- Up-to-date: /home/gun/ros2_ws/install/my_controller/share/my_controller/scripts/dummy_script.py
-- Up-to-date: /home/gun/ros2_ws/install/my_controller/share/my_controller/scripts/PotentialFieldPlot.py
-- Up-to-date: /home/gun/ros2_ws/install/my_controller/share/my_controller/scripts/diff_drive.py
-- Up-to-date: /home/gun/ros2_ws/install/my_controller/share/my_controller/scripts/PotentialFieldStudent.py
-- Up-to-date: /home/gun/ros2_ws/install/my_controller/share/my_controller/scripts/point_to_point_controller.py
-- Up-to-date: /home/gun/ros2_ws/install/my_controller/share/ament_index/resource_index/package_run_dependencies/my_controller
-- Up-to-date: /home/gun/ros2_ws/install/my_controller/share/ament_index/resource_index/parent_prefix_path/my_controller
-- Up-to-date: /home/gun/ros2_ws/install/my_controller/share/my_controller/environment/ament_prefix_path.sh
-- Installing: /home/gun/ros2_ws/install/my_controller/share/my_controller/environment/ament_prefix_path.dsv
-- Up-to-date: /home/gun/ros2_ws/install/my_controller/share/my_controller/environment/path.sh
-- Installing: /home/gun/ros2_ws/install/my_controller/share/my_controller/environment/path.dsv
-- Up-to-date: /home/gun/ros2_ws/install/my_controller/share/my_controller/local_setup.bash
-- Up-to-date: /home/gun/ros2_ws/install/my_controller/share/my_controller/local_setup.sh
-- Up-to-date: /home/gun/ros2_ws/install/my_controller/share/my_controller/local_setup.zsh
-- Installing: /home/gun/ros2_ws/install/my_controller/share/my_controller/local_setup.dsv
-- Installing: /home/gun/ros2_ws/install/my_controller/share/my_controller/package.dsv
-- Up-to-date: /home/gun/ros2_ws/install/my_controller/share/ament_index/resource_index/packages/my_controller
-- Up-to-date: /home/gun/ros2_ws/install/my_controller/share/my_controller/cmake/my_controllerConfig.cmake
-- Up-to-date: /home/gun/ros2_ws/install/my_controller/share/my_controller/cmake/my_controllerConfig-version.cmake
-- Up-to-date: /home/gun/ros2_ws/install/my_controller/share/my_controller/package.xml
