[0.092s] Invoking command in '/home/gun/ros2_ws/build/my_controller': CMAKE_PREFIX_PATH=${CMAKE_PREFIX_PATH}:/home/gun/CARVER_WS/install/rtabmap_python:/home/gun/ros2_ws/install/turtlesim_catch_them_all:/home/gun/ros2_ws/install/my_py_pkg:/home/gun/ros2_ws/install/actions_py:/opt/ros/humble /usr/bin/cmake --build /home/gun/ros2_ws/build/my_controller -- -j8 -l8
[0.210s] -- Found ament_cmake: 1.3.11 (/opt/ros/humble/share/ament_cmake/cmake)
[1.079s] -- Found rclcpp: 16.0.11 (/opt/ros/humble/share/rclcpp/cmake)
[1.205s] -- Found rosidl_generator_c: 3.1.6 (/opt/ros/humble/share/rosidl_generator_c/cmake)
[1.223s] -- Found rosidl_adapter: 3.1.6 (/opt/ros/humble/share/rosidl_adapter/cmake)
[1.250s] -- Found rosidl_generator_cpp: 3.1.6 (/opt/ros/humble/share/rosidl_generator_cpp/cmake)
[1.315s] -- Using all available rosidl_typesupport_c: rosidl_typesupport_fastrtps_c;rosidl_typesupport_introspection_c
[1.399s] -- Using all available rosidl_typesupport_cpp: rosidl_typesupport_fastrtps_cpp;rosidl_typesupport_introspection_cpp
[1.573s] -- Found rmw_implementation_cmake: 6.1.2 (/opt/ros/humble/share/rmw_implementation_cmake/cmake)
[1.589s] -- Found rmw_cyclonedds_cpp: 1.3.4 (/opt/ros/humble/share/rmw_cyclonedds_cpp/cmake)
[1.677s] -- Using RMW implementation 'rmw_cyclonedds_cpp' as default
[1.895s] -- Found rclpy: 3.3.15 (/opt/ros/humble/share/rclpy/cmake)
[2.875s] -- Configuring done
[2.912s] -- Generating done
[2.927s] -- Build files have been written to: /home/gun/ros2_ws/build/my_controller
[3.044s] [35m[1mConsolidate compiler generated dependencies of target cpp_node_test[0m
[3.098s] [100%] Built target cpp_node_test
[3.131s] [100%] Built target ament_cmake_python_copy_my_controller
[4.737s] running egg_info
[4.900s] writing my_controller.egg-info/PKG-INFO
[4.902s] writing dependency_links to my_controller.egg-info/dependency_links.txt
[4.905s] writing top-level names to my_controller.egg-info/top_level.txt
[5.376s] reading manifest file 'my_controller.egg-info/SOURCES.txt'
[5.380s] writing manifest file 'my_controller.egg-info/SOURCES.txt'
[5.575s] [100%] Built target ament_cmake_python_build_my_controller_egg
[5.620s] Invoked command in '/home/gun/ros2_ws/build/my_controller' returned '0': CMAKE_PREFIX_PATH=${CMAKE_PREFIX_PATH}:/home/gun/CARVER_WS/install/rtabmap_python:/home/gun/ros2_ws/install/turtlesim_catch_them_all:/home/gun/ros2_ws/install/my_py_pkg:/home/gun/ros2_ws/install/actions_py:/opt/ros/humble /usr/bin/cmake --build /home/gun/ros2_ws/build/my_controller -- -j8 -l8
[5.669s] Invoking command in '/home/gun/ros2_ws/build/my_controller': CMAKE_PREFIX_PATH=${CMAKE_PREFIX_PATH}:/home/gun/CARVER_WS/install/rtabmap_python:/home/gun/ros2_ws/install/turtlesim_catch_them_all:/home/gun/ros2_ws/install/my_py_pkg:/home/gun/ros2_ws/install/actions_py:/opt/ros/humble /usr/bin/cmake --install /home/gun/ros2_ws/build/my_controller
[5.703s] -- Install configuration: ""
[5.704s] -- Up-to-date: /home/gun/ros2_ws/install/my_controller/share/my_controller/environment/pythonpath.sh
[5.704s] -- Installing: /home/gun/ros2_ws/install/my_controller/share/my_controller/environment/pythonpath.dsv
[5.706s] -- Up-to-date: /home/gun/ros2_ws/install/my_controller/local/lib/python3.10/dist-packages/my_controller-0.0.0-py3.10.egg-info
[5.708s] -- Installing: /home/gun/ros2_ws/install/my_controller/local/lib/python3.10/dist-packages/my_controller-0.0.0-py3.10.egg-info/top_level.txt
[5.709s] -- Installing: /home/gun/ros2_ws/install/my_controller/local/lib/python3.10/dist-packages/my_controller-0.0.0-py3.10.egg-info/PKG-INFO
[5.710s] -- Installing: /home/gun/ros2_ws/install/my_controller/local/lib/python3.10/dist-packages/my_controller-0.0.0-py3.10.egg-info/SOURCES.txt
[5.711s] -- Installing: /home/gun/ros2_ws/install/my_controller/local/lib/python3.10/dist-packages/my_controller-0.0.0-py3.10.egg-info/dependency_links.txt
[5.711s] -- Up-to-date: /home/gun/ros2_ws/install/my_controller/local/lib/python3.10/dist-packages/my_controller
[5.712s] -- Up-to-date: /home/gun/ros2_ws/install/my_controller/local/lib/python3.10/dist-packages/my_controller/__init__.py
[5.712s] -- Up-to-date: /home/gun/ros2_ws/install/my_controller/local/lib/python3.10/dist-packages/my_controller/dummy_module.py
[5.971s] Listing '/home/gun/ros2_ws/install/my_controller/local/lib/python3.10/dist-packages/my_controller'...
[6.002s] -- Up-to-date: /home/gun/ros2_ws/install/my_controller/lib/my_controller/dummy_script.py
[6.002s] -- Up-to-date: /home/gun/ros2_ws/install/my_controller/lib/my_controller/diff_drive.py
[6.004s] -- Up-to-date: /home/gun/ros2_ws/install/my_controller/lib/my_controller/point_to_point_controller.py
[6.005s] -- Up-to-date: /home/gun/ros2_ws/install/my_controller/lib/my_controller/PotentialFieldPlot.py
[6.006s] -- Up-to-date: /home/gun/ros2_ws/install/my_controller/lib/my_controller/PotentialFieldStudent.py
[6.007s] -- Installing: /home/gun/ros2_ws/install/my_controller/lib/my_controller/PurePursuitNodeStudent.py
[6.008s] -- Installing: /home/gun/ros2_ws/install/my_controller/lib/my_controller/VFFStudent.py
[6.008s] -- Up-to-date: /home/gun/ros2_ws/install/my_controller/lib/my_controller/cpp_node_test
[6.008s] -- Up-to-date: /home/gun/ros2_ws/install/my_controller/share/my_controller/my_controller
[6.009s] -- Up-to-date: /home/gun/ros2_ws/install/my_controller/share/my_controller/my_controller/__init__.py
[6.009s] -- Up-to-date: /home/gun/ros2_ws/install/my_controller/share/my_controller/my_controller/dummy_module.py
[6.009s] -- Up-to-date: /home/gun/ros2_ws/install/my_controller/share/my_controller/scripts
[6.010s] -- Installing: /home/gun/ros2_ws/install/my_controller/share/my_controller/scripts/PurePursuitNodeStudent.py
[6.011s] -- Installing: /home/gun/ros2_ws/install/my_controller/share/my_controller/scripts/VFFStudent.py
[6.013s] -- Up-to-date: /home/gun/ros2_ws/install/my_controller/share/my_controller/scripts/dummy_script.py
[6.015s] -- Up-to-date: /home/gun/ros2_ws/install/my_controller/share/my_controller/scripts/PotentialFieldPlot.py
[6.016s] -- Up-to-date: /home/gun/ros2_ws/install/my_controller/share/my_controller/scripts/diff_drive.py
[6.016s] -- Up-to-date: /home/gun/ros2_ws/install/my_controller/share/my_controller/scripts/PotentialFieldStudent.py
[6.017s] -- Up-to-date: /home/gun/ros2_ws/install/my_controller/share/my_controller/scripts/point_to_point_controller.py
[6.018s] -- Up-to-date: /home/gun/ros2_ws/install/my_controller/share/ament_index/resource_index/package_run_dependencies/my_controller
[6.019s] -- Up-to-date: /home/gun/ros2_ws/install/my_controller/share/ament_index/resource_index/parent_prefix_path/my_controller
[6.020s] -- Up-to-date: /home/gun/ros2_ws/install/my_controller/share/my_controller/environment/ament_prefix_path.sh
[6.021s] -- Installing: /home/gun/ros2_ws/install/my_controller/share/my_controller/environment/ament_prefix_path.dsv
[6.022s] -- Up-to-date: /home/gun/ros2_ws/install/my_controller/share/my_controller/environment/path.sh
[6.023s] -- Installing: /home/gun/ros2_ws/install/my_controller/share/my_controller/environment/path.dsv
[6.024s] -- Up-to-date: /home/gun/ros2_ws/install/my_controller/share/my_controller/local_setup.bash
[6.025s] -- Up-to-date: /home/gun/ros2_ws/install/my_controller/share/my_controller/local_setup.sh
[6.026s] -- Up-to-date: /home/gun/ros2_ws/install/my_controller/share/my_controller/local_setup.zsh
[6.027s] -- Installing: /home/gun/ros2_ws/install/my_controller/share/my_controller/local_setup.dsv
[6.029s] -- Installing: /home/gun/ros2_ws/install/my_controller/share/my_controller/package.dsv
[6.029s] -- Up-to-date: /home/gun/ros2_ws/install/my_controller/share/ament_index/resource_index/packages/my_controller
[6.029s] -- Up-to-date: /home/gun/ros2_ws/install/my_controller/share/my_controller/cmake/my_controllerConfig.cmake
[6.030s] -- Up-to-date: /home/gun/ros2_ws/install/my_controller/share/my_controller/cmake/my_controllerConfig-version.cmake
[6.030s] -- Up-to-date: /home/gun/ros2_ws/install/my_controller/share/my_controller/package.xml
[6.032s] Invoked command in '/home/gun/ros2_ws/build/my_controller' returned '0': CMAKE_PREFIX_PATH=${CMAKE_PREFIX_PATH}:/home/gun/CARVER_WS/install/rtabmap_python:/home/gun/ros2_ws/install/turtlesim_catch_them_all:/home/gun/ros2_ws/install/my_py_pkg:/home/gun/ros2_ws/install/actions_py:/opt/ros/humble /usr/bin/cmake --install /home/gun/ros2_ws/build/my_controller
