[0.091s] Invoking command in '/home/gun/ros2_ws/build/my_robot_interfaces': CMAKE_PREFIX_PATH=${CMAKE_PREFIX_PATH}:/home/gun/CARVER_WS/install/rtabmap_python:/home/gun/ros2_ws/install/turtlesim_catch_them_all:/home/gun/ros2_ws/install/my_py_pkg:/home/gun/ros2_ws/install/actions_py:/opt/ros/humble /usr/bin/cmake --build /home/gun/ros2_ws/build/my_robot_interfaces -- -j8 -l8
[0.199s] [  1%] Built target my_robot_interfaces__cpp
[0.216s] [ 12%] Built target my_robot_interfaces__rosidl_generator_c
[0.275s] [ 12%] Built target ament_cmake_python_copy_my_robot_interfaces
[0.309s] [ 24%] Built target my_robot_interfaces__rosidl_typesupport_fastrtps_cpp
[0.333s] [ 35%] Built target my_robot_interfaces__rosidl_typesupport_cpp
[0.338s] [ 47%] Built target my_robot_interfaces__rosidl_typesupport_introspection_c
[0.338s] [ 58%] Built target my_robot_interfaces__rosidl_typesupport_c
[0.338s] [ 70%] Built target my_robot_interfaces__rosidl_typesupport_fastrtps_c
[0.357s] [ 82%] Built target my_robot_interfaces__rosidl_typesupport_introspection_cpp
[0.430s] [ 82%] Built target my_robot_interfaces
[0.489s] [ 83%] Built target my_robot_interfaces__py
[0.546s] [ 93%] Built target my_robot_interfaces__rosidl_generator_py
[0.628s] [ 95%] Built target my_robot_interfaces__rosidl_typesupport_fastrtps_c__pyext
[0.635s] [ 97%] Built target my_robot_interfaces__rosidl_typesupport_introspection_c__pyext
[0.645s] [100%] Built target my_robot_interfaces__rosidl_typesupport_c__pyext
[0.848s] running egg_info
[0.885s] writing my_robot_interfaces.egg-info/PKG-INFO
[0.886s] writing dependency_links to my_robot_interfaces.egg-info/dependency_links.txt
[0.886s] writing top-level names to my_robot_interfaces.egg-info/top_level.txt
[1.000s] reading manifest file 'my_robot_interfaces.egg-info/SOURCES.txt'
[1.002s] writing manifest file 'my_robot_interfaces.egg-info/SOURCES.txt'
[1.076s] [100%] Built target ament_cmake_python_build_my_robot_interfaces_egg
[1.105s] Invoked command in '/home/gun/ros2_ws/build/my_robot_interfaces' returned '0': CMAKE_PREFIX_PATH=${CMAKE_PREFIX_PATH}:/home/gun/CARVER_WS/install/rtabmap_python:/home/gun/ros2_ws/install/turtlesim_catch_them_all:/home/gun/ros2_ws/install/my_py_pkg:/home/gun/ros2_ws/install/actions_py:/opt/ros/humble /usr/bin/cmake --build /home/gun/ros2_ws/build/my_robot_interfaces -- -j8 -l8
[1.490s] Invoking command in '/home/gun/ros2_ws/build/my_robot_interfaces': CMAKE_PREFIX_PATH=${CMAKE_PREFIX_PATH}:/home/gun/CARVER_WS/install/rtabmap_python:/home/gun/ros2_ws/install/turtlesim_catch_them_all:/home/gun/ros2_ws/install/my_py_pkg:/home/gun/ros2_ws/install/actions_py:/opt/ros/humble /usr/bin/cmake --install /home/gun/ros2_ws/build/my_robot_interfaces
[1.565s] -- Install configuration: ""
[1.565s] -- Up-to-date: /home/gun/ros2_ws/install/my_robot_interfaces/share/ament_index/resource_index/rosidl_interfaces/my_robot_interfaces
[1.565s] -- Up-to-date: /home/gun/ros2_ws/install/my_robot_interfaces/include/my_robot_interfaces/my_robot_interfaces
[1.565s] -- Up-to-date: /home/gun/ros2_ws/install/my_robot_interfaces/include/my_robot_interfaces/my_robot_interfaces/action
[1.566s] -- Up-to-date: /home/gun/ros2_ws/install/my_robot_interfaces/include/my_robot_interfaces/my_robot_interfaces/action/count_until.h
[1.566s] -- Up-to-date: /home/gun/ros2_ws/install/my_robot_interfaces/include/my_robot_interfaces/my_robot_interfaces/action/detail
[1.566s] -- Up-to-date: /home/gun/ros2_ws/install/my_robot_interfaces/include/my_robot_interfaces/my_robot_interfaces/action/detail/count_until__type_support.h
[1.566s] -- Up-to-date: /home/gun/ros2_ws/install/my_robot_interfaces/include/my_robot_interfaces/my_robot_interfaces/action/detail/count_until__functions.c
[1.566s] -- Up-to-date: /home/gun/ros2_ws/install/my_robot_interfaces/include/my_robot_interfaces/my_robot_interfaces/action/detail/count_until__functions.h
[1.567s] -- Up-to-date: /home/gun/ros2_ws/install/my_robot_interfaces/include/my_robot_interfaces/my_robot_interfaces/action/detail/count_until__struct.h
[1.567s] -- Up-to-date: /home/gun/ros2_ws/install/my_robot_interfaces/include/my_robot_interfaces/my_robot_interfaces/srv
[1.568s] -- Up-to-date: /home/gun/ros2_ws/install/my_robot_interfaces/include/my_robot_interfaces/my_robot_interfaces/srv/compute_rectangle_area.h
[1.568s] -- Up-to-date: /home/gun/ros2_ws/install/my_robot_interfaces/include/my_robot_interfaces/my_robot_interfaces/srv/set_led.h
[1.568s] -- Up-to-date: /home/gun/ros2_ws/install/my_robot_interfaces/include/my_robot_interfaces/my_robot_interfaces/srv/catch_turtle.h
[1.568s] -- Up-to-date: /home/gun/ros2_ws/install/my_robot_interfaces/include/my_robot_interfaces/my_robot_interfaces/srv/detail
[1.568s] -- Up-to-date: /home/gun/ros2_ws/install/my_robot_interfaces/include/my_robot_interfaces/my_robot_interfaces/srv/detail/set_led__functions.c
[1.568s] -- Up-to-date: /home/gun/ros2_ws/install/my_robot_interfaces/include/my_robot_interfaces/my_robot_interfaces/srv/detail/compute_rectangle_area__struct.h
[1.568s] -- Up-to-date: /home/gun/ros2_ws/install/my_robot_interfaces/include/my_robot_interfaces/my_robot_interfaces/srv/detail/compute_rectangle_area__functions.c
[1.568s] -- Up-to-date: /home/gun/ros2_ws/install/my_robot_interfaces/include/my_robot_interfaces/my_robot_interfaces/srv/detail/compute_rectangle_area__functions.h
[1.568s] -- Up-to-date: /home/gun/ros2_ws/install/my_robot_interfaces/include/my_robot_interfaces/my_robot_interfaces/srv/detail/catch_turtle__functions.h
[1.568s] -- Up-to-date: /home/gun/ros2_ws/install/my_robot_interfaces/include/my_robot_interfaces/my_robot_interfaces/srv/detail/catch_turtle__functions.c
[1.569s] -- Up-to-date: /home/gun/ros2_ws/install/my_robot_interfaces/include/my_robot_interfaces/my_robot_interfaces/srv/detail/catch_turtle__struct.h
[1.569s] -- Up-to-date: /home/gun/ros2_ws/install/my_robot_interfaces/include/my_robot_interfaces/my_robot_interfaces/srv/detail/set_led__type_support.h
[1.569s] -- Up-to-date: /home/gun/ros2_ws/install/my_robot_interfaces/include/my_robot_interfaces/my_robot_interfaces/srv/detail/set_noise__functions.c
[1.569s] -- Up-to-date: /home/gun/ros2_ws/install/my_robot_interfaces/include/my_robot_interfaces/my_robot_interfaces/srv/detail/set_led__struct.h
[1.569s] -- Up-to-date: /home/gun/ros2_ws/install/my_robot_interfaces/include/my_robot_interfaces/my_robot_interfaces/srv/detail/compute_rectangle_area__type_support.h
[1.569s] -- Up-to-date: /home/gun/ros2_ws/install/my_robot_interfaces/include/my_robot_interfaces/my_robot_interfaces/srv/detail/set_led__functions.h
[1.569s] -- Up-to-date: /home/gun/ros2_ws/install/my_robot_interfaces/include/my_robot_interfaces/my_robot_interfaces/srv/detail/catch_turtle__type_support.h
[1.569s] -- Up-to-date: /home/gun/ros2_ws/install/my_robot_interfaces/include/my_robot_interfaces/my_robot_interfaces/srv/detail/set_noise__functions.h
[1.569s] -- Up-to-date: /home/gun/ros2_ws/install/my_robot_interfaces/include/my_robot_interfaces/my_robot_interfaces/srv/detail/set_noise__struct.h
[1.569s] -- Up-to-date: /home/gun/ros2_ws/install/my_robot_interfaces/include/my_robot_interfaces/my_robot_interfaces/srv/detail/set_noise__type_support.h
[1.570s] -- Up-to-date: /home/gun/ros2_ws/install/my_robot_interfaces/include/my_robot_interfaces/my_robot_interfaces/srv/set_noise.h
[1.570s] -- Up-to-date: /home/gun/ros2_ws/install/my_robot_interfaces/include/my_robot_interfaces/my_robot_interfaces/msg
[1.570s] -- Up-to-date: /home/gun/ros2_ws/install/my_robot_interfaces/include/my_robot_interfaces/my_robot_interfaces/msg/turtle_array.h
[1.570s] -- Up-to-date: /home/gun/ros2_ws/install/my_robot_interfaces/include/my_robot_interfaces/my_robot_interfaces/msg/hardware_status.h
[1.570s] -- Up-to-date: /home/gun/ros2_ws/install/my_robot_interfaces/include/my_robot_interfaces/my_robot_interfaces/msg/detail
[1.570s] -- Up-to-date: /home/gun/ros2_ws/install/my_robot_interfaces/include/my_robot_interfaces/my_robot_interfaces/msg/detail/turtle__type_support.h
[1.570s] -- Up-to-date: /home/gun/ros2_ws/install/my_robot_interfaces/include/my_robot_interfaces/my_robot_interfaces/msg/detail/hardware_status__functions.c
[1.570s] -- Up-to-date: /home/gun/ros2_ws/install/my_robot_interfaces/include/my_robot_interfaces/my_robot_interfaces/msg/detail/hardware_status__struct.h
[1.570s] -- Up-to-date: /home/gun/ros2_ws/install/my_robot_interfaces/include/my_robot_interfaces/my_robot_interfaces/msg/detail/led_panel_state__functions.h
[1.571s] -- Up-to-date: /home/gun/ros2_ws/install/my_robot_interfaces/include/my_robot_interfaces/my_robot_interfaces/msg/detail/turtle_array__functions.h
[1.582s] -- Up-to-date: /home/gun/ros2_ws/install/my_robot_interfaces/include/my_robot_interfaces/my_robot_interfaces/msg/detail/led_panel_state__functions.c
[1.582s] -- Up-to-date: /home/gun/ros2_ws/install/my_robot_interfaces/include/my_robot_interfaces/my_robot_interfaces/msg/detail/turtle_array__type_support.h
[1.582s] -- Up-to-date: /home/gun/ros2_ws/install/my_robot_interfaces/include/my_robot_interfaces/my_robot_interfaces/msg/detail/hardware_status__functions.h
[1.582s] -- Up-to-date: /home/gun/ros2_ws/install/my_robot_interfaces/include/my_robot_interfaces/my_robot_interfaces/msg/detail/turtle__functions.c
[1.582s] -- Up-to-date: /home/gun/ros2_ws/install/my_robot_interfaces/include/my_robot_interfaces/my_robot_interfaces/msg/detail/led_panel_state__struct.h
[1.582s] -- Up-to-date: /home/gun/ros2_ws/install/my_robot_interfaces/include/my_robot_interfaces/my_robot_interfaces/msg/detail/led_panel_state__type_support.h
[1.583s] -- Up-to-date: /home/gun/ros2_ws/install/my_robot_interfaces/include/my_robot_interfaces/my_robot_interfaces/msg/detail/turtle__functions.h
[1.583s] -- Up-to-date: /home/gun/ros2_ws/install/my_robot_interfaces/include/my_robot_interfaces/my_robot_interfaces/msg/detail/hardware_status__type_support.h
[1.583s] -- Up-to-date: /home/gun/ros2_ws/install/my_robot_interfaces/include/my_robot_interfaces/my_robot_interfaces/msg/detail/turtle_array__struct.h
[1.583s] -- Up-to-date: /home/gun/ros2_ws/install/my_robot_interfaces/include/my_robot_interfaces/my_robot_interfaces/msg/detail/turtle__struct.h
[1.583s] -- Up-to-date: /home/gun/ros2_ws/install/my_robot_interfaces/include/my_robot_interfaces/my_robot_interfaces/msg/detail/turtle_array__functions.c
[1.583s] -- Up-to-date: /home/gun/ros2_ws/install/my_robot_interfaces/include/my_robot_interfaces/my_robot_interfaces/msg/rosidl_generator_c__visibility_control.h
[1.583s] -- Up-to-date: /home/gun/ros2_ws/install/my_robot_interfaces/include/my_robot_interfaces/my_robot_interfaces/msg/led_panel_state.h
[1.583s] -- Up-to-date: /home/gun/ros2_ws/install/my_robot_interfaces/include/my_robot_interfaces/my_robot_interfaces/msg/turtle.h
[1.583s] -- Up-to-date: /home/gun/ros2_ws/install/my_robot_interfaces/share/my_robot_interfaces/environment/library_path.sh
[1.583s] -- Up-to-date: /home/gun/ros2_ws/install/my_robot_interfaces/share/my_robot_interfaces/environment/library_path.dsv
[1.583s] -- Up-to-date: /home/gun/ros2_ws/install/my_robot_interfaces/lib/libmy_robot_interfaces__rosidl_generator_c.so
[1.584s] -- Up-to-date: /home/gun/ros2_ws/install/my_robot_interfaces/include/my_robot_interfaces/my_robot_interfaces
[1.584s] -- Up-to-date: /home/gun/ros2_ws/install/my_robot_interfaces/include/my_robot_interfaces/my_robot_interfaces/action
[1.584s] -- Up-to-date: /home/gun/ros2_ws/install/my_robot_interfaces/include/my_robot_interfaces/my_robot_interfaces/action/detail
[1.584s] -- Up-to-date: /home/gun/ros2_ws/install/my_robot_interfaces/include/my_robot_interfaces/my_robot_interfaces/action/detail/count_until__rosidl_typesupport_fastrtps_c.h
[1.584s] -- Up-to-date: /home/gun/ros2_ws/install/my_robot_interfaces/include/my_robot_interfaces/my_robot_interfaces/srv
[1.584s] -- Up-to-date: /home/gun/ros2_ws/install/my_robot_interfaces/include/my_robot_interfaces/my_robot_interfaces/srv/detail
[1.584s] -- Up-to-date: /home/gun/ros2_ws/install/my_robot_interfaces/include/my_robot_interfaces/my_robot_interfaces/srv/detail/compute_rectangle_area__rosidl_typesupport_fastrtps_c.h
[1.584s] -- Up-to-date: /home/gun/ros2_ws/install/my_robot_interfaces/include/my_robot_interfaces/my_robot_interfaces/srv/detail/catch_turtle__rosidl_typesupport_fastrtps_c.h
[1.584s] -- Up-to-date: /home/gun/ros2_ws/install/my_robot_interfaces/include/my_robot_interfaces/my_robot_interfaces/srv/detail/set_noise__rosidl_typesupport_fastrtps_c.h
[1.584s] -- Up-to-date: /home/gun/ros2_ws/install/my_robot_interfaces/include/my_robot_interfaces/my_robot_interfaces/srv/detail/set_led__rosidl_typesupport_fastrtps_c.h
[1.585s] -- Up-to-date: /home/gun/ros2_ws/install/my_robot_interfaces/include/my_robot_interfaces/my_robot_interfaces/msg
[1.585s] -- Up-to-date: /home/gun/ros2_ws/install/my_robot_interfaces/include/my_robot_interfaces/my_robot_interfaces/msg/rosidl_typesupport_fastrtps_c__visibility_control.h
[1.585s] -- Up-to-date: /home/gun/ros2_ws/install/my_robot_interfaces/include/my_robot_interfaces/my_robot_interfaces/msg/detail
[1.585s] -- Up-to-date: /home/gun/ros2_ws/install/my_robot_interfaces/include/my_robot_interfaces/my_robot_interfaces/msg/detail/led_panel_state__rosidl_typesupport_fastrtps_c.h
[1.585s] -- Up-to-date: /home/gun/ros2_ws/install/my_robot_interfaces/include/my_robot_interfaces/my_robot_interfaces/msg/detail/turtle_array__rosidl_typesupport_fastrtps_c.h
[1.585s] -- Up-to-date: /home/gun/ros2_ws/install/my_robot_interfaces/include/my_robot_interfaces/my_robot_interfaces/msg/detail/hardware_status__rosidl_typesupport_fastrtps_c.h
[1.585s] -- Up-to-date: /home/gun/ros2_ws/install/my_robot_interfaces/include/my_robot_interfaces/my_robot_interfaces/msg/detail/turtle__rosidl_typesupport_fastrtps_c.h
[1.585s] -- Up-to-date: /home/gun/ros2_ws/install/my_robot_interfaces/lib/libmy_robot_interfaces__rosidl_typesupport_fastrtps_c.so
[1.585s] -- Up-to-date: /home/gun/ros2_ws/install/my_robot_interfaces/include/my_robot_interfaces/my_robot_interfaces
[1.586s] -- Up-to-date: /home/gun/ros2_ws/install/my_robot_interfaces/include/my_robot_interfaces/my_robot_interfaces/action
[1.593s] -- Up-to-date: /home/gun/ros2_ws/install/my_robot_interfaces/include/my_robot_interfaces/my_robot_interfaces/action/detail
[1.593s] -- Up-to-date: /home/gun/ros2_ws/install/my_robot_interfaces/include/my_robot_interfaces/my_robot_interfaces/action/detail/count_until__type_support.c
[1.593s] -- Up-to-date: /home/gun/ros2_ws/install/my_robot_interfaces/include/my_robot_interfaces/my_robot_interfaces/action/detail/count_until__rosidl_typesupport_introspection_c.h
[1.593s] -- Up-to-date: /home/gun/ros2_ws/install/my_robot_interfaces/include/my_robot_interfaces/my_robot_interfaces/srv
[1.593s] -- Up-to-date: /home/gun/ros2_ws/install/my_robot_interfaces/include/my_robot_interfaces/my_robot_interfaces/srv/detail
[1.593s] -- Up-to-date: /home/gun/ros2_ws/install/my_robot_interfaces/include/my_robot_interfaces/my_robot_interfaces/srv/detail/set_led__type_support.c
[1.593s] -- Up-to-date: /home/gun/ros2_ws/install/my_robot_interfaces/include/my_robot_interfaces/my_robot_interfaces/srv/detail/compute_rectangle_area__rosidl_typesupport_introspection_c.h
[1.593s] -- Up-to-date: /home/gun/ros2_ws/install/my_robot_interfaces/include/my_robot_interfaces/my_robot_interfaces/srv/detail/set_noise__type_support.c
[1.594s] -- Up-to-date: /home/gun/ros2_ws/install/my_robot_interfaces/include/my_robot_interfaces/my_robot_interfaces/srv/detail/set_noise__rosidl_typesupport_introspection_c.h
[1.594s] -- Up-to-date: /home/gun/ros2_ws/install/my_robot_interfaces/include/my_robot_interfaces/my_robot_interfaces/srv/detail/set_led__rosidl_typesupport_introspection_c.h
[1.594s] -- Up-to-date: /home/gun/ros2_ws/install/my_robot_interfaces/include/my_robot_interfaces/my_robot_interfaces/srv/detail/catch_turtle__rosidl_typesupport_introspection_c.h
[1.594s] -- Up-to-date: /home/gun/ros2_ws/install/my_robot_interfaces/include/my_robot_interfaces/my_robot_interfaces/srv/detail/catch_turtle__type_support.c
[1.594s] -- Up-to-date: /home/gun/ros2_ws/install/my_robot_interfaces/include/my_robot_interfaces/my_robot_interfaces/srv/detail/compute_rectangle_area__type_support.c
[1.594s] -- Up-to-date: /home/gun/ros2_ws/install/my_robot_interfaces/include/my_robot_interfaces/my_robot_interfaces/msg
[1.594s] -- Up-to-date: /home/gun/ros2_ws/install/my_robot_interfaces/include/my_robot_interfaces/my_robot_interfaces/msg/detail
[1.594s] -- Up-to-date: /home/gun/ros2_ws/install/my_robot_interfaces/include/my_robot_interfaces/my_robot_interfaces/msg/detail/led_panel_state__rosidl_typesupport_introspection_c.h
[1.594s] -- Up-to-date: /home/gun/ros2_ws/install/my_robot_interfaces/include/my_robot_interfaces/my_robot_interfaces/msg/detail/led_panel_state__type_support.c
[1.594s] -- Up-to-date: /home/gun/ros2_ws/install/my_robot_interfaces/include/my_robot_interfaces/my_robot_interfaces/msg/detail/hardware_status__rosidl_typesupport_introspection_c.h
[1.595s] -- Up-to-date: /home/gun/ros2_ws/install/my_robot_interfaces/include/my_robot_interfaces/my_robot_interfaces/msg/detail/hardware_status__type_support.c
[1.595s] -- Up-to-date: /home/gun/ros2_ws/install/my_robot_interfaces/include/my_robot_interfaces/my_robot_interfaces/msg/detail/turtle_array__rosidl_typesupport_introspection_c.h
[1.595s] -- Up-to-date: /home/gun/ros2_ws/install/my_robot_interfaces/include/my_robot_interfaces/my_robot_interfaces/msg/detail/turtle__type_support.c
[1.595s] -- Up-to-date: /home/gun/ros2_ws/install/my_robot_interfaces/include/my_robot_interfaces/my_robot_interfaces/msg/detail/turtle__rosidl_typesupport_introspection_c.h
[1.595s] -- Up-to-date: /home/gun/ros2_ws/install/my_robot_interfaces/include/my_robot_interfaces/my_robot_interfaces/msg/detail/turtle_array__type_support.c
[1.595s] -- Up-to-date: /home/gun/ros2_ws/install/my_robot_interfaces/include/my_robot_interfaces/my_robot_interfaces/msg/rosidl_typesupport_introspection_c__visibility_control.h
[1.595s] -- Up-to-date: /home/gun/ros2_ws/install/my_robot_interfaces/lib/libmy_robot_interfaces__rosidl_typesupport_introspection_c.so
[1.595s] -- Up-to-date: /home/gun/ros2_ws/install/my_robot_interfaces/lib/libmy_robot_interfaces__rosidl_typesupport_c.so
[1.595s] -- Up-to-date: /home/gun/ros2_ws/install/my_robot_interfaces/include/my_robot_interfaces/my_robot_interfaces
[1.595s] -- Up-to-date: /home/gun/ros2_ws/install/my_robot_interfaces/include/my_robot_interfaces/my_robot_interfaces/action
[1.595s] -- Up-to-date: /home/gun/ros2_ws/install/my_robot_interfaces/include/my_robot_interfaces/my_robot_interfaces/action/count_until.hpp
[1.602s] -- Up-to-date: /home/gun/ros2_ws/install/my_robot_interfaces/include/my_robot_interfaces/my_robot_interfaces/action/detail
[1.604s] -- Up-to-date: /home/gun/ros2_ws/install/my_robot_interfaces/include/my_robot_interfaces/my_robot_interfaces/action/detail/count_until__struct.hpp
[1.604s] -- Up-to-date: /home/gun/ros2_ws/install/my_robot_interfaces/include/my_robot_interfaces/my_robot_interfaces/action/detail/count_until__traits.hpp
[1.604s] -- Up-to-date: /home/gun/ros2_ws/install/my_robot_interfaces/include/my_robot_interfaces/my_robot_interfaces/action/detail/count_until__builder.hpp
[1.604s] -- Up-to-date: /home/gun/ros2_ws/install/my_robot_interfaces/include/my_robot_interfaces/my_robot_interfaces/action/detail/count_until__type_support.hpp
[1.605s] -- Up-to-date: /home/gun/ros2_ws/install/my_robot_interfaces/include/my_robot_interfaces/my_robot_interfaces/srv
[1.605s] -- Up-to-date: /home/gun/ros2_ws/install/my_robot_interfaces/include/my_robot_interfaces/my_robot_interfaces/srv/compute_rectangle_area.hpp
[1.605s] -- Up-to-date: /home/gun/ros2_ws/install/my_robot_interfaces/include/my_robot_interfaces/my_robot_interfaces/srv/detail
[1.605s] -- Up-to-date: /home/gun/ros2_ws/install/my_robot_interfaces/include/my_robot_interfaces/my_robot_interfaces/srv/detail/catch_turtle__struct.hpp
[1.605s] -- Up-to-date: /home/gun/ros2_ws/install/my_robot_interfaces/include/my_robot_interfaces/my_robot_interfaces/srv/detail/catch_turtle__traits.hpp
[1.605s] -- Up-to-date: /home/gun/ros2_ws/install/my_robot_interfaces/include/my_robot_interfaces/my_robot_interfaces/srv/detail/set_noise__struct.hpp
[1.605s] -- Up-to-date: /home/gun/ros2_ws/install/my_robot_interfaces/include/my_robot_interfaces/my_robot_interfaces/srv/detail/compute_rectangle_area__builder.hpp
[1.605s] -- Up-to-date: /home/gun/ros2_ws/install/my_robot_interfaces/include/my_robot_interfaces/my_robot_interfaces/srv/detail/set_led__traits.hpp
[1.605s] -- Up-to-date: /home/gun/ros2_ws/install/my_robot_interfaces/include/my_robot_interfaces/my_robot_interfaces/srv/detail/set_noise__builder.hpp
[1.605s] -- Up-to-date: /home/gun/ros2_ws/install/my_robot_interfaces/include/my_robot_interfaces/my_robot_interfaces/srv/detail/set_led__struct.hpp
[1.605s] -- Up-to-date: /home/gun/ros2_ws/install/my_robot_interfaces/include/my_robot_interfaces/my_robot_interfaces/srv/detail/compute_rectangle_area__traits.hpp
[1.606s] -- Up-to-date: /home/gun/ros2_ws/install/my_robot_interfaces/include/my_robot_interfaces/my_robot_interfaces/srv/detail/catch_turtle__type_support.hpp
[1.606s] -- Up-to-date: /home/gun/ros2_ws/install/my_robot_interfaces/include/my_robot_interfaces/my_robot_interfaces/srv/detail/set_noise__type_support.hpp
[1.606s] -- Up-to-date: /home/gun/ros2_ws/install/my_robot_interfaces/include/my_robot_interfaces/my_robot_interfaces/srv/detail/set_led__builder.hpp
[1.606s] -- Up-to-date: /home/gun/ros2_ws/install/my_robot_interfaces/include/my_robot_interfaces/my_robot_interfaces/srv/detail/catch_turtle__builder.hpp
[1.606s] -- Up-to-date: /home/gun/ros2_ws/install/my_robot_interfaces/include/my_robot_interfaces/my_robot_interfaces/srv/detail/compute_rectangle_area__type_support.hpp
[1.606s] -- Up-to-date: /home/gun/ros2_ws/install/my_robot_interfaces/include/my_robot_interfaces/my_robot_interfaces/srv/detail/compute_rectangle_area__struct.hpp
[1.606s] -- Up-to-date: /home/gun/ros2_ws/install/my_robot_interfaces/include/my_robot_interfaces/my_robot_interfaces/srv/detail/set_noise__traits.hpp
[1.606s] -- Up-to-date: /home/gun/ros2_ws/install/my_robot_interfaces/include/my_robot_interfaces/my_robot_interfaces/srv/detail/set_led__type_support.hpp
[1.606s] -- Up-to-date: /home/gun/ros2_ws/install/my_robot_interfaces/include/my_robot_interfaces/my_robot_interfaces/srv/set_led.hpp
[1.606s] -- Up-to-date: /home/gun/ros2_ws/install/my_robot_interfaces/include/my_robot_interfaces/my_robot_interfaces/srv/set_noise.hpp
[1.606s] -- Up-to-date: /home/gun/ros2_ws/install/my_robot_interfaces/include/my_robot_interfaces/my_robot_interfaces/srv/catch_turtle.hpp
[1.607s] -- Up-to-date: /home/gun/ros2_ws/install/my_robot_interfaces/include/my_robot_interfaces/my_robot_interfaces/msg
[1.607s] -- Up-to-date: /home/gun/ros2_ws/install/my_robot_interfaces/include/my_robot_interfaces/my_robot_interfaces/msg/rosidl_generator_cpp__visibility_control.hpp
[1.607s] -- Up-to-date: /home/gun/ros2_ws/install/my_robot_interfaces/include/my_robot_interfaces/my_robot_interfaces/msg/hardware_status.hpp
[1.607s] -- Up-to-date: /home/gun/ros2_ws/install/my_robot_interfaces/include/my_robot_interfaces/my_robot_interfaces/msg/detail
[1.607s] -- Up-to-date: /home/gun/ros2_ws/install/my_robot_interfaces/include/my_robot_interfaces/my_robot_interfaces/msg/detail/hardware_status__traits.hpp
[1.607s] -- Up-to-date: /home/gun/ros2_ws/install/my_robot_interfaces/include/my_robot_interfaces/my_robot_interfaces/msg/detail/led_panel_state__builder.hpp
[1.607s] -- Up-to-date: /home/gun/ros2_ws/install/my_robot_interfaces/include/my_robot_interfaces/my_robot_interfaces/msg/detail/turtle_array__builder.hpp
[1.607s] -- Up-to-date: /home/gun/ros2_ws/install/my_robot_interfaces/include/my_robot_interfaces/my_robot_interfaces/msg/detail/turtle_array__traits.hpp
[1.607s] -- Up-to-date: /home/gun/ros2_ws/install/my_robot_interfaces/include/my_robot_interfaces/my_robot_interfaces/msg/detail/turtle_array__type_support.hpp
[1.607s] -- Up-to-date: /home/gun/ros2_ws/install/my_robot_interfaces/include/my_robot_interfaces/my_robot_interfaces/msg/detail/turtle__builder.hpp
[1.607s] -- Up-to-date: /home/gun/ros2_ws/install/my_robot_interfaces/include/my_robot_interfaces/my_robot_interfaces/msg/detail/turtle__traits.hpp
[1.608s] -- Up-to-date: /home/gun/ros2_ws/install/my_robot_interfaces/include/my_robot_interfaces/my_robot_interfaces/msg/detail/hardware_status__builder.hpp
[1.608s] -- Up-to-date: /home/gun/ros2_ws/install/my_robot_interfaces/include/my_robot_interfaces/my_robot_interfaces/msg/detail/led_panel_state__type_support.hpp
[1.608s] -- Up-to-date: /home/gun/ros2_ws/install/my_robot_interfaces/include/my_robot_interfaces/my_robot_interfaces/msg/detail/hardware_status__type_support.hpp
[1.608s] -- Up-to-date: /home/gun/ros2_ws/install/my_robot_interfaces/include/my_robot_interfaces/my_robot_interfaces/msg/detail/turtle__type_support.hpp
[1.608s] -- Up-to-date: /home/gun/ros2_ws/install/my_robot_interfaces/include/my_robot_interfaces/my_robot_interfaces/msg/detail/turtle_array__struct.hpp
[1.608s] -- Up-to-date: /home/gun/ros2_ws/install/my_robot_interfaces/include/my_robot_interfaces/my_robot_interfaces/msg/detail/led_panel_state__traits.hpp
[1.608s] -- Up-to-date: /home/gun/ros2_ws/install/my_robot_interfaces/include/my_robot_interfaces/my_robot_interfaces/msg/detail/turtle__struct.hpp
[1.608s] -- Up-to-date: /home/gun/ros2_ws/install/my_robot_interfaces/include/my_robot_interfaces/my_robot_interfaces/msg/detail/led_panel_state__struct.hpp
[1.608s] -- Up-to-date: /home/gun/ros2_ws/install/my_robot_interfaces/include/my_robot_interfaces/my_robot_interfaces/msg/detail/hardware_status__struct.hpp
[1.608s] -- Up-to-date: /home/gun/ros2_ws/install/my_robot_interfaces/include/my_robot_interfaces/my_robot_interfaces/msg/turtle_array.hpp
[1.609s] -- Up-to-date: /home/gun/ros2_ws/install/my_robot_interfaces/include/my_robot_interfaces/my_robot_interfaces/msg/turtle.hpp
[1.609s] -- Up-to-date: /home/gun/ros2_ws/install/my_robot_interfaces/include/my_robot_interfaces/my_robot_interfaces/msg/led_panel_state.hpp
[1.609s] -- Up-to-date: /home/gun/ros2_ws/install/my_robot_interfaces/include/my_robot_interfaces/my_robot_interfaces
[1.609s] -- Up-to-date: /home/gun/ros2_ws/install/my_robot_interfaces/include/my_robot_interfaces/my_robot_interfaces/action
[1.609s] -- Up-to-date: /home/gun/ros2_ws/install/my_robot_interfaces/include/my_robot_interfaces/my_robot_interfaces/action/detail
[1.609s] -- Up-to-date: /home/gun/ros2_ws/install/my_robot_interfaces/include/my_robot_interfaces/my_robot_interfaces/action/detail/count_until__rosidl_typesupport_fastrtps_cpp.hpp
[1.609s] -- Up-to-date: /home/gun/ros2_ws/install/my_robot_interfaces/include/my_robot_interfaces/my_robot_interfaces/action/detail/dds_fastrtps
[1.609s] -- Up-to-date: /home/gun/ros2_ws/install/my_robot_interfaces/include/my_robot_interfaces/my_robot_interfaces/srv
[1.610s] -- Up-to-date: /home/gun/ros2_ws/install/my_robot_interfaces/include/my_robot_interfaces/my_robot_interfaces/srv/detail
[1.610s] -- Up-to-date: /home/gun/ros2_ws/install/my_robot_interfaces/include/my_robot_interfaces/my_robot_interfaces/srv/detail/compute_rectangle_area__rosidl_typesupport_fastrtps_cpp.hpp
[1.610s] -- Up-to-date: /home/gun/ros2_ws/install/my_robot_interfaces/include/my_robot_interfaces/my_robot_interfaces/srv/detail/set_led__rosidl_typesupport_fastrtps_cpp.hpp
[1.610s] -- Up-to-date: /home/gun/ros2_ws/install/my_robot_interfaces/include/my_robot_interfaces/my_robot_interfaces/srv/detail/catch_turtle__rosidl_typesupport_fastrtps_cpp.hpp
[1.610s] -- Up-to-date: /home/gun/ros2_ws/install/my_robot_interfaces/include/my_robot_interfaces/my_robot_interfaces/srv/detail/dds_fastrtps
[1.610s] -- Up-to-date: /home/gun/ros2_ws/install/my_robot_interfaces/include/my_robot_interfaces/my_robot_interfaces/srv/detail/set_noise__rosidl_typesupport_fastrtps_cpp.hpp
[1.610s] -- Up-to-date: /home/gun/ros2_ws/install/my_robot_interfaces/include/my_robot_interfaces/my_robot_interfaces/msg
[1.610s] -- Up-to-date: /home/gun/ros2_ws/install/my_robot_interfaces/include/my_robot_interfaces/my_robot_interfaces/msg/rosidl_typesupport_fastrtps_cpp__visibility_control.h
[1.610s] -- Up-to-date: /home/gun/ros2_ws/install/my_robot_interfaces/include/my_robot_interfaces/my_robot_interfaces/msg/detail
[1.610s] -- Up-to-date: /home/gun/ros2_ws/install/my_robot_interfaces/include/my_robot_interfaces/my_robot_interfaces/msg/detail/led_panel_state__rosidl_typesupport_fastrtps_cpp.hpp
[1.611s] -- Up-to-date: /home/gun/ros2_ws/install/my_robot_interfaces/include/my_robot_interfaces/my_robot_interfaces/msg/detail/turtle__rosidl_typesupport_fastrtps_cpp.hpp
[1.611s] -- Up-to-date: /home/gun/ros2_ws/install/my_robot_interfaces/include/my_robot_interfaces/my_robot_interfaces/msg/detail/dds_fastrtps
[1.611s] -- Up-to-date: /home/gun/ros2_ws/install/my_robot_interfaces/include/my_robot_interfaces/my_robot_interfaces/msg/detail/hardware_status__rosidl_typesupport_fastrtps_cpp.hpp
[1.611s] -- Up-to-date: /home/gun/ros2_ws/install/my_robot_interfaces/include/my_robot_interfaces/my_robot_interfaces/msg/detail/turtle_array__rosidl_typesupport_fastrtps_cpp.hpp
[1.611s] -- Up-to-date: /home/gun/ros2_ws/install/my_robot_interfaces/lib/libmy_robot_interfaces__rosidl_typesupport_fastrtps_cpp.so
[1.611s] -- Up-to-date: /home/gun/ros2_ws/install/my_robot_interfaces/include/my_robot_interfaces/my_robot_interfaces
[1.611s] -- Up-to-date: /home/gun/ros2_ws/install/my_robot_interfaces/include/my_robot_interfaces/my_robot_interfaces/action
[1.611s] -- Up-to-date: /home/gun/ros2_ws/install/my_robot_interfaces/include/my_robot_interfaces/my_robot_interfaces/action/detail
[1.612s] -- Up-to-date: /home/gun/ros2_ws/install/my_robot_interfaces/include/my_robot_interfaces/my_robot_interfaces/action/detail/count_until__rosidl_typesupport_introspection_cpp.hpp
[1.612s] -- Up-to-date: /home/gun/ros2_ws/install/my_robot_interfaces/include/my_robot_interfaces/my_robot_interfaces/action/detail/count_until__type_support.cpp
[1.612s] -- Up-to-date: /home/gun/ros2_ws/install/my_robot_interfaces/include/my_robot_interfaces/my_robot_interfaces/srv
[1.612s] -- Up-to-date: /home/gun/ros2_ws/install/my_robot_interfaces/include/my_robot_interfaces/my_robot_interfaces/srv/detail
[1.612s] -- Up-to-date: /home/gun/ros2_ws/install/my_robot_interfaces/include/my_robot_interfaces/my_robot_interfaces/srv/detail/compute_rectangle_area__type_support.cpp
[1.612s] -- Up-to-date: /home/gun/ros2_ws/install/my_robot_interfaces/include/my_robot_interfaces/my_robot_interfaces/srv/detail/set_noise__type_support.cpp
[1.612s] -- Up-to-date: /home/gun/ros2_ws/install/my_robot_interfaces/include/my_robot_interfaces/my_robot_interfaces/srv/detail/catch_turtle__type_support.cpp
[1.612s] -- Up-to-date: /home/gun/ros2_ws/install/my_robot_interfaces/include/my_robot_interfaces/my_robot_interfaces/srv/detail/set_noise__rosidl_typesupport_introspection_cpp.hpp
[1.612s] -- Up-to-date: /home/gun/ros2_ws/install/my_robot_interfaces/include/my_robot_interfaces/my_robot_interfaces/srv/detail/compute_rectangle_area__rosidl_typesupport_introspection_cpp.hpp
[1.612s] -- Up-to-date: /home/gun/ros2_ws/install/my_robot_interfaces/include/my_robot_interfaces/my_robot_interfaces/srv/detail/set_led__rosidl_typesupport_introspection_cpp.hpp
[1.612s] -- Up-to-date: /home/gun/ros2_ws/install/my_robot_interfaces/include/my_robot_interfaces/my_robot_interfaces/srv/detail/set_led__type_support.cpp
[1.613s] -- Up-to-date: /home/gun/ros2_ws/install/my_robot_interfaces/include/my_robot_interfaces/my_robot_interfaces/srv/detail/catch_turtle__rosidl_typesupport_introspection_cpp.hpp
[1.613s] -- Up-to-date: /home/gun/ros2_ws/install/my_robot_interfaces/include/my_robot_interfaces/my_robot_interfaces/msg
[1.613s] -- Up-to-date: /home/gun/ros2_ws/install/my_robot_interfaces/include/my_robot_interfaces/my_robot_interfaces/msg/detail
[1.613s] -- Up-to-date: /home/gun/ros2_ws/install/my_robot_interfaces/include/my_robot_interfaces/my_robot_interfaces/msg/detail/hardware_status__type_support.cpp
[1.613s] -- Up-to-date: /home/gun/ros2_ws/install/my_robot_interfaces/include/my_robot_interfaces/my_robot_interfaces/msg/detail/turtle_array__type_support.cpp
[1.613s] -- Up-to-date: /home/gun/ros2_ws/install/my_robot_interfaces/include/my_robot_interfaces/my_robot_interfaces/msg/detail/led_panel_state__type_support.cpp
[1.613s] -- Up-to-date: /home/gun/ros2_ws/install/my_robot_interfaces/include/my_robot_interfaces/my_robot_interfaces/msg/detail/led_panel_state__rosidl_typesupport_introspection_cpp.hpp
[1.613s] -- Up-to-date: /home/gun/ros2_ws/install/my_robot_interfaces/include/my_robot_interfaces/my_robot_interfaces/msg/detail/turtle_array__rosidl_typesupport_introspection_cpp.hpp
[1.613s] -- Up-to-date: /home/gun/ros2_ws/install/my_robot_interfaces/include/my_robot_interfaces/my_robot_interfaces/msg/detail/hardware_status__rosidl_typesupport_introspection_cpp.hpp
[1.613s] -- Up-to-date: /home/gun/ros2_ws/install/my_robot_interfaces/include/my_robot_interfaces/my_robot_interfaces/msg/detail/turtle__rosidl_typesupport_introspection_cpp.hpp
[1.613s] -- Up-to-date: /home/gun/ros2_ws/install/my_robot_interfaces/include/my_robot_interfaces/my_robot_interfaces/msg/detail/turtle__type_support.cpp
[1.614s] -- Up-to-date: /home/gun/ros2_ws/install/my_robot_interfaces/lib/libmy_robot_interfaces__rosidl_typesupport_introspection_cpp.so
[1.614s] -- Up-to-date: /home/gun/ros2_ws/install/my_robot_interfaces/lib/libmy_robot_interfaces__rosidl_typesupport_cpp.so
[1.614s] -- Up-to-date: /home/gun/ros2_ws/install/my_robot_interfaces/share/my_robot_interfaces/environment/pythonpath.sh
[1.614s] -- Up-to-date: /home/gun/ros2_ws/install/my_robot_interfaces/share/my_robot_interfaces/environment/pythonpath.dsv
[1.614s] -- Up-to-date: /home/gun/ros2_ws/install/my_robot_interfaces/local/lib/python3.10/dist-packages/my_robot_interfaces-0.0.0-py3.10.egg-info
[1.614s] -- Installing: /home/gun/ros2_ws/install/my_robot_interfaces/local/lib/python3.10/dist-packages/my_robot_interfaces-0.0.0-py3.10.egg-info/top_level.txt
[1.614s] -- Installing: /home/gun/ros2_ws/install/my_robot_interfaces/local/lib/python3.10/dist-packages/my_robot_interfaces-0.0.0-py3.10.egg-info/PKG-INFO
[1.614s] -- Installing: /home/gun/ros2_ws/install/my_robot_interfaces/local/lib/python3.10/dist-packages/my_robot_interfaces-0.0.0-py3.10.egg-info/SOURCES.txt
[1.614s] -- Installing: /home/gun/ros2_ws/install/my_robot_interfaces/local/lib/python3.10/dist-packages/my_robot_interfaces-0.0.0-py3.10.egg-info/dependency_links.txt
[1.614s] -- Up-to-date: /home/gun/ros2_ws/install/my_robot_interfaces/local/lib/python3.10/dist-packages/my_robot_interfaces
[1.614s] -- Up-to-date: /home/gun/ros2_ws/install/my_robot_interfaces/local/lib/python3.10/dist-packages/my_robot_interfaces/_my_robot_interfaces_s.ep.rosidl_typesupport_c.c
[1.615s] -- Up-to-date: /home/gun/ros2_ws/install/my_robot_interfaces/local/lib/python3.10/dist-packages/my_robot_interfaces/my_robot_interfaces_s__rosidl_typesupport_fastrtps_c.cpython-310-x86_64-linux-gnu.so
[1.615s] -- Up-to-date: /home/gun/ros2_ws/install/my_robot_interfaces/local/lib/python3.10/dist-packages/my_robot_interfaces/action
[1.615s] -- Up-to-date: /home/gun/ros2_ws/install/my_robot_interfaces/local/lib/python3.10/dist-packages/my_robot_interfaces/action/__init__.py
[1.615s] -- Up-to-date: /home/gun/ros2_ws/install/my_robot_interfaces/local/lib/python3.10/dist-packages/my_robot_interfaces/action/_count_until.py
[1.615s] -- Up-to-date: /home/gun/ros2_ws/install/my_robot_interfaces/local/lib/python3.10/dist-packages/my_robot_interfaces/action/_count_until_s.c
[1.615s] -- Up-to-date: /home/gun/ros2_ws/install/my_robot_interfaces/local/lib/python3.10/dist-packages/my_robot_interfaces/_my_robot_interfaces_s.ep.rosidl_typesupport_introspection_c.c
[1.615s] -- Up-to-date: /home/gun/ros2_ws/install/my_robot_interfaces/local/lib/python3.10/dist-packages/my_robot_interfaces/my_robot_interfaces_s__rosidl_typesupport_c.cpython-310-x86_64-linux-gnu.so
[1.615s] -- Up-to-date: /home/gun/ros2_ws/install/my_robot_interfaces/local/lib/python3.10/dist-packages/my_robot_interfaces/__init__.py
[1.615s] -- Up-to-date: /home/gun/ros2_ws/install/my_robot_interfaces/local/lib/python3.10/dist-packages/my_robot_interfaces/srv
[1.615s] -- Up-to-date: /home/gun/ros2_ws/install/my_robot_interfaces/local/lib/python3.10/dist-packages/my_robot_interfaces/srv/_compute_rectangle_area_s.c
[1.616s] -- Up-to-date: /home/gun/ros2_ws/install/my_robot_interfaces/local/lib/python3.10/dist-packages/my_robot_interfaces/srv/_catch_turtle_s.c
[1.616s] -- Up-to-date: /home/gun/ros2_ws/install/my_robot_interfaces/local/lib/python3.10/dist-packages/my_robot_interfaces/srv/_set_noise.py
[1.616s] -- Up-to-date: /home/gun/ros2_ws/install/my_robot_interfaces/local/lib/python3.10/dist-packages/my_robot_interfaces/srv/__init__.py
[1.616s] -- Up-to-date: /home/gun/ros2_ws/install/my_robot_interfaces/local/lib/python3.10/dist-packages/my_robot_interfaces/srv/_compute_rectangle_area.py
[1.616s] -- Up-to-date: /home/gun/ros2_ws/install/my_robot_interfaces/local/lib/python3.10/dist-packages/my_robot_interfaces/srv/_set_noise_s.c
[1.616s] -- Up-to-date: /home/gun/ros2_ws/install/my_robot_interfaces/local/lib/python3.10/dist-packages/my_robot_interfaces/srv/_set_led_s.c
[1.616s] -- Up-to-date: /home/gun/ros2_ws/install/my_robot_interfaces/local/lib/python3.10/dist-packages/my_robot_interfaces/srv/_set_led.py
[1.616s] -- Up-to-date: /home/gun/ros2_ws/install/my_robot_interfaces/local/lib/python3.10/dist-packages/my_robot_interfaces/srv/_catch_turtle.py
[1.616s] -- Up-to-date: /home/gun/ros2_ws/install/my_robot_interfaces/local/lib/python3.10/dist-packages/my_robot_interfaces/_my_robot_interfaces_s.ep.rosidl_typesupport_fastrtps_c.c
[1.616s] -- Up-to-date: /home/gun/ros2_ws/install/my_robot_interfaces/local/lib/python3.10/dist-packages/my_robot_interfaces/msg
[1.616s] -- Up-to-date: /home/gun/ros2_ws/install/my_robot_interfaces/local/lib/python3.10/dist-packages/my_robot_interfaces/msg/_hardware_status.py
[1.617s] -- Up-to-date: /home/gun/ros2_ws/install/my_robot_interfaces/local/lib/python3.10/dist-packages/my_robot_interfaces/msg/__init__.py
[1.617s] -- Up-to-date: /home/gun/ros2_ws/install/my_robot_interfaces/local/lib/python3.10/dist-packages/my_robot_interfaces/msg/_turtle_array.py
[1.617s] -- Up-to-date: /home/gun/ros2_ws/install/my_robot_interfaces/local/lib/python3.10/dist-packages/my_robot_interfaces/msg/_led_panel_state.py
[1.617s] -- Up-to-date: /home/gun/ros2_ws/install/my_robot_interfaces/local/lib/python3.10/dist-packages/my_robot_interfaces/msg/_turtle_array_s.c
[1.617s] -- Up-to-date: /home/gun/ros2_ws/install/my_robot_interfaces/local/lib/python3.10/dist-packages/my_robot_interfaces/msg/_led_panel_state_s.c
[1.617s] -- Up-to-date: /home/gun/ros2_ws/install/my_robot_interfaces/local/lib/python3.10/dist-packages/my_robot_interfaces/msg/_turtle.py
[1.617s] -- Up-to-date: /home/gun/ros2_ws/install/my_robot_interfaces/local/lib/python3.10/dist-packages/my_robot_interfaces/msg/_turtle_s.c
[1.617s] -- Up-to-date: /home/gun/ros2_ws/install/my_robot_interfaces/local/lib/python3.10/dist-packages/my_robot_interfaces/msg/_hardware_status_s.c
[1.617s] -- Up-to-date: /home/gun/ros2_ws/install/my_robot_interfaces/local/lib/python3.10/dist-packages/my_robot_interfaces/libmy_robot_interfaces__rosidl_generator_py.so
[1.617s] -- Up-to-date: /home/gun/ros2_ws/install/my_robot_interfaces/local/lib/python3.10/dist-packages/my_robot_interfaces/my_robot_interfaces_s__rosidl_typesupport_introspection_c.cpython-310-x86_64-linux-gnu.so
[1.693s] Listing '/home/gun/ros2_ws/install/my_robot_interfaces/local/lib/python3.10/dist-packages/my_robot_interfaces'...
[1.693s] Listing '/home/gun/ros2_ws/install/my_robot_interfaces/local/lib/python3.10/dist-packages/my_robot_interfaces/action'...
[1.693s] Listing '/home/gun/ros2_ws/install/my_robot_interfaces/local/lib/python3.10/dist-packages/my_robot_interfaces/msg'...
[1.693s] Listing '/home/gun/ros2_ws/install/my_robot_interfaces/local/lib/python3.10/dist-packages/my_robot_interfaces/srv'...
[1.704s] -- Up-to-date: /home/gun/ros2_ws/install/my_robot_interfaces/local/lib/python3.10/dist-packages/my_robot_interfaces/my_robot_interfaces_s__rosidl_typesupport_fastrtps_c.cpython-310-x86_64-linux-gnu.so
[1.705s] -- Up-to-date: /home/gun/ros2_ws/install/my_robot_interfaces/local/lib/python3.10/dist-packages/my_robot_interfaces/my_robot_interfaces_s__rosidl_typesupport_introspection_c.cpython-310-x86_64-linux-gnu.so
[1.705s] -- Up-to-date: /home/gun/ros2_ws/install/my_robot_interfaces/local/lib/python3.10/dist-packages/my_robot_interfaces/my_robot_interfaces_s__rosidl_typesupport_c.cpython-310-x86_64-linux-gnu.so
[1.705s] -- Up-to-date: /home/gun/ros2_ws/install/my_robot_interfaces/lib/libmy_robot_interfaces__rosidl_generator_py.so
[1.705s] -- Up-to-date: /home/gun/ros2_ws/install/my_robot_interfaces/share/my_robot_interfaces/msg/HardwareStatus.idl
[1.705s] -- Up-to-date: /home/gun/ros2_ws/install/my_robot_interfaces/share/my_robot_interfaces/srv/ComputeRectangleArea.idl
[1.705s] -- Up-to-date: /home/gun/ros2_ws/install/my_robot_interfaces/share/my_robot_interfaces/msg/LEDPanelState.idl
[1.705s] -- Up-to-date: /home/gun/ros2_ws/install/my_robot_interfaces/share/my_robot_interfaces/srv/SetLED.idl
[1.705s] -- Up-to-date: /home/gun/ros2_ws/install/my_robot_interfaces/share/my_robot_interfaces/msg/Turtle.idl
[1.705s] -- Up-to-date: /home/gun/ros2_ws/install/my_robot_interfaces/share/my_robot_interfaces/msg/TurtleArray.idl
[1.706s] -- Up-to-date: /home/gun/ros2_ws/install/my_robot_interfaces/share/my_robot_interfaces/srv/CatchTurtle.idl
[1.706s] -- Up-to-date: /home/gun/ros2_ws/install/my_robot_interfaces/share/my_robot_interfaces/action/CountUntil.idl
[1.706s] -- Up-to-date: /home/gun/ros2_ws/install/my_robot_interfaces/share/my_robot_interfaces/srv/SetNoise.idl
[1.706s] -- Up-to-date: /home/gun/ros2_ws/install/my_robot_interfaces/share/my_robot_interfaces/msg/HardwareStatus.msg
[1.706s] -- Up-to-date: /home/gun/ros2_ws/install/my_robot_interfaces/share/my_robot_interfaces/srv/ComputeRectangleArea.srv
[1.706s] -- Up-to-date: /home/gun/ros2_ws/install/my_robot_interfaces/share/my_robot_interfaces/srv/ComputeRectangleArea_Request.msg
[1.706s] -- Up-to-date: /home/gun/ros2_ws/install/my_robot_interfaces/share/my_robot_interfaces/srv/ComputeRectangleArea_Response.msg
[1.706s] -- Up-to-date: /home/gun/ros2_ws/install/my_robot_interfaces/share/my_robot_interfaces/msg/LEDPanelState.msg
[1.706s] -- Up-to-date: /home/gun/ros2_ws/install/my_robot_interfaces/share/my_robot_interfaces/srv/SetLED.srv
[1.706s] -- Up-to-date: /home/gun/ros2_ws/install/my_robot_interfaces/share/my_robot_interfaces/srv/SetLED_Request.msg
[1.707s] -- Up-to-date: /home/gun/ros2_ws/install/my_robot_interfaces/share/my_robot_interfaces/srv/SetLED_Response.msg
[1.707s] -- Up-to-date: /home/gun/ros2_ws/install/my_robot_interfaces/share/my_robot_interfaces/msg/Turtle.msg
[1.707s] -- Up-to-date: /home/gun/ros2_ws/install/my_robot_interfaces/share/my_robot_interfaces/msg/TurtleArray.msg
[1.709s] -- Up-to-date: /home/gun/ros2_ws/install/my_robot_interfaces/share/my_robot_interfaces/srv/CatchTurtle.srv
[1.709s] -- Up-to-date: /home/gun/ros2_ws/install/my_robot_interfaces/share/my_robot_interfaces/srv/CatchTurtle_Request.msg
[1.709s] -- Up-to-date: /home/gun/ros2_ws/install/my_robot_interfaces/share/my_robot_interfaces/srv/CatchTurtle_Response.msg
[1.709s] -- Up-to-date: /home/gun/ros2_ws/install/my_robot_interfaces/share/my_robot_interfaces/action/CountUntil.action
[1.709s] -- Up-to-date: /home/gun/ros2_ws/install/my_robot_interfaces/share/my_robot_interfaces/srv/SetNoise.srv
[1.710s] -- Up-to-date: /home/gun/ros2_ws/install/my_robot_interfaces/share/my_robot_interfaces/srv/SetNoise_Request.msg
[1.710s] -- Up-to-date: /home/gun/ros2_ws/install/my_robot_interfaces/share/my_robot_interfaces/srv/SetNoise_Response.msg
[1.710s] -- Up-to-date: /home/gun/ros2_ws/install/my_robot_interfaces/share/ament_index/resource_index/package_run_dependencies/my_robot_interfaces
[1.710s] -- Up-to-date: /home/gun/ros2_ws/install/my_robot_interfaces/share/ament_index/resource_index/parent_prefix_path/my_robot_interfaces
[1.710s] -- Up-to-date: /home/gun/ros2_ws/install/my_robot_interfaces/share/my_robot_interfaces/environment/ament_prefix_path.sh
[1.710s] -- Up-to-date: /home/gun/ros2_ws/install/my_robot_interfaces/share/my_robot_interfaces/environment/ament_prefix_path.dsv
[1.710s] -- Up-to-date: /home/gun/ros2_ws/install/my_robot_interfaces/share/my_robot_interfaces/environment/path.sh
[1.710s] -- Up-to-date: /home/gun/ros2_ws/install/my_robot_interfaces/share/my_robot_interfaces/environment/path.dsv
[1.710s] -- Up-to-date: /home/gun/ros2_ws/install/my_robot_interfaces/share/my_robot_interfaces/local_setup.bash
[1.711s] -- Up-to-date: /home/gun/ros2_ws/install/my_robot_interfaces/share/my_robot_interfaces/local_setup.sh
[1.712s] -- Up-to-date: /home/gun/ros2_ws/install/my_robot_interfaces/share/my_robot_interfaces/local_setup.zsh
[1.712s] -- Up-to-date: /home/gun/ros2_ws/install/my_robot_interfaces/share/my_robot_interfaces/local_setup.dsv
[1.712s] -- Installing: /home/gun/ros2_ws/install/my_robot_interfaces/share/my_robot_interfaces/package.dsv
[1.712s] -- Up-to-date: /home/gun/ros2_ws/install/my_robot_interfaces/share/ament_index/resource_index/packages/my_robot_interfaces
[1.713s] -- Up-to-date: /home/gun/ros2_ws/install/my_robot_interfaces/share/my_robot_interfaces/cmake/export_my_robot_interfaces__rosidl_generator_cExport.cmake
[1.713s] -- Up-to-date: /home/gun/ros2_ws/install/my_robot_interfaces/share/my_robot_interfaces/cmake/export_my_robot_interfaces__rosidl_generator_cExport-noconfig.cmake
[1.713s] -- Up-to-date: /home/gun/ros2_ws/install/my_robot_interfaces/share/my_robot_interfaces/cmake/export_my_robot_interfaces__rosidl_typesupport_fastrtps_cExport.cmake
[1.714s] -- Up-to-date: /home/gun/ros2_ws/install/my_robot_interfaces/share/my_robot_interfaces/cmake/export_my_robot_interfaces__rosidl_typesupport_fastrtps_cExport-noconfig.cmake
[1.714s] -- Up-to-date: /home/gun/ros2_ws/install/my_robot_interfaces/share/my_robot_interfaces/cmake/my_robot_interfaces__rosidl_typesupport_introspection_cExport.cmake
[1.714s] -- Up-to-date: /home/gun/ros2_ws/install/my_robot_interfaces/share/my_robot_interfaces/cmake/my_robot_interfaces__rosidl_typesupport_introspection_cExport-noconfig.cmake
[1.715s] -- Up-to-date: /home/gun/ros2_ws/install/my_robot_interfaces/share/my_robot_interfaces/cmake/my_robot_interfaces__rosidl_typesupport_cExport.cmake
[1.715s] -- Up-to-date: /home/gun/ros2_ws/install/my_robot_interfaces/share/my_robot_interfaces/cmake/my_robot_interfaces__rosidl_typesupport_cExport-noconfig.cmake
[1.715s] -- Up-to-date: /home/gun/ros2_ws/install/my_robot_interfaces/share/my_robot_interfaces/cmake/export_my_robot_interfaces__rosidl_generator_cppExport.cmake
[1.716s] -- Up-to-date: /home/gun/ros2_ws/install/my_robot_interfaces/share/my_robot_interfaces/cmake/export_my_robot_interfaces__rosidl_typesupport_fastrtps_cppExport.cmake
[1.716s] -- Up-to-date: /home/gun/ros2_ws/install/my_robot_interfaces/share/my_robot_interfaces/cmake/export_my_robot_interfaces__rosidl_typesupport_fastrtps_cppExport-noconfig.cmake
[1.717s] -- Up-to-date: /home/gun/ros2_ws/install/my_robot_interfaces/share/my_robot_interfaces/cmake/my_robot_interfaces__rosidl_typesupport_introspection_cppExport.cmake
[1.717s] -- Up-to-date: /home/gun/ros2_ws/install/my_robot_interfaces/share/my_robot_interfaces/cmake/my_robot_interfaces__rosidl_typesupport_introspection_cppExport-noconfig.cmake
[1.717s] -- Up-to-date: /home/gun/ros2_ws/install/my_robot_interfaces/share/my_robot_interfaces/cmake/my_robot_interfaces__rosidl_typesupport_cppExport.cmake
[1.718s] -- Up-to-date: /home/gun/ros2_ws/install/my_robot_interfaces/share/my_robot_interfaces/cmake/my_robot_interfaces__rosidl_typesupport_cppExport-noconfig.cmake
[1.718s] -- Up-to-date: /home/gun/ros2_ws/install/my_robot_interfaces/share/my_robot_interfaces/cmake/export_my_robot_interfaces__rosidl_generator_pyExport.cmake
[1.718s] -- Up-to-date: /home/gun/ros2_ws/install/my_robot_interfaces/share/my_robot_interfaces/cmake/export_my_robot_interfaces__rosidl_generator_pyExport-noconfig.cmake
[1.719s] -- Up-to-date: /home/gun/ros2_ws/install/my_robot_interfaces/share/my_robot_interfaces/cmake/rosidl_cmake-extras.cmake
[1.719s] -- Up-to-date: /home/gun/ros2_ws/install/my_robot_interfaces/share/my_robot_interfaces/cmake/ament_cmake_export_dependencies-extras.cmake
[1.719s] -- Up-to-date: /home/gun/ros2_ws/install/my_robot_interfaces/share/my_robot_interfaces/cmake/ament_cmake_export_include_directories-extras.cmake
[1.720s] -- Up-to-date: /home/gun/ros2_ws/install/my_robot_interfaces/share/my_robot_interfaces/cmake/ament_cmake_export_libraries-extras.cmake
[1.720s] -- Up-to-date: /home/gun/ros2_ws/install/my_robot_interfaces/share/my_robot_interfaces/cmake/ament_cmake_export_targets-extras.cmake
[1.720s] -- Up-to-date: /home/gun/ros2_ws/install/my_robot_interfaces/share/my_robot_interfaces/cmake/rosidl_cmake_export_typesupport_targets-extras.cmake
[1.720s] -- Up-to-date: /home/gun/ros2_ws/install/my_robot_interfaces/share/my_robot_interfaces/cmake/rosidl_cmake_export_typesupport_libraries-extras.cmake
[1.721s] -- Up-to-date: /home/gun/ros2_ws/install/my_robot_interfaces/share/my_robot_interfaces/cmake/my_robot_interfacesConfig.cmake
[1.721s] -- Up-to-date: /home/gun/ros2_ws/install/my_robot_interfaces/share/my_robot_interfaces/cmake/my_robot_interfacesConfig-version.cmake
[1.722s] -- Up-to-date: /home/gun/ros2_ws/install/my_robot_interfaces/share/my_robot_interfaces/package.xml
[1.727s] Invoked command in '/home/gun/ros2_ws/build/my_robot_interfaces' returned '0': CMAKE_PREFIX_PATH=${CMAKE_PREFIX_PATH}:/home/gun/CARVER_WS/install/rtabmap_python:/home/gun/ros2_ws/install/turtlesim_catch_them_all:/home/gun/ros2_ws/install/my_py_pkg:/home/gun/ros2_ws/install/actions_py:/opt/ros/humble /usr/bin/cmake --install /home/gun/ros2_ws/build/my_robot_interfaces
