[0.017s] Invoking command in '/home/gun/ros2_ws/build/my_controller': CMAKE_PREFIX_PATH=${CMAKE_PREFIX_PATH}:/home/gun/CARVER_WS/install/rtabmap_python:/home/gun/ros2_ws/install/turtlesim_catch_them_all:/home/gun/ros2_ws/install/my_py_pkg:/home/gun/ros2_ws/install/actions_py:/opt/ros/humble /usr/bin/cmake --build /home/gun/ros2_ws/build/my_controller -- -j8 -l8
[0.050s] -- Found ament_cmake: 1.3.11 (/opt/ros/humble/share/ament_cmake/cmake)
[0.233s] -- Found rclcpp: 16.0.11 (/opt/ros/humble/share/rclcpp/cmake)
[0.283s] -- Found rosidl_generator_c: 3.1.6 (/opt/ros/humble/share/rosidl_generator_c/cmake)
[0.288s] -- Found rosidl_adapter: 3.1.6 (/opt/ros/humble/share/rosidl_adapter/cmake)
[0.297s] -- Found rosidl_generator_cpp: 3.1.6 (/opt/ros/humble/share/rosidl_generator_cpp/cmake)
[0.313s] -- Using all available rosidl_typesupport_c: rosidl_typesupport_fastrtps_c;rosidl_typesupport_introspection_c
[0.330s] -- Using all available rosidl_typesupport_cpp: rosidl_typesupport_fastrtps_cpp;rosidl_typesupport_introspection_cpp
[0.383s] -- Found rmw_implementation_cmake: 6.1.2 (/opt/ros/humble/share/rmw_implementation_cmake/cmake)
[0.388s] -- Found rmw_cyclonedds_cpp: 1.3.4 (/opt/ros/humble/share/rmw_cyclonedds_cpp/cmake)
[0.424s] -- Using RMW implementation 'rmw_cyclonedds_cpp' as default
[0.503s] -- Found rclpy: 3.3.15 (/opt/ros/humble/share/rclpy/cmake)
[0.675s] -- Configuring done
[0.683s] -- Generating done
[0.687s] -- Build files have been written to: /home/gun/ros2_ws/build/my_controller
[0.713s] [35m[1mConsolidate compiler generated dependencies of target cpp_node_test[0m
[0.725s] [100%] Built target cpp_node_test
[0.733s] [100%] Built target ament_cmake_python_copy_my_controller
[1.019s] running egg_info
[1.040s] writing my_controller.egg-info/PKG-INFO
[1.041s] writing dependency_links to my_controller.egg-info/dependency_links.txt
[1.041s] writing top-level names to my_controller.egg-info/top_level.txt
[1.098s] reading manifest file 'my_controller.egg-info/SOURCES.txt'
[1.098s] writing manifest file 'my_controller.egg-info/SOURCES.txt'
[1.132s] [100%] Built target ament_cmake_python_build_my_controller_egg
[1.144s] Invoked command in '/home/gun/ros2_ws/build/my_controller' returned '0': CMAKE_PREFIX_PATH=${CMAKE_PREFIX_PATH}:/home/gun/CARVER_WS/install/rtabmap_python:/home/gun/ros2_ws/install/turtlesim_catch_them_all:/home/gun/ros2_ws/install/my_py_pkg:/home/gun/ros2_ws/install/actions_py:/opt/ros/humble /usr/bin/cmake --build /home/gun/ros2_ws/build/my_controller -- -j8 -l8
[1.155s] Invoking command in '/home/gun/ros2_ws/build/my_controller': CMAKE_PREFIX_PATH=${CMAKE_PREFIX_PATH}:/home/gun/CARVER_WS/install/rtabmap_python:/home/gun/ros2_ws/install/turtlesim_catch_them_all:/home/gun/ros2_ws/install/my_py_pkg:/home/gun/ros2_ws/install/actions_py:/opt/ros/humble /usr/bin/cmake --install /home/gun/ros2_ws/build/my_controller
[1.163s] -- Install configuration: ""
[1.163s] -- Up-to-date: /home/gun/ros2_ws/install/my_controller/share/my_controller/environment/pythonpath.sh
[1.163s] -- Installing: /home/gun/ros2_ws/install/my_controller/share/my_controller/environment/pythonpath.dsv
[1.163s] -- Up-to-date: /home/gun/ros2_ws/install/my_controller/local/lib/python3.10/dist-packages/my_controller-0.0.0-py3.10.egg-info
[1.163s] -- Installing: /home/gun/ros2_ws/install/my_controller/local/lib/python3.10/dist-packages/my_controller-0.0.0-py3.10.egg-info/top_level.txt
[1.163s] -- Installing: /home/gun/ros2_ws/install/my_controller/local/lib/python3.10/dist-packages/my_controller-0.0.0-py3.10.egg-info/PKG-INFO
[1.163s] -- Installing: /home/gun/ros2_ws/install/my_controller/local/lib/python3.10/dist-packages/my_controller-0.0.0-py3.10.egg-info/SOURCES.txt
[1.164s] -- Installing: /home/gun/ros2_ws/install/my_controller/local/lib/python3.10/dist-packages/my_controller-0.0.0-py3.10.egg-info/dependency_links.txt
[1.164s] -- Up-to-date: /home/gun/ros2_ws/install/my_controller/local/lib/python3.10/dist-packages/my_controller
[1.164s] -- Up-to-date: /home/gun/ros2_ws/install/my_controller/local/lib/python3.10/dist-packages/my_controller/__init__.py
[1.164s] -- Up-to-date: /home/gun/ros2_ws/install/my_controller/local/lib/python3.10/dist-packages/my_controller/dummy_module.py
[1.216s] Listing '/home/gun/ros2_ws/install/my_controller/local/lib/python3.10/dist-packages/my_controller'...
[1.222s] -- Up-to-date: /home/gun/ros2_ws/install/my_controller/lib/my_controller/dummy_script.py
[1.222s] -- Up-to-date: /home/gun/ros2_ws/install/my_controller/lib/my_controller/diff_drive.py
[1.222s] -- Up-to-date: /home/gun/ros2_ws/install/my_controller/lib/my_controller/point_to_point_controller.py
[1.222s] -- Installing: /home/gun/ros2_ws/install/my_controller/lib/my_controller/PotentialFieldPlot.py
[1.222s] -- Installing: /home/gun/ros2_ws/install/my_controller/lib/my_controller/PotentialFieldStudent.py
[1.222s] -- Installing: /home/gun/ros2_ws/install/my_controller/lib/my_controller/PurePursuitNodeStudent.py
[1.222s] -- Up-to-date: /home/gun/ros2_ws/install/my_controller/lib/my_controller/cpp_node_test
[1.223s] -- Up-to-date: /home/gun/ros2_ws/install/my_controller/share/my_controller/my_controller
[1.223s] -- Up-to-date: /home/gun/ros2_ws/install/my_controller/share/my_controller/my_controller/__init__.py
[1.223s] -- Up-to-date: /home/gun/ros2_ws/install/my_controller/share/my_controller/my_controller/dummy_module.py
[1.223s] -- Up-to-date: /home/gun/ros2_ws/install/my_controller/share/my_controller/scripts
[1.223s] -- Installing: /home/gun/ros2_ws/install/my_controller/share/my_controller/scripts/PurePursuitNodeStudent.py
[1.223s] -- Up-to-date: /home/gun/ros2_ws/install/my_controller/share/my_controller/scripts/dummy_script.py
[1.223s] -- Installing: /home/gun/ros2_ws/install/my_controller/share/my_controller/scripts/PotentialFieldPlot.py
[1.223s] -- Up-to-date: /home/gun/ros2_ws/install/my_controller/share/my_controller/scripts/diff_drive.py
[1.223s] -- Installing: /home/gun/ros2_ws/install/my_controller/share/my_controller/scripts/PotentialFieldStudent.py
[1.224s] -- Up-to-date: /home/gun/ros2_ws/install/my_controller/share/my_controller/scripts/point_to_point_controller.py
[1.224s] -- Up-to-date: /home/gun/ros2_ws/install/my_controller/share/ament_index/resource_index/package_run_dependencies/my_controller
[1.224s] -- Up-to-date: /home/gun/ros2_ws/install/my_controller/share/ament_index/resource_index/parent_prefix_path/my_controller
[1.224s] -- Up-to-date: /home/gun/ros2_ws/install/my_controller/share/my_controller/environment/ament_prefix_path.sh
[1.224s] -- Installing: /home/gun/ros2_ws/install/my_controller/share/my_controller/environment/ament_prefix_path.dsv
[1.224s] -- Up-to-date: /home/gun/ros2_ws/install/my_controller/share/my_controller/environment/path.sh
[1.224s] -- Installing: /home/gun/ros2_ws/install/my_controller/share/my_controller/environment/path.dsv
[1.224s] -- Up-to-date: /home/gun/ros2_ws/install/my_controller/share/my_controller/local_setup.bash
[1.224s] -- Up-to-date: /home/gun/ros2_ws/install/my_controller/share/my_controller/local_setup.sh
[1.224s] -- Up-to-date: /home/gun/ros2_ws/install/my_controller/share/my_controller/local_setup.zsh
[1.225s] -- Installing: /home/gun/ros2_ws/install/my_controller/share/my_controller/local_setup.dsv
[1.225s] -- Installing: /home/gun/ros2_ws/install/my_controller/share/my_controller/package.dsv
[1.225s] -- Up-to-date: /home/gun/ros2_ws/install/my_controller/share/ament_index/resource_index/packages/my_controller
[1.225s] -- Up-to-date: /home/gun/ros2_ws/install/my_controller/share/my_controller/cmake/my_controllerConfig.cmake
[1.226s] -- Up-to-date: /home/gun/ros2_ws/install/my_controller/share/my_controller/cmake/my_controllerConfig-version.cmake
[1.226s] -- Up-to-date: /home/gun/ros2_ws/install/my_controller/share/my_controller/package.xml
[1.226s] Invoked command in '/home/gun/ros2_ws/build/my_controller' returned '0': CMAKE_PREFIX_PATH=${CMAKE_PREFIX_PATH}:/home/gun/CARVER_WS/install/rtabmap_python:/home/gun/ros2_ws/install/turtlesim_catch_them_all:/home/gun/ros2_ws/install/my_py_pkg:/home/gun/ros2_ws/install/actions_py:/opt/ros/humble /usr/bin/cmake --install /home/gun/ros2_ws/build/my_controller
