[100%] Built target cpp_node_test
[100%] Built target ament_cmake_python_copy_dummy_gazebo
running egg_info
writing dummy_gazebo.egg-info/PKG-INFO
writing dependency_links to dummy_gazebo.egg-info/dependency_links.txt
writing top-level names to dummy_gazebo.egg-info/top_level.txt
reading manifest file 'dummy_gazebo.egg-info/SOURCES.txt'
writing manifest file 'dummy_gazebo.egg-info/SOURCES.txt'
[100%] Built target ament_cmake_python_build_dummy_gazebo_egg
-- Install configuration: ""
-- Up-to-date: /home/gun/ros2_ws/install/dummy_gazebo/share/dummy_gazebo/environment/pythonpath.sh
-- Up-to-date: /home/gun/ros2_ws/install/dummy_gazebo/share/dummy_gazebo/environment/pythonpath.dsv
-- Up-to-date: /home/gun/ros2_ws/install/dummy_gazebo/local/lib/python3.10/dist-packages/dummy_gazebo-0.0.0-py3.10.egg-info
-- Installing: /home/gun/ros2_ws/install/dummy_gazebo/local/lib/python3.10/dist-packages/dummy_gazebo-0.0.0-py3.10.egg-info/top_level.txt
-- Installing: /home/gun/ros2_ws/install/dummy_gazebo/local/lib/python3.10/dist-packages/dummy_gazebo-0.0.0-py3.10.egg-info/PKG-INFO
-- Installing: /home/gun/ros2_ws/install/dummy_gazebo/local/lib/python3.10/dist-packages/dummy_gazebo-0.0.0-py3.10.egg-info/SOURCES.txt
-- Installing: /home/gun/ros2_ws/install/dummy_gazebo/local/lib/python3.10/dist-packages/dummy_gazebo-0.0.0-py3.10.egg-info/dependency_links.txt
-- Up-to-date: /home/gun/ros2_ws/install/dummy_gazebo/local/lib/python3.10/dist-packages/dummy_gazebo
-- Up-to-date: /home/gun/ros2_ws/install/dummy_gazebo/local/lib/python3.10/dist-packages/dummy_gazebo/__init__.py
-- Up-to-date: /home/gun/ros2_ws/install/dummy_gazebo/local/lib/python3.10/dist-packages/dummy_gazebo/dummy_module.py
Listing '/home/gun/ros2_ws/install/dummy_gazebo/local/lib/python3.10/dist-packages/dummy_gazebo'...
-- Up-to-date: /home/gun/ros2_ws/install/dummy_gazebo/lib/dummy_gazebo/dummy_script.py
-- Up-to-date: /home/gun/ros2_ws/install/dummy_gazebo/lib/dummy_gazebo/teleop.py
-- Up-to-date: /home/gun/ros2_ws/install/dummy_gazebo/lib/dummy_gazebo/cpp_node_test
-- Up-to-date: /home/gun/ros2_ws/install/dummy_gazebo/share/dummy_gazebo/config
-- Up-to-date: /home/gun/ros2_ws/install/dummy_gazebo/share/dummy_gazebo/launch
-- Up-to-date: /home/gun/ros2_ws/install/dummy_gazebo/share/dummy_gazebo/launch/sim.launch.py
-- Up-to-date: /home/gun/ros2_ws/install/dummy_gazebo/share/dummy_gazebo/rviz
-- Up-to-date: /home/gun/ros2_ws/install/dummy_gazebo/share/dummy_gazebo/rviz/display.rviz
-- Up-to-date: /home/gun/ros2_ws/install/dummy_gazebo/share/dummy_gazebo/world
-- Up-to-date: /home/gun/ros2_ws/install/dummy_gazebo/share/ament_index/resource_index/package_run_dependencies/dummy_gazebo
-- Up-to-date: /home/gun/ros2_ws/install/dummy_gazebo/share/ament_index/resource_index/parent_prefix_path/dummy_gazebo
-- Up-to-date: /home/gun/ros2_ws/install/dummy_gazebo/share/dummy_gazebo/environment/ament_prefix_path.sh
-- Up-to-date: /home/gun/ros2_ws/install/dummy_gazebo/share/dummy_gazebo/environment/ament_prefix_path.dsv
-- Up-to-date: /home/gun/ros2_ws/install/dummy_gazebo/share/dummy_gazebo/environment/path.sh
-- Up-to-date: /home/gun/ros2_ws/install/dummy_gazebo/share/dummy_gazebo/environment/path.dsv
-- Up-to-date: /home/gun/ros2_ws/install/dummy_gazebo/share/dummy_gazebo/local_setup.bash
-- Up-to-date: /home/gun/ros2_ws/install/dummy_gazebo/share/dummy_gazebo/local_setup.sh
-- Up-to-date: /home/gun/ros2_ws/install/dummy_gazebo/share/dummy_gazebo/local_setup.zsh
-- Up-to-date: /home/gun/ros2_ws/install/dummy_gazebo/share/dummy_gazebo/local_setup.dsv
-- Installing: /home/gun/ros2_ws/install/dummy_gazebo/share/dummy_gazebo/package.dsv
-- Up-to-date: /home/gun/ros2_ws/install/dummy_gazebo/share/ament_index/resource_index/packages/dummy_gazebo
-- Up-to-date: /home/gun/ros2_ws/install/dummy_gazebo/share/dummy_gazebo/cmake/dummy_gazeboConfig.cmake
-- Up-to-date: /home/gun/ros2_ws/install/dummy_gazebo/share/dummy_gazebo/cmake/dummy_gazeboConfig-version.cmake
-- Up-to-date: /home/gun/ros2_ws/install/dummy_gazebo/share/dummy_gazebo/package.xml
