[0.084s] Invoking command in '/home/gun/ros2_ws/build/turtlesim_plus': CMAKE_PREFIX_PATH=${CMAKE_PREFIX_PATH}:/home/gun/CARVER_WS/install/rtabmap_python:/home/gun/ros2_ws/install/turtlesim_catch_them_all:/home/gun/ros2_ws/install/my_py_pkg:/home/gun/ros2_ws/install/actions_py:/opt/ros/humble /usr/bin/cmake --build /home/gun/ros2_ws/build/turtlesim_plus -- -j8 -l8
[0.275s] Built target ament_cmake_python_copy_turtlesim_plus
[0.854s] running egg_info
[0.893s] writing turtlesim_plus.egg-info/PKG-INFO
[0.893s] writing dependency_links to turtlesim_plus.egg-info/dependency_links.txt
[0.894s] writing top-level names to turtlesim_plus.egg-info/top_level.txt
[1.009s] reading manifest file 'turtlesim_plus.egg-info/SOURCES.txt'
[1.012s] writing manifest file 'turtlesim_plus.egg-info/SOURCES.txt'
[1.085s] Built target ament_cmake_python_build_turtlesim_plus_egg
[1.125s] Invoked command in '/home/gun/ros2_ws/build/turtlesim_plus' returned '0': CMAKE_PREFIX_PATH=${CMAKE_PREFIX_PATH}:/home/gun/CARVER_WS/install/rtabmap_python:/home/gun/ros2_ws/install/turtlesim_catch_them_all:/home/gun/ros2_ws/install/my_py_pkg:/home/gun/ros2_ws/install/actions_py:/opt/ros/humble /usr/bin/cmake --build /home/gun/ros2_ws/build/turtlesim_plus -- -j8 -l8
[1.189s] Invoking command in '/home/gun/ros2_ws/build/turtlesim_plus': CMAKE_PREFIX_PATH=${CMAKE_PREFIX_PATH}:/home/gun/CARVER_WS/install/rtabmap_python:/home/gun/ros2_ws/install/turtlesim_catch_them_all:/home/gun/ros2_ws/install/my_py_pkg:/home/gun/ros2_ws/install/actions_py:/opt/ros/humble /usr/bin/cmake --install /home/gun/ros2_ws/build/turtlesim_plus
[1.198s] -- Install configuration: ""
[1.198s] -- Up-to-date: /home/gun/ros2_ws/install/turtlesim_plus/share/turtlesim_plus/environment/pythonpath.sh
[1.198s] -- Up-to-date: /home/gun/ros2_ws/install/turtlesim_plus/share/turtlesim_plus/environment/pythonpath.dsv
[1.198s] -- Up-to-date: /home/gun/ros2_ws/install/turtlesim_plus/local/lib/python3.10/dist-packages/turtlesim_plus-1.0.0-py3.10.egg-info
[1.198s] -- Installing: /home/gun/ros2_ws/install/turtlesim_plus/local/lib/python3.10/dist-packages/turtlesim_plus-1.0.0-py3.10.egg-info/top_level.txt
[1.199s] -- Installing: /home/gun/ros2_ws/install/turtlesim_plus/local/lib/python3.10/dist-packages/turtlesim_plus-1.0.0-py3.10.egg-info/PKG-INFO
[1.200s] -- Installing: /home/gun/ros2_ws/install/turtlesim_plus/local/lib/python3.10/dist-packages/turtlesim_plus-1.0.0-py3.10.egg-info/SOURCES.txt
[1.200s] -- Installing: /home/gun/ros2_ws/install/turtlesim_plus/local/lib/python3.10/dist-packages/turtlesim_plus-1.0.0-py3.10.egg-info/dependency_links.txt
[1.200s] -- Up-to-date: /home/gun/ros2_ws/install/turtlesim_plus/local/lib/python3.10/dist-packages/turtlesim_plus
[1.200s] -- Up-to-date: /home/gun/ros2_ws/install/turtlesim_plus/local/lib/python3.10/dist-packages/turtlesim_plus/__init__.py
[1.201s] -- Up-to-date: /home/gun/ros2_ws/install/turtlesim_plus/local/lib/python3.10/dist-packages/turtlesim_plus/ros2_plugins.py
[1.201s] -- Up-to-date: /home/gun/ros2_ws/install/turtlesim_plus/local/lib/python3.10/dist-packages/turtlesim_plus/entity.py
[1.201s] -- Up-to-date: /home/gun/ros2_ws/install/turtlesim_plus/local/lib/python3.10/dist-packages/turtlesim_plus/image
[1.201s] -- Up-to-date: /home/gun/ros2_ws/install/turtlesim_plus/local/lib/python3.10/dist-packages/turtlesim_plus/image/turtle
[1.202s] -- Up-to-date: /home/gun/ros2_ws/install/turtlesim_plus/local/lib/python3.10/dist-packages/turtlesim_plus/image/turtle/humble.png
[1.202s] -- Up-to-date: /home/gun/ros2_ws/install/turtlesim_plus/local/lib/python3.10/dist-packages/turtlesim_plus/image/turtle/foxy.png
[1.202s] -- Up-to-date: /home/gun/ros2_ws/install/turtlesim_plus/local/lib/python3.10/dist-packages/turtlesim_plus/image/turtle/crystal.png
[1.202s] -- Up-to-date: /home/gun/ros2_ws/install/turtlesim_plus/local/lib/python3.10/dist-packages/turtlesim_plus/image/turtle/galactic.png
[1.202s] -- Up-to-date: /home/gun/ros2_ws/install/turtlesim_plus/local/lib/python3.10/dist-packages/turtlesim_plus/image/turtle/ardent.png
[1.202s] -- Up-to-date: /home/gun/ros2_ws/install/turtlesim_plus/local/lib/python3.10/dist-packages/turtlesim_plus/image/turtle/dashing.png
[1.209s] -- Up-to-date: /home/gun/ros2_ws/install/turtlesim_plus/local/lib/python3.10/dist-packages/turtlesim_plus/image/turtle/eloquent.png
[1.209s] -- Up-to-date: /home/gun/ros2_ws/install/turtlesim_plus/local/lib/python3.10/dist-packages/turtlesim_plus/image/turtle/bouncy.png
[1.209s] -- Up-to-date: /home/gun/ros2_ws/install/turtlesim_plus/local/lib/python3.10/dist-packages/turtlesim_plus/image/turtle/otto.png
[1.212s] -- Up-to-date: /home/gun/ros2_ws/install/turtlesim_plus/local/lib/python3.10/dist-packages/turtlesim_plus/image/turtle/rolling.png
[1.213s] -- Up-to-date: /home/gun/ros2_ws/install/turtlesim_plus/local/lib/python3.10/dist-packages/turtlesim_plus/image/map
[1.213s] -- Up-to-date: /home/gun/ros2_ws/install/turtlesim_plus/local/lib/python3.10/dist-packages/turtlesim_plus/image/map/map.png
[1.213s] -- Up-to-date: /home/gun/ros2_ws/install/turtlesim_plus/local/lib/python3.10/dist-packages/turtlesim_plus/image/object
[1.213s] -- Up-to-date: /home/gun/ros2_ws/install/turtlesim_plus/local/lib/python3.10/dist-packages/turtlesim_plus/image/object/parcel.png
[1.213s] -- Up-to-date: /home/gun/ros2_ws/install/turtlesim_plus/local/lib/python3.10/dist-packages/turtlesim_plus/image/object/pizza.png
[1.280s] Listing '/home/gun/ros2_ws/install/turtlesim_plus/local/lib/python3.10/dist-packages/turtlesim_plus'...
[1.280s] Listing '/home/gun/ros2_ws/install/turtlesim_plus/local/lib/python3.10/dist-packages/turtlesim_plus/image'...
[1.281s] Listing '/home/gun/ros2_ws/install/turtlesim_plus/local/lib/python3.10/dist-packages/turtlesim_plus/image/map'...
[1.281s] Listing '/home/gun/ros2_ws/install/turtlesim_plus/local/lib/python3.10/dist-packages/turtlesim_plus/image/object'...
[1.281s] Listing '/home/gun/ros2_ws/install/turtlesim_plus/local/lib/python3.10/dist-packages/turtlesim_plus/image/turtle'...
[1.288s] -- Up-to-date: /home/gun/ros2_ws/install/turtlesim_plus/lib/turtlesim_plus/turtlesim_plus_node.py
[1.289s] -- Up-to-date: /home/gun/ros2_ws/install/turtlesim_plus/lib/turtlesim_plus/pizza_on_click.py
[1.289s] -- Up-to-date: /home/gun/ros2_ws/install/turtlesim_plus/share/turtlesim_plus
[1.289s] -- Up-to-date: /home/gun/ros2_ws/install/turtlesim_plus/share/ament_index/resource_index/package_run_dependencies/turtlesim_plus
[1.289s] -- Up-to-date: /home/gun/ros2_ws/install/turtlesim_plus/share/ament_index/resource_index/parent_prefix_path/turtlesim_plus
[1.289s] -- Up-to-date: /home/gun/ros2_ws/install/turtlesim_plus/share/turtlesim_plus/environment/ament_prefix_path.sh
[1.289s] -- Up-to-date: /home/gun/ros2_ws/install/turtlesim_plus/share/turtlesim_plus/environment/ament_prefix_path.dsv
[1.290s] -- Up-to-date: /home/gun/ros2_ws/install/turtlesim_plus/share/turtlesim_plus/environment/path.sh
[1.290s] -- Up-to-date: /home/gun/ros2_ws/install/turtlesim_plus/share/turtlesim_plus/environment/path.dsv
[1.290s] -- Up-to-date: /home/gun/ros2_ws/install/turtlesim_plus/share/turtlesim_plus/local_setup.bash
[1.290s] -- Up-to-date: /home/gun/ros2_ws/install/turtlesim_plus/share/turtlesim_plus/local_setup.sh
[1.290s] -- Up-to-date: /home/gun/ros2_ws/install/turtlesim_plus/share/turtlesim_plus/local_setup.zsh
[1.290s] -- Up-to-date: /home/gun/ros2_ws/install/turtlesim_plus/share/turtlesim_plus/local_setup.dsv
[1.290s] -- Installing: /home/gun/ros2_ws/install/turtlesim_plus/share/turtlesim_plus/package.dsv
[1.290s] -- Up-to-date: /home/gun/ros2_ws/install/turtlesim_plus/share/ament_index/resource_index/packages/turtlesim_plus
[1.290s] -- Up-to-date: /home/gun/ros2_ws/install/turtlesim_plus/share/turtlesim_plus/cmake/turtlesim_plusConfig.cmake
[1.290s] -- Up-to-date: /home/gun/ros2_ws/install/turtlesim_plus/share/turtlesim_plus/cmake/turtlesim_plusConfig-version.cmake
[1.291s] -- Up-to-date: /home/gun/ros2_ws/install/turtlesim_plus/share/turtlesim_plus/package.xml
[1.331s] Invoked command in '/home/gun/ros2_ws/build/turtlesim_plus' returned '0': CMAKE_PREFIX_PATH=${CMAKE_PREFIX_PATH}:/home/gun/CARVER_WS/install/rtabmap_python:/home/gun/ros2_ws/install/turtlesim_catch_them_all:/home/gun/ros2_ws/install/my_py_pkg:/home/gun/ros2_ws/install/actions_py:/opt/ros/humble /usr/bin/cmake --install /home/gun/ros2_ws/build/turtlesim_plus
