[0.058s] Invoking command in '/home/gun/ros2_ws/build/dummy_description': CMAKE_PREFIX_PATH=${CMAKE_PREFIX_PATH}:/home/gun/CARVER_WS/install/rtabmap_python:/home/gun/ros2_ws/install/turtlesim_catch_them_all:/home/gun/ros2_ws/install/my_py_pkg:/home/gun/ros2_ws/install/actions_py:/opt/ros/humble /usr/bin/cmake --build /home/gun/ros2_ws/build/dummy_description -- -j8 -l8
[0.218s] [100%] Built target cpp_node_test
[0.222s] [100%] Built target ament_cmake_python_copy_dummy_description
[0.805s] running egg_info
[0.842s] writing dummy_description.egg-info/PKG-INFO
[0.842s] writing dependency_links to dummy_description.egg-info/dependency_links.txt
[0.846s] writing top-level names to dummy_description.egg-info/top_level.txt
[0.958s] reading manifest file 'dummy_description.egg-info/SOURCES.txt'
[0.958s] writing manifest file 'dummy_description.egg-info/SOURCES.txt'
[1.030s] [100%] Built target ament_cmake_python_build_dummy_description_egg
[1.050s] Invoked command in '/home/gun/ros2_ws/build/dummy_description' returned '0': CMAKE_PREFIX_PATH=${CMAKE_PREFIX_PATH}:/home/gun/CARVER_WS/install/rtabmap_python:/home/gun/ros2_ws/install/turtlesim_catch_them_all:/home/gun/ros2_ws/install/my_py_pkg:/home/gun/ros2_ws/install/actions_py:/opt/ros/humble /usr/bin/cmake --build /home/gun/ros2_ws/build/dummy_description -- -j8 -l8
[1.101s] Invoking command in '/home/gun/ros2_ws/build/dummy_description': CMAKE_PREFIX_PATH=${CMAKE_PREFIX_PATH}:/home/gun/CARVER_WS/install/rtabmap_python:/home/gun/ros2_ws/install/turtlesim_catch_them_all:/home/gun/ros2_ws/install/my_py_pkg:/home/gun/ros2_ws/install/actions_py:/opt/ros/humble /usr/bin/cmake --install /home/gun/ros2_ws/build/dummy_description
[1.111s] -- Install configuration: ""
[1.112s] -- Up-to-date: /home/gun/ros2_ws/install/dummy_description/share/dummy_description/environment/pythonpath.sh
[1.112s] -- Up-to-date: /home/gun/ros2_ws/install/dummy_description/share/dummy_description/environment/pythonpath.dsv
[1.112s] -- Up-to-date: /home/gun/ros2_ws/install/dummy_description/local/lib/python3.10/dist-packages/dummy_description-0.0.0-py3.10.egg-info
[1.112s] -- Installing: /home/gun/ros2_ws/install/dummy_description/local/lib/python3.10/dist-packages/dummy_description-0.0.0-py3.10.egg-info/top_level.txt
[1.114s] -- Installing: /home/gun/ros2_ws/install/dummy_description/local/lib/python3.10/dist-packages/dummy_description-0.0.0-py3.10.egg-info/PKG-INFO
[1.114s] -- Installing: /home/gun/ros2_ws/install/dummy_description/local/lib/python3.10/dist-packages/dummy_description-0.0.0-py3.10.egg-info/SOURCES.txt
[1.114s] -- Installing: /home/gun/ros2_ws/install/dummy_description/local/lib/python3.10/dist-packages/dummy_description-0.0.0-py3.10.egg-info/dependency_links.txt
[1.114s] -- Up-to-date: /home/gun/ros2_ws/install/dummy_description/local/lib/python3.10/dist-packages/dummy_description
[1.115s] -- Up-to-date: /home/gun/ros2_ws/install/dummy_description/local/lib/python3.10/dist-packages/dummy_description/__init__.py
[1.115s] -- Up-to-date: /home/gun/ros2_ws/install/dummy_description/local/lib/python3.10/dist-packages/dummy_description/dummy_module.py
[1.199s] Listing '/home/gun/ros2_ws/install/dummy_description/local/lib/python3.10/dist-packages/dummy_description'...
[1.208s] -- Up-to-date: /home/gun/ros2_ws/install/dummy_description/lib/dummy_description/dummy_script.py
[1.210s] -- Up-to-date: /home/gun/ros2_ws/install/dummy_description/lib/dummy_description/cpp_node_test
[1.211s] -- Up-to-date: /home/gun/ros2_ws/install/dummy_description/share/dummy_description/config
[1.211s] -- Up-to-date: /home/gun/ros2_ws/install/dummy_description/share/dummy_description/config/example_controllers.yaml
[1.211s] -- Up-to-date: /home/gun/ros2_ws/install/dummy_description/share/dummy_description/launch
[1.212s] -- Up-to-date: /home/gun/ros2_ws/install/dummy_description/share/dummy_description/launch/dummy_robot.launch.py
[1.212s] -- Up-to-date: /home/gun/ros2_ws/install/dummy_description/share/dummy_description/launch/simple_display.launch.py
[1.212s] -- Up-to-date: /home/gun/ros2_ws/install/dummy_description/share/dummy_description/meshes
[1.212s] -- Up-to-date: /home/gun/ros2_ws/install/dummy_description/share/dummy_description/meshes/link_1.stl
[1.213s] -- Up-to-date: /home/gun/ros2_ws/install/dummy_description/share/dummy_description/meshes/link_3.stl
[1.213s] -- Up-to-date: /home/gun/ros2_ws/install/dummy_description/share/dummy_description/meshes/link_0.stl
[1.213s] -- Up-to-date: /home/gun/ros2_ws/install/dummy_description/share/dummy_description/meshes/end_effector.stl
[1.213s] -- Up-to-date: /home/gun/ros2_ws/install/dummy_description/share/dummy_description/meshes/link_2.stl
[1.213s] -- Up-to-date: /home/gun/ros2_ws/install/dummy_description/share/dummy_description/rviz
[1.213s] -- Up-to-date: /home/gun/ros2_ws/install/dummy_description/share/dummy_description/rviz/display.rviz
[1.213s] -- Up-to-date: /home/gun/ros2_ws/install/dummy_description/share/dummy_description/urdf
[1.213s] -- Up-to-date: /home/gun/ros2_ws/install/dummy_description/share/dummy_description/urdf/inertial_macros.xacro
[1.214s] -- Up-to-date: /home/gun/ros2_ws/install/dummy_description/share/dummy_description/urdf/my-robot.xacro
[1.214s] -- Up-to-date: /home/gun/ros2_ws/install/dummy_description/share/dummy_description/urdf/gazebo.xacro
[1.214s] -- Up-to-date: /home/gun/ros2_ws/install/dummy_description/share/ament_index/resource_index/package_run_dependencies/dummy_description
[1.214s] -- Up-to-date: /home/gun/ros2_ws/install/dummy_description/share/ament_index/resource_index/parent_prefix_path/dummy_description
[1.214s] -- Up-to-date: /home/gun/ros2_ws/install/dummy_description/share/dummy_description/environment/ament_prefix_path.sh
[1.214s] -- Up-to-date: /home/gun/ros2_ws/install/dummy_description/share/dummy_description/environment/ament_prefix_path.dsv
[1.215s] -- Up-to-date: /home/gun/ros2_ws/install/dummy_description/share/dummy_description/environment/path.sh
[1.215s] -- Up-to-date: /home/gun/ros2_ws/install/dummy_description/share/dummy_description/environment/path.dsv
[1.215s] -- Up-to-date: /home/gun/ros2_ws/install/dummy_description/share/dummy_description/local_setup.bash
[1.215s] -- Up-to-date: /home/gun/ros2_ws/install/dummy_description/share/dummy_description/local_setup.sh
[1.215s] -- Up-to-date: /home/gun/ros2_ws/install/dummy_description/share/dummy_description/local_setup.zsh
[1.215s] -- Up-to-date: /home/gun/ros2_ws/install/dummy_description/share/dummy_description/local_setup.dsv
[1.215s] -- Installing: /home/gun/ros2_ws/install/dummy_description/share/dummy_description/package.dsv
[1.216s] -- Up-to-date: /home/gun/ros2_ws/install/dummy_description/share/ament_index/resource_index/packages/dummy_description
[1.216s] -- Up-to-date: /home/gun/ros2_ws/install/dummy_description/share/dummy_description/cmake/dummy_descriptionConfig.cmake
[1.216s] -- Up-to-date: /home/gun/ros2_ws/install/dummy_description/share/dummy_description/cmake/dummy_descriptionConfig-version.cmake
[1.216s] -- Up-to-date: /home/gun/ros2_ws/install/dummy_description/share/dummy_description/package.xml
[1.259s] Invoked command in '/home/gun/ros2_ws/build/dummy_description' returned '0': CMAKE_PREFIX_PATH=${CMAKE_PREFIX_PATH}:/home/gun/CARVER_WS/install/rtabmap_python:/home/gun/ros2_ws/install/turtlesim_catch_them_all:/home/gun/ros2_ws/install/my_py_pkg:/home/gun/ros2_ws/install/actions_py:/opt/ros/humble /usr/bin/cmake --install /home/gun/ros2_ws/build/dummy_description
