[1.692s] Invoking command in '/home/gun/ros2_ws/src/my_py_pkg': CMAKE_PREFIX_PATH=/home/gun/ros2_ws/install/my_robot_interfaces:/home/gun/CARVER_WS/install/rtabmap_conversions:/home/gun/CARVER_WS/install/rtabmap_msgs:/home/gun/CARVER_WS/install/rtabmap:/home/gun/CARVER_WS/install/realsense2_description:/home/gun/CARVER_WS/install/realsense2_camera:/home/gun/CARVER_WS/install/realsense2_camera_msgs:/home/gun/solar_ws/install/solar_uros:/home/gun/solar_ws/install/solar_odom:/home/gun/solar_ws/install/solar_lidar:/home/gun/solar_ws/install/solar_joystick:/home/gun/solar_ws/install/solar_imu:/home/gun/solar_ws/install/solar_description:/home/gun/solar_ws/install/solar_23dec2024:/home/gun/solar_ws/install/sllidar_ros2:/home/gun/solar_ws/install/rplidar_ros:/home/gun/solar_ws/install/ros2_laser_scan_merger:/home/gun/solar_ws/install/pointcloud_to_laserscan:/home/gun/carver_imu_msg/install/carver_controller:/home/gun/carver_urdf/install/ros2_laser_scan_merger:/home/gun/carver_urdf/install/carver_description:/home/gun/dev_ws/install/megarover_samples_ros2:/home/gun/microros_ws/install/micro_ros_setup:/home/gun/microros_ws/install/micro_ros_agent:/home/gun/microros_ws/install/micro_ros_msgs:/home/gun/FUN4_6509/install/robot_control:/home/gun/FUN4_6509/install/robot_action:/home/gun/ros2_ws/install/urdf_tutorial:/home/gun/ros2_ws/install/turtlesim_plus_interfaces:/home/gun/ros2_ws/install/turtle_bringup:/home/gun/ros2_ws/install/lab1:/home/gun/ros2_ws/install/turtlesim_plus:/home/gun/ros2_ws/install/my_robot_bringup:/home/gun/ros2_ws/install/my_cpp_pkg:/home/gun/ros2_ws/install/my_robot_description:/home/gun/ros2_ws/install/my_controller:/home/gun/ros2_ws/install/my_bot:/home/gun/ros2_ws/install/lecture2:/home/gun/ros2_ws/install/example_description:/home/gun/ros2_ws/install/dummy_gazebo:/home/gun/ros2_ws/install/dummy_description:/home/gun/ros2_ws/install/controller_interfaces:/home/gun/ros2_ws/install/amt212ev_interfaces:/home/gun/turtlebot3_ws/install/turtlebot3_simulations:/home/gun/turtlebot3_ws/install/turtlebot3_gazebo:/home/gun/turtlebot3_ws/install/turtlebot3_fake_node:/home/gun/RoboticsDev2024/install/motorsim_interfaces:/home/gun/RoboticsDev2024/install/motorsim:/home/gun/exam1/install/turtlesim_plus_interfaces:/home/gun/exam1/install/turtle_exam1:/home/gun/exam1/install/turtlesim_plus:/home/gun/exam1/install/custom_interface:/home/gun/FUN4/install/fun4_interfaces:/home/gun/FUN4/install/fun4_gazebo:/home/gun/FUN4/install/fun4_description LD_LIBRARY_PATH=/home/gun/ros2_ws/install/my_robot_interfaces/lib:/home/gun/CARVER_WS/install/rtabmap_conversions/lib:/home/gun/CARVER_WS/install/rtabmap_msgs/lib:/home/gun/CARVER_WS/install/rtabmap/lib:/home/gun/CARVER_WS/install/realsense2_camera/lib:/home/gun/CARVER_WS/install/realsense2_camera_msgs/lib:/home/gun/solar_ws/install/pointcloud_to_laserscan/lib:/home/gun/microros_ws/install/micro_ros_agent/lib:/home/gun/microros_ws/install/micro_ros_msgs/lib:/home/gun/FUN4_6509/install/robot_action/lib:/home/gun/ros2_ws/install/turtlesim_plus_interfaces/lib:/home/gun/ros2_ws/install/controller_interfaces/lib:/home/gun/ros2_ws/install/amt212ev_interfaces/lib:/home/gun/RoboticsDev2024/install/motorsim_interfaces/lib:/home/gun/exam1/install/turtlesim_plus_interfaces/lib:/home/gun/exam1/install/custom_interface/lib:/home/gun/FUN4/install/fun4_interfaces/lib:/usr/lib/x86_64-linux-gnu/gazebo-11/plugins:/opt/ros/humble/opt/rviz_ogre_vendor/lib:/opt/ros/humble/lib/x86_64-linux-gnu:/opt/ros/humble/lib:/usr/share/gazebo/../../lib/x86_64-linux-gnu/gazebo-11/plugins:/usr/share/gazebo/../../lib/x86_64-linux-gnu/gazebo-11/plugins:/usr/share/gazebo/../../lib/x86_64-linux-gnu/gazebo-11/plugins PYTHONPATH=/home/gun/ros2_ws/build/my_py_pkg/prefix_override:/usr/lib/python3/dist-packages/colcon_core/task/python/colcon_distutils_commands:/home/gun/ros2_ws/install/my_py_pkg/lib/python3.10/site-packages:${PYTHONPATH} /usr/bin/python3 -W ignore:setup.py install is deprecated -W ignore:easy_install command is deprecated setup.py egg_info --egg-base ../../build/my_py_pkg build --build-base /home/gun/ros2_ws/build/my_py_pkg/build install --record /home/gun/ros2_ws/build/my_py_pkg/install.log --single-version-externally-managed install_data
[2.033s] running egg_info
[2.054s] writing ../../build/my_py_pkg/my_py_pkg.egg-info/PKG-INFO
[2.055s] writing dependency_links to ../../build/my_py_pkg/my_py_pkg.egg-info/dependency_links.txt
[2.055s] writing entry points to ../../build/my_py_pkg/my_py_pkg.egg-info/entry_points.txt
[2.055s] writing requirements to ../../build/my_py_pkg/my_py_pkg.egg-info/requires.txt
[2.055s] writing top-level names to ../../build/my_py_pkg/my_py_pkg.egg-info/top_level.txt
[2.099s] reading manifest file '../../build/my_py_pkg/my_py_pkg.egg-info/SOURCES.txt'
[2.100s] writing manifest file '../../build/my_py_pkg/my_py_pkg.egg-info/SOURCES.txt'
[2.101s] running build
[2.101s] running build_py
[2.101s] copying my_py_pkg/hw_status_publisher.py -> /home/gun/ros2_ws/build/my_py_pkg/build/lib/my_py_pkg
[2.102s] copying my_py_pkg/template_python_node.py -> /home/gun/ros2_ws/build/my_py_pkg/build/lib/my_py_pkg
[2.102s] copying my_py_pkg/__init__.py -> /home/gun/ros2_ws/build/my_py_pkg/build/lib/my_py_pkg
[2.102s] copying my_py_pkg/led_panel_server.py -> /home/gun/ros2_ws/build/my_py_pkg/build/lib/my_py_pkg
[2.102s] copying my_py_pkg/add_two_ints_client.py -> /home/gun/ros2_ws/build/my_py_pkg/build/lib/my_py_pkg
[2.102s] copying my_py_pkg/number_counter.py -> /home/gun/ros2_ws/build/my_py_pkg/build/lib/my_py_pkg
[2.102s] copying my_py_pkg/add_two_ints_server.py -> /home/gun/ros2_ws/build/my_py_pkg/build/lib/my_py_pkg
[2.103s] copying my_py_pkg/compute_rectangle_area.py -> /home/gun/ros2_ws/build/my_py_pkg/build/lib/my_py_pkg
[2.103s] copying my_py_pkg/my_first_node.py -> /home/gun/ros2_ws/build/my_py_pkg/build/lib/my_py_pkg
[2.103s] copying my_py_pkg/battery_client.py -> /home/gun/ros2_ws/build/my_py_pkg/build/lib/my_py_pkg
[2.103s] copying my_py_pkg/robot_news_station_publish.py -> /home/gun/ros2_ws/build/my_py_pkg/build/lib/my_py_pkg
[2.103s] copying my_py_pkg/smartphone_subscribe.py -> /home/gun/ros2_ws/build/my_py_pkg/build/lib/my_py_pkg
[2.103s] copying my_py_pkg/number_publisher.py -> /home/gun/ros2_ws/build/my_py_pkg/build/lib/my_py_pkg
[2.103s] copying my_py_pkg/add_two_ints_client_no_oop.py -> /home/gun/ros2_ws/build/my_py_pkg/build/lib/my_py_pkg
[2.104s] running install
[2.109s] running install_lib
[2.132s] running install_data
[2.132s] copying resource/my_py_pkg -> /home/gun/ros2_ws/install/my_py_pkg/share/ament_index/resource_index/packages
[2.132s] copying package.xml -> /home/gun/ros2_ws/install/my_py_pkg/share/my_py_pkg
[2.133s] running install_egg_info
[2.155s] removing '/home/gun/ros2_ws/install/my_py_pkg/lib/python3.10/site-packages/my_py_pkg-0.0.0-py3.10.egg-info' (and everything under it)
[2.155s] Copying ../../build/my_py_pkg/my_py_pkg.egg-info to /home/gun/ros2_ws/install/my_py_pkg/lib/python3.10/site-packages/my_py_pkg-0.0.0-py3.10.egg-info
[2.156s] running install_scripts
[2.343s] Installing add_two_ints_client script to /home/gun/ros2_ws/install/my_py_pkg/lib/my_py_pkg
[2.343s] Installing add_two_ints_client_no_oop script to /home/gun/ros2_ws/install/my_py_pkg/lib/my_py_pkg
[2.343s] Installing add_two_ints_server script to /home/gun/ros2_ws/install/my_py_pkg/lib/my_py_pkg
[2.344s] Installing battery_client script to /home/gun/ros2_ws/install/my_py_pkg/lib/my_py_pkg
[2.344s] Installing compute_rectangle_area script to /home/gun/ros2_ws/install/my_py_pkg/lib/my_py_pkg
[2.344s] Installing hw_status_publisher script to /home/gun/ros2_ws/install/my_py_pkg/lib/my_py_pkg
[2.344s] Installing led_panel_server script to /home/gun/ros2_ws/install/my_py_pkg/lib/my_py_pkg
[2.344s] Installing number_counter script to /home/gun/ros2_ws/install/my_py_pkg/lib/my_py_pkg
[2.345s] Installing number_publisher script to /home/gun/ros2_ws/install/my_py_pkg/lib/my_py_pkg
[2.345s] Installing py_node script to /home/gun/ros2_ws/install/my_py_pkg/lib/my_py_pkg
[2.345s] Installing robot_news_station script to /home/gun/ros2_ws/install/my_py_pkg/lib/my_py_pkg
[2.345s] Installing smartphone script to /home/gun/ros2_ws/install/my_py_pkg/lib/my_py_pkg
[2.346s] writing list of installed files to '/home/gun/ros2_ws/build/my_py_pkg/install.log'
[2.425s] Invoked command in '/home/gun/ros2_ws/src/my_py_pkg' returned '0': CMAKE_PREFIX_PATH=/home/gun/ros2_ws/install/my_robot_interfaces:/home/gun/CARVER_WS/install/rtabmap_conversions:/home/gun/CARVER_WS/install/rtabmap_msgs:/home/gun/CARVER_WS/install/rtabmap:/home/gun/CARVER_WS/install/realsense2_description:/home/gun/CARVER_WS/install/realsense2_camera:/home/gun/CARVER_WS/install/realsense2_camera_msgs:/home/gun/solar_ws/install/solar_uros:/home/gun/solar_ws/install/solar_odom:/home/gun/solar_ws/install/solar_lidar:/home/gun/solar_ws/install/solar_joystick:/home/gun/solar_ws/install/solar_imu:/home/gun/solar_ws/install/solar_description:/home/gun/solar_ws/install/solar_23dec2024:/home/gun/solar_ws/install/sllidar_ros2:/home/gun/solar_ws/install/rplidar_ros:/home/gun/solar_ws/install/ros2_laser_scan_merger:/home/gun/solar_ws/install/pointcloud_to_laserscan:/home/gun/carver_imu_msg/install/carver_controller:/home/gun/carver_urdf/install/ros2_laser_scan_merger:/home/gun/carver_urdf/install/carver_description:/home/gun/dev_ws/install/megarover_samples_ros2:/home/gun/microros_ws/install/micro_ros_setup:/home/gun/microros_ws/install/micro_ros_agent:/home/gun/microros_ws/install/micro_ros_msgs:/home/gun/FUN4_6509/install/robot_control:/home/gun/FUN4_6509/install/robot_action:/home/gun/ros2_ws/install/urdf_tutorial:/home/gun/ros2_ws/install/turtlesim_plus_interfaces:/home/gun/ros2_ws/install/turtle_bringup:/home/gun/ros2_ws/install/lab1:/home/gun/ros2_ws/install/turtlesim_plus:/home/gun/ros2_ws/install/my_robot_bringup:/home/gun/ros2_ws/install/my_cpp_pkg:/home/gun/ros2_ws/install/my_robot_description:/home/gun/ros2_ws/install/my_controller:/home/gun/ros2_ws/install/my_bot:/home/gun/ros2_ws/install/lecture2:/home/gun/ros2_ws/install/example_description:/home/gun/ros2_ws/install/dummy_gazebo:/home/gun/ros2_ws/install/dummy_description:/home/gun/ros2_ws/install/controller_interfaces:/home/gun/ros2_ws/install/amt212ev_interfaces:/home/gun/turtlebot3_ws/install/turtlebot3_simulations:/home/gun/turtlebot3_ws/install/turtlebot3_gazebo:/home/gun/turtlebot3_ws/install/turtlebot3_fake_node:/home/gun/RoboticsDev2024/install/motorsim_interfaces:/home/gun/RoboticsDev2024/install/motorsim:/home/gun/exam1/install/turtlesim_plus_interfaces:/home/gun/exam1/install/turtle_exam1:/home/gun/exam1/install/turtlesim_plus:/home/gun/exam1/install/custom_interface:/home/gun/FUN4/install/fun4_interfaces:/home/gun/FUN4/install/fun4_gazebo:/home/gun/FUN4/install/fun4_description LD_LIBRARY_PATH=/home/gun/ros2_ws/install/my_robot_interfaces/lib:/home/gun/CARVER_WS/install/rtabmap_conversions/lib:/home/gun/CARVER_WS/install/rtabmap_msgs/lib:/home/gun/CARVER_WS/install/rtabmap/lib:/home/gun/CARVER_WS/install/realsense2_camera/lib:/home/gun/CARVER_WS/install/realsense2_camera_msgs/lib:/home/gun/solar_ws/install/pointcloud_to_laserscan/lib:/home/gun/microros_ws/install/micro_ros_agent/lib:/home/gun/microros_ws/install/micro_ros_msgs/lib:/home/gun/FUN4_6509/install/robot_action/lib:/home/gun/ros2_ws/install/turtlesim_plus_interfaces/lib:/home/gun/ros2_ws/install/controller_interfaces/lib:/home/gun/ros2_ws/install/amt212ev_interfaces/lib:/home/gun/RoboticsDev2024/install/motorsim_interfaces/lib:/home/gun/exam1/install/turtlesim_plus_interfaces/lib:/home/gun/exam1/install/custom_interface/lib:/home/gun/FUN4/install/fun4_interfaces/lib:/usr/lib/x86_64-linux-gnu/gazebo-11/plugins:/opt/ros/humble/opt/rviz_ogre_vendor/lib:/opt/ros/humble/lib/x86_64-linux-gnu:/opt/ros/humble/lib:/usr/share/gazebo/../../lib/x86_64-linux-gnu/gazebo-11/plugins:/usr/share/gazebo/../../lib/x86_64-linux-gnu/gazebo-11/plugins:/usr/share/gazebo/../../lib/x86_64-linux-gnu/gazebo-11/plugins PYTHONPATH=/home/gun/ros2_ws/build/my_py_pkg/prefix_override:/usr/lib/python3/dist-packages/colcon_core/task/python/colcon_distutils_commands:/home/gun/ros2_ws/install/my_py_pkg/lib/python3.10/site-packages:${PYTHONPATH} /usr/bin/python3 -W ignore:setup.py install is deprecated -W ignore:easy_install command is deprecated setup.py egg_info --egg-base ../../build/my_py_pkg build --build-base /home/gun/ros2_ws/build/my_py_pkg/build install --record /home/gun/ros2_ws/build/my_py_pkg/install.log --single-version-externally-managed install_data
