[0.072s] Invoking command in '/home/gun/ros2_ws/build/amt212ev_interfaces': CMAKE_PREFIX_PATH=${CMAKE_PREFIX_PATH}:/home/gun/CARVER_WS/install/rtabmap_python:/home/gun/ros2_ws/install/turtlesim_catch_them_all:/home/gun/ros2_ws/install/my_py_pkg:/home/gun/ros2_ws/install/actions_py:/opt/ros/humble /usr/bin/cmake --build /home/gun/ros2_ws/build/amt212ev_interfaces -- -j8 -l8
[0.185s] [  3%] Built target amt212ev_interfaces__cpp
[0.187s] [ 12%] Built target amt212ev_interfaces__rosidl_generator_c
[0.271s] [ 22%] Built target amt212ev_interfaces__rosidl_typesupport_cpp
[0.288s] [ 22%] Built target ament_cmake_python_copy_amt212ev_interfaces
[0.298s] [ 32%] Built target amt212ev_interfaces__rosidl_typesupport_fastrtps_c
[0.303s] [ 41%] Built target amt212ev_interfaces__rosidl_typesupport_c
[0.307s] [ 51%] Built target amt212ev_interfaces__rosidl_typesupport_fastrtps_cpp
[0.308s] [ 61%] Built target amt212ev_interfaces__rosidl_typesupport_introspection_cpp
[0.318s] [ 70%] Built target amt212ev_interfaces__rosidl_typesupport_introspection_c
[0.367s] [ 70%] Built target amt212ev_interfaces
[0.415s] [ 74%] Built target amt212ev_interfaces__py
[0.452s] [ 80%] Built target amt212ev_interfaces__rosidl_generator_py
[0.544s] [ 87%] Built target amt212ev_interfaces__rosidl_typesupport_fastrtps_c__pyext
[0.553s] [ 93%] Built target amt212ev_interfaces__rosidl_typesupport_introspection_c__pyext
[0.555s] [100%] Built target amt212ev_interfaces__rosidl_typesupport_c__pyext
[0.832s] running egg_info
[0.871s] writing amt212ev_interfaces.egg-info/PKG-INFO
[0.871s] writing dependency_links to amt212ev_interfaces.egg-info/dependency_links.txt
[0.872s] writing top-level names to amt212ev_interfaces.egg-info/top_level.txt
[0.985s] reading manifest file 'amt212ev_interfaces.egg-info/SOURCES.txt'
[0.987s] writing manifest file 'amt212ev_interfaces.egg-info/SOURCES.txt'
[1.050s] [100%] Built target ament_cmake_python_build_amt212ev_interfaces_egg
[1.069s] Invoked command in '/home/gun/ros2_ws/build/amt212ev_interfaces' returned '0': CMAKE_PREFIX_PATH=${CMAKE_PREFIX_PATH}:/home/gun/CARVER_WS/install/rtabmap_python:/home/gun/ros2_ws/install/turtlesim_catch_them_all:/home/gun/ros2_ws/install/my_py_pkg:/home/gun/ros2_ws/install/actions_py:/opt/ros/humble /usr/bin/cmake --build /home/gun/ros2_ws/build/amt212ev_interfaces -- -j8 -l8
[1.180s] Invoking command in '/home/gun/ros2_ws/build/amt212ev_interfaces': CMAKE_PREFIX_PATH=${CMAKE_PREFIX_PATH}:/home/gun/CARVER_WS/install/rtabmap_python:/home/gun/ros2_ws/install/turtlesim_catch_them_all:/home/gun/ros2_ws/install/my_py_pkg:/home/gun/ros2_ws/install/actions_py:/opt/ros/humble /usr/bin/cmake --install /home/gun/ros2_ws/build/amt212ev_interfaces
[1.191s] -- Install configuration: ""
[1.192s] -- Up-to-date: /home/gun/ros2_ws/install/amt212ev_interfaces/share/ament_index/resource_index/rosidl_interfaces/amt212ev_interfaces
[1.192s] -- Up-to-date: /home/gun/ros2_ws/install/amt212ev_interfaces/include/amt212ev_interfaces/amt212ev_interfaces
[1.192s] -- Up-to-date: /home/gun/ros2_ws/install/amt212ev_interfaces/include/amt212ev_interfaces/amt212ev_interfaces/msg
[1.192s] -- Up-to-date: /home/gun/ros2_ws/install/amt212ev_interfaces/include/amt212ev_interfaces/amt212ev_interfaces/msg/detail
[1.192s] -- Up-to-date: /home/gun/ros2_ws/install/amt212ev_interfaces/include/amt212ev_interfaces/amt212ev_interfaces/msg/detail/amt_read__type_support.h
[1.192s] -- Up-to-date: /home/gun/ros2_ws/install/amt212ev_interfaces/include/amt212ev_interfaces/amt212ev_interfaces/msg/detail/amt_read__functions.c
[1.193s] -- Up-to-date: /home/gun/ros2_ws/install/amt212ev_interfaces/include/amt212ev_interfaces/amt212ev_interfaces/msg/detail/amt_read__functions.h
[1.193s] -- Up-to-date: /home/gun/ros2_ws/install/amt212ev_interfaces/include/amt212ev_interfaces/amt212ev_interfaces/msg/detail/amt_read__struct.h
[1.193s] -- Up-to-date: /home/gun/ros2_ws/install/amt212ev_interfaces/include/amt212ev_interfaces/amt212ev_interfaces/msg/rosidl_generator_c__visibility_control.h
[1.193s] -- Up-to-date: /home/gun/ros2_ws/install/amt212ev_interfaces/include/amt212ev_interfaces/amt212ev_interfaces/msg/amt_read.h
[1.193s] -- Up-to-date: /home/gun/ros2_ws/install/amt212ev_interfaces/share/amt212ev_interfaces/environment/library_path.sh
[1.194s] -- Up-to-date: /home/gun/ros2_ws/install/amt212ev_interfaces/share/amt212ev_interfaces/environment/library_path.dsv
[1.194s] -- Up-to-date: /home/gun/ros2_ws/install/amt212ev_interfaces/lib/libamt212ev_interfaces__rosidl_generator_c.so
[1.194s] -- Up-to-date: /home/gun/ros2_ws/install/amt212ev_interfaces/include/amt212ev_interfaces/amt212ev_interfaces
[1.194s] -- Up-to-date: /home/gun/ros2_ws/install/amt212ev_interfaces/include/amt212ev_interfaces/amt212ev_interfaces/msg
[1.194s] -- Up-to-date: /home/gun/ros2_ws/install/amt212ev_interfaces/include/amt212ev_interfaces/amt212ev_interfaces/msg/rosidl_typesupport_fastrtps_c__visibility_control.h
[1.194s] -- Up-to-date: /home/gun/ros2_ws/install/amt212ev_interfaces/include/amt212ev_interfaces/amt212ev_interfaces/msg/detail
[1.194s] -- Up-to-date: /home/gun/ros2_ws/install/amt212ev_interfaces/include/amt212ev_interfaces/amt212ev_interfaces/msg/detail/amt_read__rosidl_typesupport_fastrtps_c.h
[1.195s] -- Up-to-date: /home/gun/ros2_ws/install/amt212ev_interfaces/lib/libamt212ev_interfaces__rosidl_typesupport_fastrtps_c.so
[1.195s] -- Up-to-date: /home/gun/ros2_ws/install/amt212ev_interfaces/include/amt212ev_interfaces/amt212ev_interfaces
[1.195s] -- Up-to-date: /home/gun/ros2_ws/install/amt212ev_interfaces/include/amt212ev_interfaces/amt212ev_interfaces/msg
[1.195s] -- Up-to-date: /home/gun/ros2_ws/install/amt212ev_interfaces/include/amt212ev_interfaces/amt212ev_interfaces/msg/detail
[1.195s] -- Up-to-date: /home/gun/ros2_ws/install/amt212ev_interfaces/include/amt212ev_interfaces/amt212ev_interfaces/msg/detail/amt_read__type_support.c
[1.195s] -- Up-to-date: /home/gun/ros2_ws/install/amt212ev_interfaces/include/amt212ev_interfaces/amt212ev_interfaces/msg/detail/amt_read__rosidl_typesupport_introspection_c.h
[1.195s] -- Up-to-date: /home/gun/ros2_ws/install/amt212ev_interfaces/include/amt212ev_interfaces/amt212ev_interfaces/msg/rosidl_typesupport_introspection_c__visibility_control.h
[1.195s] -- Up-to-date: /home/gun/ros2_ws/install/amt212ev_interfaces/lib/libamt212ev_interfaces__rosidl_typesupport_introspection_c.so
[1.196s] -- Up-to-date: /home/gun/ros2_ws/install/amt212ev_interfaces/lib/libamt212ev_interfaces__rosidl_typesupport_c.so
[1.196s] -- Up-to-date: /home/gun/ros2_ws/install/amt212ev_interfaces/include/amt212ev_interfaces/amt212ev_interfaces
[1.196s] -- Up-to-date: /home/gun/ros2_ws/install/amt212ev_interfaces/include/amt212ev_interfaces/amt212ev_interfaces/msg
[1.198s] -- Up-to-date: /home/gun/ros2_ws/install/amt212ev_interfaces/include/amt212ev_interfaces/amt212ev_interfaces/msg/rosidl_generator_cpp__visibility_control.hpp
[1.198s] -- Up-to-date: /home/gun/ros2_ws/install/amt212ev_interfaces/include/amt212ev_interfaces/amt212ev_interfaces/msg/detail
[1.198s] -- Up-to-date: /home/gun/ros2_ws/install/amt212ev_interfaces/include/amt212ev_interfaces/amt212ev_interfaces/msg/detail/amt_read__traits.hpp
[1.199s] -- Up-to-date: /home/gun/ros2_ws/install/amt212ev_interfaces/include/amt212ev_interfaces/amt212ev_interfaces/msg/detail/amt_read__type_support.hpp
[1.199s] -- Up-to-date: /home/gun/ros2_ws/install/amt212ev_interfaces/include/amt212ev_interfaces/amt212ev_interfaces/msg/detail/amt_read__builder.hpp
[1.199s] -- Up-to-date: /home/gun/ros2_ws/install/amt212ev_interfaces/include/amt212ev_interfaces/amt212ev_interfaces/msg/detail/amt_read__struct.hpp
[1.199s] -- Up-to-date: /home/gun/ros2_ws/install/amt212ev_interfaces/include/amt212ev_interfaces/amt212ev_interfaces/msg/amt_read.hpp
[1.199s] -- Up-to-date: /home/gun/ros2_ws/install/amt212ev_interfaces/include/amt212ev_interfaces/amt212ev_interfaces
[1.199s] -- Up-to-date: /home/gun/ros2_ws/install/amt212ev_interfaces/include/amt212ev_interfaces/amt212ev_interfaces/msg
[1.199s] -- Up-to-date: /home/gun/ros2_ws/install/amt212ev_interfaces/include/amt212ev_interfaces/amt212ev_interfaces/msg/rosidl_typesupport_fastrtps_cpp__visibility_control.h
[1.200s] -- Up-to-date: /home/gun/ros2_ws/install/amt212ev_interfaces/include/amt212ev_interfaces/amt212ev_interfaces/msg/detail
[1.200s] -- Up-to-date: /home/gun/ros2_ws/install/amt212ev_interfaces/include/amt212ev_interfaces/amt212ev_interfaces/msg/detail/amt_read__rosidl_typesupport_fastrtps_cpp.hpp
[1.200s] -- Up-to-date: /home/gun/ros2_ws/install/amt212ev_interfaces/include/amt212ev_interfaces/amt212ev_interfaces/msg/detail/dds_fastrtps
[1.200s] -- Up-to-date: /home/gun/ros2_ws/install/amt212ev_interfaces/lib/libamt212ev_interfaces__rosidl_typesupport_fastrtps_cpp.so
[1.200s] -- Up-to-date: /home/gun/ros2_ws/install/amt212ev_interfaces/include/amt212ev_interfaces/amt212ev_interfaces
[1.200s] -- Up-to-date: /home/gun/ros2_ws/install/amt212ev_interfaces/include/amt212ev_interfaces/amt212ev_interfaces/msg
[1.200s] -- Up-to-date: /home/gun/ros2_ws/install/amt212ev_interfaces/include/amt212ev_interfaces/amt212ev_interfaces/msg/detail
[1.200s] -- Up-to-date: /home/gun/ros2_ws/install/amt212ev_interfaces/include/amt212ev_interfaces/amt212ev_interfaces/msg/detail/amt_read__type_support.cpp
[1.200s] -- Up-to-date: /home/gun/ros2_ws/install/amt212ev_interfaces/include/amt212ev_interfaces/amt212ev_interfaces/msg/detail/amt_read__rosidl_typesupport_introspection_cpp.hpp
[1.201s] -- Up-to-date: /home/gun/ros2_ws/install/amt212ev_interfaces/lib/libamt212ev_interfaces__rosidl_typesupport_introspection_cpp.so
[1.201s] -- Up-to-date: /home/gun/ros2_ws/install/amt212ev_interfaces/lib/libamt212ev_interfaces__rosidl_typesupport_cpp.so
[1.201s] -- Up-to-date: /home/gun/ros2_ws/install/amt212ev_interfaces/share/amt212ev_interfaces/environment/pythonpath.sh
[1.201s] -- Up-to-date: /home/gun/ros2_ws/install/amt212ev_interfaces/share/amt212ev_interfaces/environment/pythonpath.dsv
[1.201s] -- Up-to-date: /home/gun/ros2_ws/install/amt212ev_interfaces/local/lib/python3.10/dist-packages/amt212ev_interfaces-0.0.0-py3.10.egg-info
[1.201s] -- Installing: /home/gun/ros2_ws/install/amt212ev_interfaces/local/lib/python3.10/dist-packages/amt212ev_interfaces-0.0.0-py3.10.egg-info/top_level.txt
[1.201s] -- Installing: /home/gun/ros2_ws/install/amt212ev_interfaces/local/lib/python3.10/dist-packages/amt212ev_interfaces-0.0.0-py3.10.egg-info/PKG-INFO
[1.201s] -- Installing: /home/gun/ros2_ws/install/amt212ev_interfaces/local/lib/python3.10/dist-packages/amt212ev_interfaces-0.0.0-py3.10.egg-info/SOURCES.txt
[1.202s] -- Installing: /home/gun/ros2_ws/install/amt212ev_interfaces/local/lib/python3.10/dist-packages/amt212ev_interfaces-0.0.0-py3.10.egg-info/dependency_links.txt
[1.202s] -- Up-to-date: /home/gun/ros2_ws/install/amt212ev_interfaces/local/lib/python3.10/dist-packages/amt212ev_interfaces
[1.202s] -- Up-to-date: /home/gun/ros2_ws/install/amt212ev_interfaces/local/lib/python3.10/dist-packages/amt212ev_interfaces/amt212ev_interfaces_s__rosidl_typesupport_c.cpython-310-x86_64-linux-gnu.so
[1.202s] -- Up-to-date: /home/gun/ros2_ws/install/amt212ev_interfaces/local/lib/python3.10/dist-packages/amt212ev_interfaces/_amt212ev_interfaces_s.ep.rosidl_typesupport_fastrtps_c.c
[1.202s] -- Up-to-date: /home/gun/ros2_ws/install/amt212ev_interfaces/local/lib/python3.10/dist-packages/amt212ev_interfaces/__init__.py
[1.202s] -- Up-to-date: /home/gun/ros2_ws/install/amt212ev_interfaces/local/lib/python3.10/dist-packages/amt212ev_interfaces/_amt212ev_interfaces_s.ep.rosidl_typesupport_introspection_c.c
[1.202s] -- Up-to-date: /home/gun/ros2_ws/install/amt212ev_interfaces/local/lib/python3.10/dist-packages/amt212ev_interfaces/libamt212ev_interfaces__rosidl_generator_py.so
[1.202s] -- Up-to-date: /home/gun/ros2_ws/install/amt212ev_interfaces/local/lib/python3.10/dist-packages/amt212ev_interfaces/amt212ev_interfaces_s__rosidl_typesupport_introspection_c.cpython-310-x86_64-linux-gnu.so
[1.202s] -- Up-to-date: /home/gun/ros2_ws/install/amt212ev_interfaces/local/lib/python3.10/dist-packages/amt212ev_interfaces/msg
[1.203s] -- Up-to-date: /home/gun/ros2_ws/install/amt212ev_interfaces/local/lib/python3.10/dist-packages/amt212ev_interfaces/msg/_amt_read.py
[1.203s] -- Up-to-date: /home/gun/ros2_ws/install/amt212ev_interfaces/local/lib/python3.10/dist-packages/amt212ev_interfaces/msg/__init__.py
[1.203s] -- Up-to-date: /home/gun/ros2_ws/install/amt212ev_interfaces/local/lib/python3.10/dist-packages/amt212ev_interfaces/msg/_amt_read_s.c
[1.203s] -- Up-to-date: /home/gun/ros2_ws/install/amt212ev_interfaces/local/lib/python3.10/dist-packages/amt212ev_interfaces/amt212ev_interfaces_s__rosidl_typesupport_fastrtps_c.cpython-310-x86_64-linux-gnu.so
[1.203s] -- Up-to-date: /home/gun/ros2_ws/install/amt212ev_interfaces/local/lib/python3.10/dist-packages/amt212ev_interfaces/_amt212ev_interfaces_s.ep.rosidl_typesupport_c.c
[1.283s] Listing '/home/gun/ros2_ws/install/amt212ev_interfaces/local/lib/python3.10/dist-packages/amt212ev_interfaces'...
[1.283s] Listing '/home/gun/ros2_ws/install/amt212ev_interfaces/local/lib/python3.10/dist-packages/amt212ev_interfaces/msg'...
[1.298s] -- Up-to-date: /home/gun/ros2_ws/install/amt212ev_interfaces/local/lib/python3.10/dist-packages/amt212ev_interfaces/amt212ev_interfaces_s__rosidl_typesupport_fastrtps_c.cpython-310-x86_64-linux-gnu.so
[1.299s] -- Up-to-date: /home/gun/ros2_ws/install/amt212ev_interfaces/local/lib/python3.10/dist-packages/amt212ev_interfaces/amt212ev_interfaces_s__rosidl_typesupport_introspection_c.cpython-310-x86_64-linux-gnu.so
[1.299s] -- Up-to-date: /home/gun/ros2_ws/install/amt212ev_interfaces/local/lib/python3.10/dist-packages/amt212ev_interfaces/amt212ev_interfaces_s__rosidl_typesupport_c.cpython-310-x86_64-linux-gnu.so
[1.299s] -- Up-to-date: /home/gun/ros2_ws/install/amt212ev_interfaces/lib/libamt212ev_interfaces__rosidl_generator_py.so
[1.299s] -- Up-to-date: /home/gun/ros2_ws/install/amt212ev_interfaces/share/amt212ev_interfaces/msg/AmtRead.idl
[1.299s] -- Up-to-date: /home/gun/ros2_ws/install/amt212ev_interfaces/share/amt212ev_interfaces/msg/AmtRead.msg
[1.299s] -- Up-to-date: /home/gun/ros2_ws/install/amt212ev_interfaces/share/ament_index/resource_index/package_run_dependencies/amt212ev_interfaces
[1.299s] -- Up-to-date: /home/gun/ros2_ws/install/amt212ev_interfaces/share/ament_index/resource_index/parent_prefix_path/amt212ev_interfaces
[1.299s] -- Up-to-date: /home/gun/ros2_ws/install/amt212ev_interfaces/share/amt212ev_interfaces/environment/ament_prefix_path.sh
[1.300s] -- Up-to-date: /home/gun/ros2_ws/install/amt212ev_interfaces/share/amt212ev_interfaces/environment/ament_prefix_path.dsv
[1.300s] -- Up-to-date: /home/gun/ros2_ws/install/amt212ev_interfaces/share/amt212ev_interfaces/environment/path.sh
[1.300s] -- Up-to-date: /home/gun/ros2_ws/install/amt212ev_interfaces/share/amt212ev_interfaces/environment/path.dsv
[1.300s] -- Up-to-date: /home/gun/ros2_ws/install/amt212ev_interfaces/share/amt212ev_interfaces/local_setup.bash
[1.300s] -- Up-to-date: /home/gun/ros2_ws/install/amt212ev_interfaces/share/amt212ev_interfaces/local_setup.sh
[1.300s] -- Up-to-date: /home/gun/ros2_ws/install/amt212ev_interfaces/share/amt212ev_interfaces/local_setup.zsh
[1.300s] -- Up-to-date: /home/gun/ros2_ws/install/amt212ev_interfaces/share/amt212ev_interfaces/local_setup.dsv
[1.300s] -- Installing: /home/gun/ros2_ws/install/amt212ev_interfaces/share/amt212ev_interfaces/package.dsv
[1.300s] -- Up-to-date: /home/gun/ros2_ws/install/amt212ev_interfaces/share/ament_index/resource_index/packages/amt212ev_interfaces
[1.300s] -- Up-to-date: /home/gun/ros2_ws/install/amt212ev_interfaces/share/amt212ev_interfaces/cmake/export_amt212ev_interfaces__rosidl_generator_cExport.cmake
[1.300s] -- Up-to-date: /home/gun/ros2_ws/install/amt212ev_interfaces/share/amt212ev_interfaces/cmake/export_amt212ev_interfaces__rosidl_generator_cExport-noconfig.cmake
[1.300s] -- Up-to-date: /home/gun/ros2_ws/install/amt212ev_interfaces/share/amt212ev_interfaces/cmake/export_amt212ev_interfaces__rosidl_typesupport_fastrtps_cExport.cmake
[1.301s] -- Up-to-date: /home/gun/ros2_ws/install/amt212ev_interfaces/share/amt212ev_interfaces/cmake/export_amt212ev_interfaces__rosidl_typesupport_fastrtps_cExport-noconfig.cmake
[1.301s] -- Up-to-date: /home/gun/ros2_ws/install/amt212ev_interfaces/share/amt212ev_interfaces/cmake/amt212ev_interfaces__rosidl_typesupport_introspection_cExport.cmake
[1.301s] -- Up-to-date: /home/gun/ros2_ws/install/amt212ev_interfaces/share/amt212ev_interfaces/cmake/amt212ev_interfaces__rosidl_typesupport_introspection_cExport-noconfig.cmake
[1.301s] -- Up-to-date: /home/gun/ros2_ws/install/amt212ev_interfaces/share/amt212ev_interfaces/cmake/amt212ev_interfaces__rosidl_typesupport_cExport.cmake
[1.301s] -- Up-to-date: /home/gun/ros2_ws/install/amt212ev_interfaces/share/amt212ev_interfaces/cmake/amt212ev_interfaces__rosidl_typesupport_cExport-noconfig.cmake
[1.301s] -- Up-to-date: /home/gun/ros2_ws/install/amt212ev_interfaces/share/amt212ev_interfaces/cmake/export_amt212ev_interfaces__rosidl_generator_cppExport.cmake
[1.301s] -- Up-to-date: /home/gun/ros2_ws/install/amt212ev_interfaces/share/amt212ev_interfaces/cmake/export_amt212ev_interfaces__rosidl_typesupport_fastrtps_cppExport.cmake
[1.302s] -- Up-to-date: /home/gun/ros2_ws/install/amt212ev_interfaces/share/amt212ev_interfaces/cmake/export_amt212ev_interfaces__rosidl_typesupport_fastrtps_cppExport-noconfig.cmake
[1.302s] -- Up-to-date: /home/gun/ros2_ws/install/amt212ev_interfaces/share/amt212ev_interfaces/cmake/amt212ev_interfaces__rosidl_typesupport_introspection_cppExport.cmake
[1.302s] -- Up-to-date: /home/gun/ros2_ws/install/amt212ev_interfaces/share/amt212ev_interfaces/cmake/amt212ev_interfaces__rosidl_typesupport_introspection_cppExport-noconfig.cmake
[1.302s] -- Up-to-date: /home/gun/ros2_ws/install/amt212ev_interfaces/share/amt212ev_interfaces/cmake/amt212ev_interfaces__rosidl_typesupport_cppExport.cmake
[1.302s] -- Up-to-date: /home/gun/ros2_ws/install/amt212ev_interfaces/share/amt212ev_interfaces/cmake/amt212ev_interfaces__rosidl_typesupport_cppExport-noconfig.cmake
[1.302s] -- Up-to-date: /home/gun/ros2_ws/install/amt212ev_interfaces/share/amt212ev_interfaces/cmake/export_amt212ev_interfaces__rosidl_generator_pyExport.cmake
[1.302s] -- Up-to-date: /home/gun/ros2_ws/install/amt212ev_interfaces/share/amt212ev_interfaces/cmake/export_amt212ev_interfaces__rosidl_generator_pyExport-noconfig.cmake
[1.302s] -- Up-to-date: /home/gun/ros2_ws/install/amt212ev_interfaces/share/amt212ev_interfaces/cmake/rosidl_cmake-extras.cmake
[1.302s] -- Up-to-date: /home/gun/ros2_ws/install/amt212ev_interfaces/share/amt212ev_interfaces/cmake/ament_cmake_export_include_directories-extras.cmake
[1.302s] -- Up-to-date: /home/gun/ros2_ws/install/amt212ev_interfaces/share/amt212ev_interfaces/cmake/ament_cmake_export_libraries-extras.cmake
[1.302s] -- Up-to-date: /home/gun/ros2_ws/install/amt212ev_interfaces/share/amt212ev_interfaces/cmake/ament_cmake_export_targets-extras.cmake
[1.303s] -- Up-to-date: /home/gun/ros2_ws/install/amt212ev_interfaces/share/amt212ev_interfaces/cmake/rosidl_cmake_export_typesupport_targets-extras.cmake
[1.303s] -- Up-to-date: /home/gun/ros2_ws/install/amt212ev_interfaces/share/amt212ev_interfaces/cmake/ament_cmake_export_dependencies-extras.cmake
[1.303s] -- Up-to-date: /home/gun/ros2_ws/install/amt212ev_interfaces/share/amt212ev_interfaces/cmake/rosidl_cmake_export_typesupport_libraries-extras.cmake
[1.303s] -- Up-to-date: /home/gun/ros2_ws/install/amt212ev_interfaces/share/amt212ev_interfaces/cmake/amt212ev_interfacesConfig.cmake
[1.303s] -- Up-to-date: /home/gun/ros2_ws/install/amt212ev_interfaces/share/amt212ev_interfaces/cmake/amt212ev_interfacesConfig-version.cmake
[1.303s] -- Up-to-date: /home/gun/ros2_ws/install/amt212ev_interfaces/share/amt212ev_interfaces/package.xml
[1.357s] Invoked command in '/home/gun/ros2_ws/build/amt212ev_interfaces' returned '0': CMAKE_PREFIX_PATH=${CMAKE_PREFIX_PATH}:/home/gun/CARVER_WS/install/rtabmap_python:/home/gun/ros2_ws/install/turtlesim_catch_them_all:/home/gun/ros2_ws/install/my_py_pkg:/home/gun/ros2_ws/install/actions_py:/opt/ros/humble /usr/bin/cmake --install /home/gun/ros2_ws/build/amt212ev_interfaces
