[0.058s] Invoking command in '/home/gun/ros2_ws/build/example_description': CMAKE_PREFIX_PATH=${CMAKE_PREFIX_PATH}:/home/gun/CARVER_WS/install/rtabmap_python:/home/gun/ros2_ws/install/turtlesim_catch_them_all:/home/gun/ros2_ws/install/my_py_pkg:/home/gun/ros2_ws/install/actions_py:/opt/ros/humble /usr/bin/cmake --build /home/gun/ros2_ws/build/example_description -- -j8 -l8
[0.824s] [100%] Built target cpp_node_test
[0.824s] [100%] Built target ament_cmake_python_copy_example_description
[0.887s] running egg_info
[0.926s] writing example_description.egg-info/PKG-INFO
[0.927s] writing dependency_links to example_description.egg-info/dependency_links.txt
[0.928s] writing top-level names to example_description.egg-info/top_level.txt
[1.040s] reading manifest file 'example_description.egg-info/SOURCES.txt'
[1.041s] writing manifest file 'example_description.egg-info/SOURCES.txt'
[1.095s] [100%] Built target ament_cmake_python_build_example_description_egg
[1.115s] Invoked command in '/home/gun/ros2_ws/build/example_description' returned '0': CMAKE_PREFIX_PATH=${CMAKE_PREFIX_PATH}:/home/gun/CARVER_WS/install/rtabmap_python:/home/gun/ros2_ws/install/turtlesim_catch_them_all:/home/gun/ros2_ws/install/my_py_pkg:/home/gun/ros2_ws/install/actions_py:/opt/ros/humble /usr/bin/cmake --build /home/gun/ros2_ws/build/example_description -- -j8 -l8
[1.169s] Invoking command in '/home/gun/ros2_ws/build/example_description': CMAKE_PREFIX_PATH=${CMAKE_PREFIX_PATH}:/home/gun/CARVER_WS/install/rtabmap_python:/home/gun/ros2_ws/install/turtlesim_catch_them_all:/home/gun/ros2_ws/install/my_py_pkg:/home/gun/ros2_ws/install/actions_py:/opt/ros/humble /usr/bin/cmake --install /home/gun/ros2_ws/build/example_description
[1.195s] -- Install configuration: ""
[1.195s] -- Up-to-date: /home/gun/ros2_ws/install/example_description/share/example_description/environment/pythonpath.sh
[1.195s] -- Up-to-date: /home/gun/ros2_ws/install/example_description/share/example_description/environment/pythonpath.dsv
[1.195s] -- Up-to-date: /home/gun/ros2_ws/install/example_description/local/lib/python3.10/dist-packages/example_description-0.0.0-py3.10.egg-info
[1.195s] -- Installing: /home/gun/ros2_ws/install/example_description/local/lib/python3.10/dist-packages/example_description-0.0.0-py3.10.egg-info/top_level.txt
[1.195s] -- Installing: /home/gun/ros2_ws/install/example_description/local/lib/python3.10/dist-packages/example_description-0.0.0-py3.10.egg-info/PKG-INFO
[1.195s] -- Installing: /home/gun/ros2_ws/install/example_description/local/lib/python3.10/dist-packages/example_description-0.0.0-py3.10.egg-info/SOURCES.txt
[1.198s] -- Installing: /home/gun/ros2_ws/install/example_description/local/lib/python3.10/dist-packages/example_description-0.0.0-py3.10.egg-info/dependency_links.txt
[1.198s] -- Up-to-date: /home/gun/ros2_ws/install/example_description/local/lib/python3.10/dist-packages/example_description
[1.198s] -- Up-to-date: /home/gun/ros2_ws/install/example_description/local/lib/python3.10/dist-packages/example_description/__init__.py
[1.199s] -- Up-to-date: /home/gun/ros2_ws/install/example_description/local/lib/python3.10/dist-packages/example_description/dummy_module.py
[1.268s] Listing '/home/gun/ros2_ws/install/example_description/local/lib/python3.10/dist-packages/example_description'...
[1.274s] -- Up-to-date: /home/gun/ros2_ws/install/example_description/lib/example_description/dummy_script.py
[1.275s] -- Up-to-date: /home/gun/ros2_ws/install/example_description/lib/example_description/cpp_node_test
[1.275s] -- Up-to-date: /home/gun/ros2_ws/install/example_description/share/example_description/config
[1.275s] -- Up-to-date: /home/gun/ros2_ws/install/example_description/share/example_description/config/display.rviz
[1.275s] -- Up-to-date: /home/gun/ros2_ws/install/example_description/share/example_description/launch
[1.275s] -- Up-to-date: /home/gun/ros2_ws/install/example_description/share/example_description/launch/simple_display.launch.py
[1.275s] -- Up-to-date: /home/gun/ros2_ws/install/example_description/share/example_description/meshes
[1.275s] -- Up-to-date: /home/gun/ros2_ws/install/example_description/share/example_description/meshes/link_1.stl
[1.275s] -- Up-to-date: /home/gun/ros2_ws/install/example_description/share/example_description/meshes/link_3.stl
[1.276s] -- Up-to-date: /home/gun/ros2_ws/install/example_description/share/example_description/meshes/link_0.stl
[1.276s] -- Up-to-date: /home/gun/ros2_ws/install/example_description/share/example_description/meshes/end_effector.stl
[1.276s] -- Up-to-date: /home/gun/ros2_ws/install/example_description/share/example_description/meshes/link_2.stl
[1.276s] -- Up-to-date: /home/gun/ros2_ws/install/example_description/share/example_description/robot
[1.276s] -- Up-to-date: /home/gun/ros2_ws/install/example_description/share/example_description/robot/visual
[1.276s] -- Up-to-date: /home/gun/ros2_ws/install/example_description/share/example_description/robot/visual/my-robot.xacro
[1.276s] -- Up-to-date: /home/gun/ros2_ws/install/example_description/share/example_description/robot/visual/01-myfirst.urdf
[1.276s] -- Up-to-date: /home/gun/ros2_ws/install/example_description/share/ament_index/resource_index/package_run_dependencies/example_description
[1.276s] -- Up-to-date: /home/gun/ros2_ws/install/example_description/share/ament_index/resource_index/parent_prefix_path/example_description
[1.276s] -- Up-to-date: /home/gun/ros2_ws/install/example_description/share/example_description/environment/ament_prefix_path.sh
[1.277s] -- Up-to-date: /home/gun/ros2_ws/install/example_description/share/example_description/environment/ament_prefix_path.dsv
[1.277s] -- Up-to-date: /home/gun/ros2_ws/install/example_description/share/example_description/environment/path.sh
[1.277s] -- Up-to-date: /home/gun/ros2_ws/install/example_description/share/example_description/environment/path.dsv
[1.277s] -- Up-to-date: /home/gun/ros2_ws/install/example_description/share/example_description/local_setup.bash
[1.277s] -- Up-to-date: /home/gun/ros2_ws/install/example_description/share/example_description/local_setup.sh
[1.277s] -- Up-to-date: /home/gun/ros2_ws/install/example_description/share/example_description/local_setup.zsh
[1.277s] -- Up-to-date: /home/gun/ros2_ws/install/example_description/share/example_description/local_setup.dsv
[1.277s] -- Installing: /home/gun/ros2_ws/install/example_description/share/example_description/package.dsv
[1.277s] -- Up-to-date: /home/gun/ros2_ws/install/example_description/share/ament_index/resource_index/packages/example_description
[1.277s] -- Up-to-date: /home/gun/ros2_ws/install/example_description/share/example_description/cmake/example_descriptionConfig.cmake
[1.277s] -- Up-to-date: /home/gun/ros2_ws/install/example_description/share/example_description/cmake/example_descriptionConfig-version.cmake
[1.277s] -- Up-to-date: /home/gun/ros2_ws/install/example_description/share/example_description/package.xml
[1.335s] Invoked command in '/home/gun/ros2_ws/build/example_description' returned '0': CMAKE_PREFIX_PATH=${CMAKE_PREFIX_PATH}:/home/gun/CARVER_WS/install/rtabmap_python:/home/gun/ros2_ws/install/turtlesim_catch_them_all:/home/gun/ros2_ws/install/my_py_pkg:/home/gun/ros2_ws/install/actions_py:/opt/ros/humble /usr/bin/cmake --install /home/gun/ros2_ws/build/example_description
