[0.094s] Invoking command in '/home/gun/ros2_ws/build/urdf_tutorial': CMAKE_PREFIX_PATH=${CMAKE_PREFIX_PATH}:/home/gun/CARVER_WS/install/rtabmap_python:/home/gun/ros2_ws/install/turtlesim_catch_them_all:/home/gun/ros2_ws/install/my_py_pkg:/home/gun/ros2_ws/install/actions_py:/opt/ros/humble /usr/bin/cmake --build /home/gun/ros2_ws/build/urdf_tutorial -- -j8 -l8
[0.197s] Invoked command in '/home/gun/ros2_ws/build/urdf_tutorial' returned '0': CMAKE_PREFIX_PATH=${CMAKE_PREFIX_PATH}:/home/gun/CARVER_WS/install/rtabmap_python:/home/gun/ros2_ws/install/turtlesim_catch_them_all:/home/gun/ros2_ws/install/my_py_pkg:/home/gun/ros2_ws/install/actions_py:/opt/ros/humble /usr/bin/cmake --build /home/gun/ros2_ws/build/urdf_tutorial -- -j8 -l8
[0.270s] Invoking command in '/home/gun/ros2_ws/build/urdf_tutorial': CMAKE_PREFIX_PATH=${CMAKE_PREFIX_PATH}:/home/gun/CARVER_WS/install/rtabmap_python:/home/gun/ros2_ws/install/turtlesim_catch_them_all:/home/gun/ros2_ws/install/my_py_pkg:/home/gun/ros2_ws/install/actions_py:/opt/ros/humble /usr/bin/cmake --install /home/gun/ros2_ws/build/urdf_tutorial
[0.291s] -- Install configuration: ""
[0.291s] -- Up-to-date: /home/gun/ros2_ws/install/urdf_tutorial/share/urdf_tutorial/images
[0.291s] -- Up-to-date: /home/gun/ros2_ws/install/urdf_tutorial/share/urdf_tutorial/images/materials.png
[0.291s] -- Up-to-date: /home/gun/ros2_ws/install/urdf_tutorial/share/urdf_tutorial/images/visual.png
[0.291s] -- Up-to-date: /home/gun/ros2_ws/install/urdf_tutorial/share/urdf_tutorial/images/multipleshapes.png
[0.291s] -- Up-to-date: /home/gun/ros2_ws/install/urdf_tutorial/share/urdf_tutorial/images/flexible.png
[0.292s] -- Up-to-date: /home/gun/ros2_ws/install/urdf_tutorial/share/urdf_tutorial/images/myfirst.png
[0.292s] -- Up-to-date: /home/gun/ros2_ws/install/urdf_tutorial/share/urdf_tutorial/images/origins.png
[0.292s] -- Up-to-date: /home/gun/ros2_ws/install/urdf_tutorial/share/urdf_tutorial/launch
[0.293s] -- Up-to-date: /home/gun/ros2_ws/install/urdf_tutorial/share/urdf_tutorial/launch/display.launch.py
[0.293s] -- Up-to-date: /home/gun/ros2_ws/install/urdf_tutorial/share/urdf_tutorial/meshes
[0.293s] -- Up-to-date: /home/gun/ros2_ws/install/urdf_tutorial/share/urdf_tutorial/meshes/l_finger_tip.dae
[0.293s] -- Up-to-date: /home/gun/ros2_ws/install/urdf_tutorial/share/urdf_tutorial/meshes/l_finger_tip_color.png
[0.293s] -- Up-to-date: /home/gun/ros2_ws/install/urdf_tutorial/share/urdf_tutorial/meshes/l_finger.dae
[0.294s] -- Up-to-date: /home/gun/ros2_ws/install/urdf_tutorial/share/urdf_tutorial/meshes/l_finger_color.png
[0.294s] -- Up-to-date: /home/gun/ros2_ws/install/urdf_tutorial/share/urdf_tutorial/rviz
[0.294s] -- Up-to-date: /home/gun/ros2_ws/install/urdf_tutorial/share/urdf_tutorial/rviz/urdf.rviz
[0.294s] -- Up-to-date: /home/gun/ros2_ws/install/urdf_tutorial/share/urdf_tutorial/urdf
[0.294s] -- Up-to-date: /home/gun/ros2_ws/install/urdf_tutorial/share/urdf_tutorial/urdf/02-multipleshapes.urdf
[0.294s] -- Up-to-date: /home/gun/ros2_ws/install/urdf_tutorial/share/urdf_tutorial/urdf/07-physics.urdf
[0.294s] -- Up-to-date: /home/gun/ros2_ws/install/urdf_tutorial/share/urdf_tutorial/urdf/08-macroed.urdf.xacro
[0.294s] -- Up-to-date: /home/gun/ros2_ws/install/urdf_tutorial/share/urdf_tutorial/urdf/03-origins.urdf
[0.294s] -- Up-to-date: /home/gun/ros2_ws/install/urdf_tutorial/share/urdf_tutorial/urdf/04-materials.urdf
[0.294s] -- Up-to-date: /home/gun/ros2_ws/install/urdf_tutorial/share/urdf_tutorial/urdf/01-myfirst.urdf
[0.295s] -- Up-to-date: /home/gun/ros2_ws/install/urdf_tutorial/share/urdf_tutorial/urdf/06-flexible.urdf
[0.295s] -- Up-to-date: /home/gun/ros2_ws/install/urdf_tutorial/share/urdf_tutorial/urdf/05-visual.urdf
[0.295s] -- Up-to-date: /home/gun/ros2_ws/install/urdf_tutorial/share/ament_index/resource_index/package_run_dependencies/urdf_tutorial
[0.295s] -- Up-to-date: /home/gun/ros2_ws/install/urdf_tutorial/share/ament_index/resource_index/parent_prefix_path/urdf_tutorial
[0.295s] -- Up-to-date: /home/gun/ros2_ws/install/urdf_tutorial/share/urdf_tutorial/environment/ament_prefix_path.sh
[0.295s] -- Up-to-date: /home/gun/ros2_ws/install/urdf_tutorial/share/urdf_tutorial/environment/ament_prefix_path.dsv
[0.295s] -- Up-to-date: /home/gun/ros2_ws/install/urdf_tutorial/share/urdf_tutorial/environment/path.sh
[0.295s] -- Up-to-date: /home/gun/ros2_ws/install/urdf_tutorial/share/urdf_tutorial/environment/path.dsv
[0.295s] -- Up-to-date: /home/gun/ros2_ws/install/urdf_tutorial/share/urdf_tutorial/local_setup.bash
[0.295s] -- Up-to-date: /home/gun/ros2_ws/install/urdf_tutorial/share/urdf_tutorial/local_setup.sh
[0.295s] -- Up-to-date: /home/gun/ros2_ws/install/urdf_tutorial/share/urdf_tutorial/local_setup.zsh
[0.295s] -- Up-to-date: /home/gun/ros2_ws/install/urdf_tutorial/share/urdf_tutorial/local_setup.dsv
[0.295s] -- Installing: /home/gun/ros2_ws/install/urdf_tutorial/share/urdf_tutorial/package.dsv
[0.296s] -- Up-to-date: /home/gun/ros2_ws/install/urdf_tutorial/share/ament_index/resource_index/packages/urdf_tutorial
[0.296s] -- Up-to-date: /home/gun/ros2_ws/install/urdf_tutorial/share/urdf_tutorial/cmake/urdf_tutorialConfig.cmake
[0.296s] -- Up-to-date: /home/gun/ros2_ws/install/urdf_tutorial/share/urdf_tutorial/cmake/urdf_tutorialConfig-version.cmake
[0.296s] -- Up-to-date: /home/gun/ros2_ws/install/urdf_tutorial/share/urdf_tutorial/package.xml
[0.308s] Invoked command in '/home/gun/ros2_ws/build/urdf_tutorial' returned '0': CMAKE_PREFIX_PATH=${CMAKE_PREFIX_PATH}:/home/gun/CARVER_WS/install/rtabmap_python:/home/gun/ros2_ws/install/turtlesim_catch_them_all:/home/gun/ros2_ws/install/my_py_pkg:/home/gun/ros2_ws/install/actions_py:/opt/ros/humble /usr/bin/cmake --install /home/gun/ros2_ws/build/urdf_tutorial
