[0.061s] Invoking command in '/home/gun/ros2_ws/build/turtlesim_plus_interfaces': CMAKE_PREFIX_PATH=${CMAKE_PREFIX_PATH}:/home/gun/CARVER_WS/install/rtabmap_python:/home/gun/ros2_ws/install/turtlesim_catch_them_all:/home/gun/ros2_ws/install/my_py_pkg:/home/gun/ros2_ws/install/actions_py:/opt/ros/humble /usr/bin/cmake --build /home/gun/ros2_ws/build/turtlesim_plus_interfaces -- -j8 -l8
[0.153s] [  1%] Built target turtlesim_plus_interfaces__cpp
[0.155s] [ 12%] Built target turtlesim_plus_interfaces__rosidl_generator_c
[0.173s] [ 12%] Built target ament_cmake_python_copy_turtlesim_plus_interfaces
[0.215s] [ 23%] Built target turtlesim_plus_interfaces__rosidl_typesupport_introspection_cpp
[0.223s] [ 34%] Built target turtlesim_plus_interfaces__rosidl_typesupport_fastrtps_cpp
[0.223s] [ 45%] Built target turtlesim_plus_interfaces__rosidl_typesupport_cpp
[0.228s] [ 56%] Built target turtlesim_plus_interfaces__rosidl_typesupport_fastrtps_c
[0.230s] [ 78%] Built target turtlesim_plus_interfaces__rosidl_typesupport_introspection_c
[0.230s] [ 78%] Built target turtlesim_plus_interfaces__rosidl_typesupport_c
[0.265s] [ 78%] Built target turtlesim_plus_interfaces
[0.301s] [ 80%] Built target turtlesim_plus_interfaces__py
[0.358s] [ 89%] Built target turtlesim_plus_interfaces__rosidl_generator_py
[0.421s] [ 92%] Built target turtlesim_plus_interfaces__rosidl_typesupport_introspection_c__pyext
[0.426s] [ 96%] Built target turtlesim_plus_interfaces__rosidl_typesupport_c__pyext
[0.428s] [100%] Built target turtlesim_plus_interfaces__rosidl_typesupport_fastrtps_c__pyext
[0.684s] running egg_info
[0.722s] writing turtlesim_plus_interfaces.egg-info/PKG-INFO
[0.723s] writing dependency_links to turtlesim_plus_interfaces.egg-info/dependency_links.txt
[0.723s] writing top-level names to turtlesim_plus_interfaces.egg-info/top_level.txt
[0.836s] reading manifest file 'turtlesim_plus_interfaces.egg-info/SOURCES.txt'
[0.836s] writing manifest file 'turtlesim_plus_interfaces.egg-info/SOURCES.txt'
[0.895s] [100%] Built target ament_cmake_python_build_turtlesim_plus_interfaces_egg
[1.405s] Invoked command in '/home/gun/ros2_ws/build/turtlesim_plus_interfaces' returned '0': CMAKE_PREFIX_PATH=${CMAKE_PREFIX_PATH}:/home/gun/CARVER_WS/install/rtabmap_python:/home/gun/ros2_ws/install/turtlesim_catch_them_all:/home/gun/ros2_ws/install/my_py_pkg:/home/gun/ros2_ws/install/actions_py:/opt/ros/humble /usr/bin/cmake --build /home/gun/ros2_ws/build/turtlesim_plus_interfaces -- -j8 -l8
[1.806s] Invoking command in '/home/gun/ros2_ws/build/turtlesim_plus_interfaces': CMAKE_PREFIX_PATH=${CMAKE_PREFIX_PATH}:/home/gun/CARVER_WS/install/rtabmap_python:/home/gun/ros2_ws/install/turtlesim_catch_them_all:/home/gun/ros2_ws/install/my_py_pkg:/home/gun/ros2_ws/install/actions_py:/opt/ros/humble /usr/bin/cmake --install /home/gun/ros2_ws/build/turtlesim_plus_interfaces
[1.819s] -- Install configuration: ""
[1.821s] -- Up-to-date: /home/gun/ros2_ws/install/turtlesim_plus_interfaces/share/ament_index/resource_index/rosidl_interfaces/turtlesim_plus_interfaces
[1.821s] -- Up-to-date: /home/gun/ros2_ws/install/turtlesim_plus_interfaces/include/turtlesim_plus_interfaces/turtlesim_plus_interfaces
[1.821s] -- Up-to-date: /home/gun/ros2_ws/install/turtlesim_plus_interfaces/include/turtlesim_plus_interfaces/turtlesim_plus_interfaces/action
[1.822s] -- Up-to-date: /home/gun/ros2_ws/install/turtlesim_plus_interfaces/include/turtlesim_plus_interfaces/turtlesim_plus_interfaces/action/get_data.h
[1.822s] -- Up-to-date: /home/gun/ros2_ws/install/turtlesim_plus_interfaces/include/turtlesim_plus_interfaces/turtlesim_plus_interfaces/action/detail
[1.824s] -- Up-to-date: /home/gun/ros2_ws/install/turtlesim_plus_interfaces/include/turtlesim_plus_interfaces/turtlesim_plus_interfaces/action/detail/get_data__functions.c
[1.825s] -- Up-to-date: /home/gun/ros2_ws/install/turtlesim_plus_interfaces/include/turtlesim_plus_interfaces/turtlesim_plus_interfaces/action/detail/get_data__type_support.h
[1.825s] -- Up-to-date: /home/gun/ros2_ws/install/turtlesim_plus_interfaces/include/turtlesim_plus_interfaces/turtlesim_plus_interfaces/action/detail/get_data__struct.h
[1.825s] -- Up-to-date: /home/gun/ros2_ws/install/turtlesim_plus_interfaces/include/turtlesim_plus_interfaces/turtlesim_plus_interfaces/action/detail/get_data__functions.h
[1.825s] -- Up-to-date: /home/gun/ros2_ws/install/turtlesim_plus_interfaces/include/turtlesim_plus_interfaces/turtlesim_plus_interfaces/srv
[1.825s] -- Up-to-date: /home/gun/ros2_ws/install/turtlesim_plus_interfaces/include/turtlesim_plus_interfaces/turtlesim_plus_interfaces/srv/detail
[1.826s] -- Up-to-date: /home/gun/ros2_ws/install/turtlesim_plus_interfaces/include/turtlesim_plus_interfaces/turtlesim_plus_interfaces/srv/detail/give_position__functions.h
[1.826s] -- Up-to-date: /home/gun/ros2_ws/install/turtlesim_plus_interfaces/include/turtlesim_plus_interfaces/turtlesim_plus_interfaces/srv/detail/give_position__type_support.h
[1.826s] -- Up-to-date: /home/gun/ros2_ws/install/turtlesim_plus_interfaces/include/turtlesim_plus_interfaces/turtlesim_plus_interfaces/srv/detail/give_position__functions.c
[1.826s] -- Up-to-date: /home/gun/ros2_ws/install/turtlesim_plus_interfaces/include/turtlesim_plus_interfaces/turtlesim_plus_interfaces/srv/detail/give_position__struct.h
[1.826s] -- Up-to-date: /home/gun/ros2_ws/install/turtlesim_plus_interfaces/include/turtlesim_plus_interfaces/turtlesim_plus_interfaces/srv/give_position.h
[1.826s] -- Up-to-date: /home/gun/ros2_ws/install/turtlesim_plus_interfaces/include/turtlesim_plus_interfaces/turtlesim_plus_interfaces/msg
[1.827s] -- Up-to-date: /home/gun/ros2_ws/install/turtlesim_plus_interfaces/include/turtlesim_plus_interfaces/turtlesim_plus_interfaces/msg/scanner_data_array.h
[1.827s] -- Up-to-date: /home/gun/ros2_ws/install/turtlesim_plus_interfaces/include/turtlesim_plus_interfaces/turtlesim_plus_interfaces/msg/detail
[1.828s] -- Up-to-date: /home/gun/ros2_ws/install/turtlesim_plus_interfaces/include/turtlesim_plus_interfaces/turtlesim_plus_interfaces/msg/detail/scanner_data__type_support.h
[1.828s] -- Up-to-date: /home/gun/ros2_ws/install/turtlesim_plus_interfaces/include/turtlesim_plus_interfaces/turtlesim_plus_interfaces/msg/detail/scanner_data_array__type_support.h
[1.830s] -- Up-to-date: /home/gun/ros2_ws/install/turtlesim_plus_interfaces/include/turtlesim_plus_interfaces/turtlesim_plus_interfaces/msg/detail/scanner_data__functions.h
[1.830s] -- Up-to-date: /home/gun/ros2_ws/install/turtlesim_plus_interfaces/include/turtlesim_plus_interfaces/turtlesim_plus_interfaces/msg/detail/scanner_data_array__functions.h
[1.830s] -- Up-to-date: /home/gun/ros2_ws/install/turtlesim_plus_interfaces/include/turtlesim_plus_interfaces/turtlesim_plus_interfaces/msg/detail/scanner_data_array__functions.c
[1.830s] -- Up-to-date: /home/gun/ros2_ws/install/turtlesim_plus_interfaces/include/turtlesim_plus_interfaces/turtlesim_plus_interfaces/msg/detail/scanner_data__struct.h
[1.830s] -- Up-to-date: /home/gun/ros2_ws/install/turtlesim_plus_interfaces/include/turtlesim_plus_interfaces/turtlesim_plus_interfaces/msg/detail/scanner_data__functions.c
[1.830s] -- Up-to-date: /home/gun/ros2_ws/install/turtlesim_plus_interfaces/include/turtlesim_plus_interfaces/turtlesim_plus_interfaces/msg/detail/scanner_data_array__struct.h
[1.830s] -- Up-to-date: /home/gun/ros2_ws/install/turtlesim_plus_interfaces/include/turtlesim_plus_interfaces/turtlesim_plus_interfaces/msg/rosidl_generator_c__visibility_control.h
[1.830s] -- Up-to-date: /home/gun/ros2_ws/install/turtlesim_plus_interfaces/include/turtlesim_plus_interfaces/turtlesim_plus_interfaces/msg/scanner_data.h
[1.830s] -- Up-to-date: /home/gun/ros2_ws/install/turtlesim_plus_interfaces/share/turtlesim_plus_interfaces/environment/library_path.sh
[1.831s] -- Up-to-date: /home/gun/ros2_ws/install/turtlesim_plus_interfaces/share/turtlesim_plus_interfaces/environment/library_path.dsv
[1.831s] -- Up-to-date: /home/gun/ros2_ws/install/turtlesim_plus_interfaces/lib/libturtlesim_plus_interfaces__rosidl_generator_c.so
[1.831s] -- Up-to-date: /home/gun/ros2_ws/install/turtlesim_plus_interfaces/include/turtlesim_plus_interfaces/turtlesim_plus_interfaces
[1.831s] -- Up-to-date: /home/gun/ros2_ws/install/turtlesim_plus_interfaces/include/turtlesim_plus_interfaces/turtlesim_plus_interfaces/action
[1.831s] -- Up-to-date: /home/gun/ros2_ws/install/turtlesim_plus_interfaces/include/turtlesim_plus_interfaces/turtlesim_plus_interfaces/action/detail
[1.831s] -- Up-to-date: /home/gun/ros2_ws/install/turtlesim_plus_interfaces/include/turtlesim_plus_interfaces/turtlesim_plus_interfaces/action/detail/get_data__rosidl_typesupport_fastrtps_c.h
[1.831s] -- Up-to-date: /home/gun/ros2_ws/install/turtlesim_plus_interfaces/include/turtlesim_plus_interfaces/turtlesim_plus_interfaces/srv
[1.831s] -- Up-to-date: /home/gun/ros2_ws/install/turtlesim_plus_interfaces/include/turtlesim_plus_interfaces/turtlesim_plus_interfaces/srv/detail
[1.832s] -- Up-to-date: /home/gun/ros2_ws/install/turtlesim_plus_interfaces/include/turtlesim_plus_interfaces/turtlesim_plus_interfaces/srv/detail/give_position__rosidl_typesupport_fastrtps_c.h
[1.832s] -- Up-to-date: /home/gun/ros2_ws/install/turtlesim_plus_interfaces/include/turtlesim_plus_interfaces/turtlesim_plus_interfaces/msg
[1.832s] -- Up-to-date: /home/gun/ros2_ws/install/turtlesim_plus_interfaces/include/turtlesim_plus_interfaces/turtlesim_plus_interfaces/msg/rosidl_typesupport_fastrtps_c__visibility_control.h
[1.832s] -- Up-to-date: /home/gun/ros2_ws/install/turtlesim_plus_interfaces/include/turtlesim_plus_interfaces/turtlesim_plus_interfaces/msg/detail
[1.832s] -- Up-to-date: /home/gun/ros2_ws/install/turtlesim_plus_interfaces/include/turtlesim_plus_interfaces/turtlesim_plus_interfaces/msg/detail/scanner_data__rosidl_typesupport_fastrtps_c.h
[1.832s] -- Up-to-date: /home/gun/ros2_ws/install/turtlesim_plus_interfaces/include/turtlesim_plus_interfaces/turtlesim_plus_interfaces/msg/detail/scanner_data_array__rosidl_typesupport_fastrtps_c.h
[1.832s] -- Up-to-date: /home/gun/ros2_ws/install/turtlesim_plus_interfaces/lib/libturtlesim_plus_interfaces__rosidl_typesupport_fastrtps_c.so
[1.832s] -- Up-to-date: /home/gun/ros2_ws/install/turtlesim_plus_interfaces/include/turtlesim_plus_interfaces/turtlesim_plus_interfaces
[1.833s] -- Up-to-date: /home/gun/ros2_ws/install/turtlesim_plus_interfaces/include/turtlesim_plus_interfaces/turtlesim_plus_interfaces/action
[1.833s] -- Up-to-date: /home/gun/ros2_ws/install/turtlesim_plus_interfaces/include/turtlesim_plus_interfaces/turtlesim_plus_interfaces/action/detail
[1.834s] -- Up-to-date: /home/gun/ros2_ws/install/turtlesim_plus_interfaces/include/turtlesim_plus_interfaces/turtlesim_plus_interfaces/action/detail/get_data__type_support.c
[1.834s] -- Up-to-date: /home/gun/ros2_ws/install/turtlesim_plus_interfaces/include/turtlesim_plus_interfaces/turtlesim_plus_interfaces/action/detail/get_data__rosidl_typesupport_introspection_c.h
[1.834s] -- Up-to-date: /home/gun/ros2_ws/install/turtlesim_plus_interfaces/include/turtlesim_plus_interfaces/turtlesim_plus_interfaces/srv
[1.834s] -- Up-to-date: /home/gun/ros2_ws/install/turtlesim_plus_interfaces/include/turtlesim_plus_interfaces/turtlesim_plus_interfaces/srv/detail
[1.834s] -- Up-to-date: /home/gun/ros2_ws/install/turtlesim_plus_interfaces/include/turtlesim_plus_interfaces/turtlesim_plus_interfaces/srv/detail/give_position__rosidl_typesupport_introspection_c.h
[1.834s] -- Up-to-date: /home/gun/ros2_ws/install/turtlesim_plus_interfaces/include/turtlesim_plus_interfaces/turtlesim_plus_interfaces/srv/detail/give_position__type_support.c
[1.835s] -- Up-to-date: /home/gun/ros2_ws/install/turtlesim_plus_interfaces/include/turtlesim_plus_interfaces/turtlesim_plus_interfaces/msg
[1.835s] -- Up-to-date: /home/gun/ros2_ws/install/turtlesim_plus_interfaces/include/turtlesim_plus_interfaces/turtlesim_plus_interfaces/msg/detail
[1.835s] -- Up-to-date: /home/gun/ros2_ws/install/turtlesim_plus_interfaces/include/turtlesim_plus_interfaces/turtlesim_plus_interfaces/msg/detail/scanner_data__rosidl_typesupport_introspection_c.h
[1.835s] -- Up-to-date: /home/gun/ros2_ws/install/turtlesim_plus_interfaces/include/turtlesim_plus_interfaces/turtlesim_plus_interfaces/msg/detail/scanner_data_array__rosidl_typesupport_introspection_c.h
[1.835s] -- Up-to-date: /home/gun/ros2_ws/install/turtlesim_plus_interfaces/include/turtlesim_plus_interfaces/turtlesim_plus_interfaces/msg/detail/scanner_data__type_support.c
[1.835s] -- Up-to-date: /home/gun/ros2_ws/install/turtlesim_plus_interfaces/include/turtlesim_plus_interfaces/turtlesim_plus_interfaces/msg/detail/scanner_data_array__type_support.c
[1.835s] -- Up-to-date: /home/gun/ros2_ws/install/turtlesim_plus_interfaces/include/turtlesim_plus_interfaces/turtlesim_plus_interfaces/msg/rosidl_typesupport_introspection_c__visibility_control.h
[1.835s] -- Up-to-date: /home/gun/ros2_ws/install/turtlesim_plus_interfaces/lib/libturtlesim_plus_interfaces__rosidl_typesupport_introspection_c.so
[1.835s] -- Up-to-date: /home/gun/ros2_ws/install/turtlesim_plus_interfaces/lib/libturtlesim_plus_interfaces__rosidl_typesupport_c.so
[1.835s] -- Up-to-date: /home/gun/ros2_ws/install/turtlesim_plus_interfaces/include/turtlesim_plus_interfaces/turtlesim_plus_interfaces
[1.836s] -- Up-to-date: /home/gun/ros2_ws/install/turtlesim_plus_interfaces/include/turtlesim_plus_interfaces/turtlesim_plus_interfaces/action
[1.836s] -- Up-to-date: /home/gun/ros2_ws/install/turtlesim_plus_interfaces/include/turtlesim_plus_interfaces/turtlesim_plus_interfaces/action/get_data.hpp
[1.836s] -- Up-to-date: /home/gun/ros2_ws/install/turtlesim_plus_interfaces/include/turtlesim_plus_interfaces/turtlesim_plus_interfaces/action/detail
[1.836s] -- Up-to-date: /home/gun/ros2_ws/install/turtlesim_plus_interfaces/include/turtlesim_plus_interfaces/turtlesim_plus_interfaces/action/detail/get_data__struct.hpp
[1.836s] -- Up-to-date: /home/gun/ros2_ws/install/turtlesim_plus_interfaces/include/turtlesim_plus_interfaces/turtlesim_plus_interfaces/action/detail/get_data__builder.hpp
[1.836s] -- Up-to-date: /home/gun/ros2_ws/install/turtlesim_plus_interfaces/include/turtlesim_plus_interfaces/turtlesim_plus_interfaces/action/detail/get_data__type_support.hpp
[1.836s] -- Up-to-date: /home/gun/ros2_ws/install/turtlesim_plus_interfaces/include/turtlesim_plus_interfaces/turtlesim_plus_interfaces/action/detail/get_data__traits.hpp
[1.836s] -- Up-to-date: /home/gun/ros2_ws/install/turtlesim_plus_interfaces/include/turtlesim_plus_interfaces/turtlesim_plus_interfaces/srv
[1.836s] -- Up-to-date: /home/gun/ros2_ws/install/turtlesim_plus_interfaces/include/turtlesim_plus_interfaces/turtlesim_plus_interfaces/srv/give_position.hpp
[1.836s] -- Up-to-date: /home/gun/ros2_ws/install/turtlesim_plus_interfaces/include/turtlesim_plus_interfaces/turtlesim_plus_interfaces/srv/detail
[1.837s] -- Up-to-date: /home/gun/ros2_ws/install/turtlesim_plus_interfaces/include/turtlesim_plus_interfaces/turtlesim_plus_interfaces/srv/detail/give_position__type_support.hpp
[1.837s] -- Up-to-date: /home/gun/ros2_ws/install/turtlesim_plus_interfaces/include/turtlesim_plus_interfaces/turtlesim_plus_interfaces/srv/detail/give_position__struct.hpp
[1.837s] -- Up-to-date: /home/gun/ros2_ws/install/turtlesim_plus_interfaces/include/turtlesim_plus_interfaces/turtlesim_plus_interfaces/srv/detail/give_position__traits.hpp
[1.837s] -- Up-to-date: /home/gun/ros2_ws/install/turtlesim_plus_interfaces/include/turtlesim_plus_interfaces/turtlesim_plus_interfaces/srv/detail/give_position__builder.hpp
[1.837s] -- Up-to-date: /home/gun/ros2_ws/install/turtlesim_plus_interfaces/include/turtlesim_plus_interfaces/turtlesim_plus_interfaces/msg
[1.837s] -- Up-to-date: /home/gun/ros2_ws/install/turtlesim_plus_interfaces/include/turtlesim_plus_interfaces/turtlesim_plus_interfaces/msg/rosidl_generator_cpp__visibility_control.hpp
[1.837s] -- Up-to-date: /home/gun/ros2_ws/install/turtlesim_plus_interfaces/include/turtlesim_plus_interfaces/turtlesim_plus_interfaces/msg/scanner_data_array.hpp
[1.837s] -- Up-to-date: /home/gun/ros2_ws/install/turtlesim_plus_interfaces/include/turtlesim_plus_interfaces/turtlesim_plus_interfaces/msg/detail
[1.838s] -- Up-to-date: /home/gun/ros2_ws/install/turtlesim_plus_interfaces/include/turtlesim_plus_interfaces/turtlesim_plus_interfaces/msg/detail/scanner_data__struct.hpp
[1.838s] -- Up-to-date: /home/gun/ros2_ws/install/turtlesim_plus_interfaces/include/turtlesim_plus_interfaces/turtlesim_plus_interfaces/msg/detail/scanner_data__builder.hpp
[1.838s] -- Up-to-date: /home/gun/ros2_ws/install/turtlesim_plus_interfaces/include/turtlesim_plus_interfaces/turtlesim_plus_interfaces/msg/detail/scanner_data_array__type_support.hpp
[1.838s] -- Up-to-date: /home/gun/ros2_ws/install/turtlesim_plus_interfaces/include/turtlesim_plus_interfaces/turtlesim_plus_interfaces/msg/detail/scanner_data_array__struct.hpp
[1.838s] -- Up-to-date: /home/gun/ros2_ws/install/turtlesim_plus_interfaces/include/turtlesim_plus_interfaces/turtlesim_plus_interfaces/msg/detail/scanner_data_array__builder.hpp
[1.838s] -- Up-to-date: /home/gun/ros2_ws/install/turtlesim_plus_interfaces/include/turtlesim_plus_interfaces/turtlesim_plus_interfaces/msg/detail/scanner_data_array__traits.hpp
[1.838s] -- Up-to-date: /home/gun/ros2_ws/install/turtlesim_plus_interfaces/include/turtlesim_plus_interfaces/turtlesim_plus_interfaces/msg/detail/scanner_data__type_support.hpp
[1.838s] -- Up-to-date: /home/gun/ros2_ws/install/turtlesim_plus_interfaces/include/turtlesim_plus_interfaces/turtlesim_plus_interfaces/msg/detail/scanner_data__traits.hpp
[1.838s] -- Up-to-date: /home/gun/ros2_ws/install/turtlesim_plus_interfaces/include/turtlesim_plus_interfaces/turtlesim_plus_interfaces/msg/scanner_data.hpp
[1.838s] -- Up-to-date: /home/gun/ros2_ws/install/turtlesim_plus_interfaces/include/turtlesim_plus_interfaces/turtlesim_plus_interfaces
[1.839s] -- Up-to-date: /home/gun/ros2_ws/install/turtlesim_plus_interfaces/include/turtlesim_plus_interfaces/turtlesim_plus_interfaces/action
[1.839s] -- Up-to-date: /home/gun/ros2_ws/install/turtlesim_plus_interfaces/include/turtlesim_plus_interfaces/turtlesim_plus_interfaces/action/detail
[1.839s] -- Up-to-date: /home/gun/ros2_ws/install/turtlesim_plus_interfaces/include/turtlesim_plus_interfaces/turtlesim_plus_interfaces/action/detail/get_data__rosidl_typesupport_fastrtps_cpp.hpp
[1.839s] -- Up-to-date: /home/gun/ros2_ws/install/turtlesim_plus_interfaces/include/turtlesim_plus_interfaces/turtlesim_plus_interfaces/action/detail/dds_fastrtps
[1.840s] -- Up-to-date: /home/gun/ros2_ws/install/turtlesim_plus_interfaces/include/turtlesim_plus_interfaces/turtlesim_plus_interfaces/srv
[1.841s] -- Up-to-date: /home/gun/ros2_ws/install/turtlesim_plus_interfaces/include/turtlesim_plus_interfaces/turtlesim_plus_interfaces/srv/detail
[1.841s] -- Up-to-date: /home/gun/ros2_ws/install/turtlesim_plus_interfaces/include/turtlesim_plus_interfaces/turtlesim_plus_interfaces/srv/detail/give_position__rosidl_typesupport_fastrtps_cpp.hpp
[1.841s] -- Up-to-date: /home/gun/ros2_ws/install/turtlesim_plus_interfaces/include/turtlesim_plus_interfaces/turtlesim_plus_interfaces/srv/detail/dds_fastrtps
[1.841s] -- Up-to-date: /home/gun/ros2_ws/install/turtlesim_plus_interfaces/include/turtlesim_plus_interfaces/turtlesim_plus_interfaces/msg
[1.841s] -- Up-to-date: /home/gun/ros2_ws/install/turtlesim_plus_interfaces/include/turtlesim_plus_interfaces/turtlesim_plus_interfaces/msg/rosidl_typesupport_fastrtps_cpp__visibility_control.h
[1.841s] -- Up-to-date: /home/gun/ros2_ws/install/turtlesim_plus_interfaces/include/turtlesim_plus_interfaces/turtlesim_plus_interfaces/msg/detail
[1.841s] -- Up-to-date: /home/gun/ros2_ws/install/turtlesim_plus_interfaces/include/turtlesim_plus_interfaces/turtlesim_plus_interfaces/msg/detail/scanner_data__rosidl_typesupport_fastrtps_cpp.hpp
[1.841s] -- Up-to-date: /home/gun/ros2_ws/install/turtlesim_plus_interfaces/include/turtlesim_plus_interfaces/turtlesim_plus_interfaces/msg/detail/scanner_data_array__rosidl_typesupport_fastrtps_cpp.hpp
[1.841s] -- Up-to-date: /home/gun/ros2_ws/install/turtlesim_plus_interfaces/include/turtlesim_plus_interfaces/turtlesim_plus_interfaces/msg/detail/dds_fastrtps
[1.842s] -- Up-to-date: /home/gun/ros2_ws/install/turtlesim_plus_interfaces/lib/libturtlesim_plus_interfaces__rosidl_typesupport_fastrtps_cpp.so
[1.842s] -- Up-to-date: /home/gun/ros2_ws/install/turtlesim_plus_interfaces/include/turtlesim_plus_interfaces/turtlesim_plus_interfaces
[1.842s] -- Up-to-date: /home/gun/ros2_ws/install/turtlesim_plus_interfaces/include/turtlesim_plus_interfaces/turtlesim_plus_interfaces/action
[1.842s] -- Up-to-date: /home/gun/ros2_ws/install/turtlesim_plus_interfaces/include/turtlesim_plus_interfaces/turtlesim_plus_interfaces/action/detail
[1.842s] -- Up-to-date: /home/gun/ros2_ws/install/turtlesim_plus_interfaces/include/turtlesim_plus_interfaces/turtlesim_plus_interfaces/action/detail/get_data__rosidl_typesupport_introspection_cpp.hpp
[1.842s] -- Up-to-date: /home/gun/ros2_ws/install/turtlesim_plus_interfaces/include/turtlesim_plus_interfaces/turtlesim_plus_interfaces/action/detail/get_data__type_support.cpp
[1.842s] -- Up-to-date: /home/gun/ros2_ws/install/turtlesim_plus_interfaces/include/turtlesim_plus_interfaces/turtlesim_plus_interfaces/srv
[1.842s] -- Up-to-date: /home/gun/ros2_ws/install/turtlesim_plus_interfaces/include/turtlesim_plus_interfaces/turtlesim_plus_interfaces/srv/detail
[1.843s] -- Up-to-date: /home/gun/ros2_ws/install/turtlesim_plus_interfaces/include/turtlesim_plus_interfaces/turtlesim_plus_interfaces/srv/detail/give_position__type_support.cpp
[1.843s] -- Up-to-date: /home/gun/ros2_ws/install/turtlesim_plus_interfaces/include/turtlesim_plus_interfaces/turtlesim_plus_interfaces/srv/detail/give_position__rosidl_typesupport_introspection_cpp.hpp
[1.843s] -- Up-to-date: /home/gun/ros2_ws/install/turtlesim_plus_interfaces/include/turtlesim_plus_interfaces/turtlesim_plus_interfaces/msg
[1.843s] -- Up-to-date: /home/gun/ros2_ws/install/turtlesim_plus_interfaces/include/turtlesim_plus_interfaces/turtlesim_plus_interfaces/msg/detail
[1.843s] -- Up-to-date: /home/gun/ros2_ws/install/turtlesim_plus_interfaces/include/turtlesim_plus_interfaces/turtlesim_plus_interfaces/msg/detail/scanner_data_array__type_support.cpp
[1.843s] -- Up-to-date: /home/gun/ros2_ws/install/turtlesim_plus_interfaces/include/turtlesim_plus_interfaces/turtlesim_plus_interfaces/msg/detail/scanner_data__type_support.cpp
[1.843s] -- Up-to-date: /home/gun/ros2_ws/install/turtlesim_plus_interfaces/include/turtlesim_plus_interfaces/turtlesim_plus_interfaces/msg/detail/scanner_data_array__rosidl_typesupport_introspection_cpp.hpp
[1.844s] -- Up-to-date: /home/gun/ros2_ws/install/turtlesim_plus_interfaces/include/turtlesim_plus_interfaces/turtlesim_plus_interfaces/msg/detail/scanner_data__rosidl_typesupport_introspection_cpp.hpp
[1.844s] -- Up-to-date: /home/gun/ros2_ws/install/turtlesim_plus_interfaces/lib/libturtlesim_plus_interfaces__rosidl_typesupport_introspection_cpp.so
[1.844s] -- Up-to-date: /home/gun/ros2_ws/install/turtlesim_plus_interfaces/lib/libturtlesim_plus_interfaces__rosidl_typesupport_cpp.so
[1.844s] -- Up-to-date: /home/gun/ros2_ws/install/turtlesim_plus_interfaces/share/turtlesim_plus_interfaces/environment/pythonpath.sh
[1.844s] -- Up-to-date: /home/gun/ros2_ws/install/turtlesim_plus_interfaces/share/turtlesim_plus_interfaces/environment/pythonpath.dsv
[1.844s] -- Up-to-date: /home/gun/ros2_ws/install/turtlesim_plus_interfaces/local/lib/python3.10/dist-packages/turtlesim_plus_interfaces-0.0.0-py3.10.egg-info
[1.844s] -- Installing: /home/gun/ros2_ws/install/turtlesim_plus_interfaces/local/lib/python3.10/dist-packages/turtlesim_plus_interfaces-0.0.0-py3.10.egg-info/top_level.txt
[1.844s] -- Installing: /home/gun/ros2_ws/install/turtlesim_plus_interfaces/local/lib/python3.10/dist-packages/turtlesim_plus_interfaces-0.0.0-py3.10.egg-info/PKG-INFO
[1.844s] -- Installing: /home/gun/ros2_ws/install/turtlesim_plus_interfaces/local/lib/python3.10/dist-packages/turtlesim_plus_interfaces-0.0.0-py3.10.egg-info/SOURCES.txt
[1.845s] -- Installing: /home/gun/ros2_ws/install/turtlesim_plus_interfaces/local/lib/python3.10/dist-packages/turtlesim_plus_interfaces-0.0.0-py3.10.egg-info/dependency_links.txt
[1.845s] -- Up-to-date: /home/gun/ros2_ws/install/turtlesim_plus_interfaces/local/lib/python3.10/dist-packages/turtlesim_plus_interfaces
[1.845s] -- Up-to-date: /home/gun/ros2_ws/install/turtlesim_plus_interfaces/local/lib/python3.10/dist-packages/turtlesim_plus_interfaces/turtlesim_plus_interfaces_s__rosidl_typesupport_introspection_c.cpython-310-x86_64-linux-gnu.so
[1.845s] -- Up-to-date: /home/gun/ros2_ws/install/turtlesim_plus_interfaces/local/lib/python3.10/dist-packages/turtlesim_plus_interfaces/action
[1.845s] -- Up-to-date: /home/gun/ros2_ws/install/turtlesim_plus_interfaces/local/lib/python3.10/dist-packages/turtlesim_plus_interfaces/action/_get_data_s.c
[1.845s] -- Up-to-date: /home/gun/ros2_ws/install/turtlesim_plus_interfaces/local/lib/python3.10/dist-packages/turtlesim_plus_interfaces/action/__init__.py
[1.845s] -- Up-to-date: /home/gun/ros2_ws/install/turtlesim_plus_interfaces/local/lib/python3.10/dist-packages/turtlesim_plus_interfaces/action/_get_data.py
[1.845s] -- Up-to-date: /home/gun/ros2_ws/install/turtlesim_plus_interfaces/local/lib/python3.10/dist-packages/turtlesim_plus_interfaces/__init__.py
[1.845s] -- Up-to-date: /home/gun/ros2_ws/install/turtlesim_plus_interfaces/local/lib/python3.10/dist-packages/turtlesim_plus_interfaces/srv
[1.846s] -- Up-to-date: /home/gun/ros2_ws/install/turtlesim_plus_interfaces/local/lib/python3.10/dist-packages/turtlesim_plus_interfaces/srv/__init__.py
[1.846s] -- Up-to-date: /home/gun/ros2_ws/install/turtlesim_plus_interfaces/local/lib/python3.10/dist-packages/turtlesim_plus_interfaces/srv/_give_position.py
[1.846s] -- Up-to-date: /home/gun/ros2_ws/install/turtlesim_plus_interfaces/local/lib/python3.10/dist-packages/turtlesim_plus_interfaces/srv/_give_position_s.c
[1.846s] -- Up-to-date: /home/gun/ros2_ws/install/turtlesim_plus_interfaces/local/lib/python3.10/dist-packages/turtlesim_plus_interfaces/libturtlesim_plus_interfaces__rosidl_generator_py.so
[1.846s] -- Up-to-date: /home/gun/ros2_ws/install/turtlesim_plus_interfaces/local/lib/python3.10/dist-packages/turtlesim_plus_interfaces/msg
[1.847s] -- Up-to-date: /home/gun/ros2_ws/install/turtlesim_plus_interfaces/local/lib/python3.10/dist-packages/turtlesim_plus_interfaces/msg/__init__.py
[1.847s] -- Up-to-date: /home/gun/ros2_ws/install/turtlesim_plus_interfaces/local/lib/python3.10/dist-packages/turtlesim_plus_interfaces/msg/_scanner_data.py
[1.847s] -- Up-to-date: /home/gun/ros2_ws/install/turtlesim_plus_interfaces/local/lib/python3.10/dist-packages/turtlesim_plus_interfaces/msg/_scanner_data_s.c
[1.847s] -- Up-to-date: /home/gun/ros2_ws/install/turtlesim_plus_interfaces/local/lib/python3.10/dist-packages/turtlesim_plus_interfaces/msg/_scanner_data_array_s.c
[1.847s] -- Up-to-date: /home/gun/ros2_ws/install/turtlesim_plus_interfaces/local/lib/python3.10/dist-packages/turtlesim_plus_interfaces/msg/_scanner_data_array.py
[1.847s] -- Up-to-date: /home/gun/ros2_ws/install/turtlesim_plus_interfaces/local/lib/python3.10/dist-packages/turtlesim_plus_interfaces/turtlesim_plus_interfaces_s__rosidl_typesupport_fastrtps_c.cpython-310-x86_64-linux-gnu.so
[1.847s] -- Up-to-date: /home/gun/ros2_ws/install/turtlesim_plus_interfaces/local/lib/python3.10/dist-packages/turtlesim_plus_interfaces/turtlesim_plus_interfaces_s__rosidl_typesupport_c.cpython-310-x86_64-linux-gnu.so
[1.847s] -- Up-to-date: /home/gun/ros2_ws/install/turtlesim_plus_interfaces/local/lib/python3.10/dist-packages/turtlesim_plus_interfaces/_turtlesim_plus_interfaces_s.ep.rosidl_typesupport_c.c
[1.848s] -- Up-to-date: /home/gun/ros2_ws/install/turtlesim_plus_interfaces/local/lib/python3.10/dist-packages/turtlesim_plus_interfaces/_turtlesim_plus_interfaces_s.ep.rosidl_typesupport_introspection_c.c
[1.848s] -- Up-to-date: /home/gun/ros2_ws/install/turtlesim_plus_interfaces/local/lib/python3.10/dist-packages/turtlesim_plus_interfaces/_turtlesim_plus_interfaces_s.ep.rosidl_typesupport_fastrtps_c.c
[1.920s] Listing '/home/gun/ros2_ws/install/turtlesim_plus_interfaces/local/lib/python3.10/dist-packages/turtlesim_plus_interfaces'...
[1.920s] Listing '/home/gun/ros2_ws/install/turtlesim_plus_interfaces/local/lib/python3.10/dist-packages/turtlesim_plus_interfaces/action'...
[1.920s] Listing '/home/gun/ros2_ws/install/turtlesim_plus_interfaces/local/lib/python3.10/dist-packages/turtlesim_plus_interfaces/msg'...
[1.920s] Listing '/home/gun/ros2_ws/install/turtlesim_plus_interfaces/local/lib/python3.10/dist-packages/turtlesim_plus_interfaces/srv'...
[1.927s] -- Up-to-date: /home/gun/ros2_ws/install/turtlesim_plus_interfaces/local/lib/python3.10/dist-packages/turtlesim_plus_interfaces/turtlesim_plus_interfaces_s__rosidl_typesupport_fastrtps_c.cpython-310-x86_64-linux-gnu.so
[1.929s] -- Up-to-date: /home/gun/ros2_ws/install/turtlesim_plus_interfaces/local/lib/python3.10/dist-packages/turtlesim_plus_interfaces/turtlesim_plus_interfaces_s__rosidl_typesupport_introspection_c.cpython-310-x86_64-linux-gnu.so
[1.929s] -- Up-to-date: /home/gun/ros2_ws/install/turtlesim_plus_interfaces/local/lib/python3.10/dist-packages/turtlesim_plus_interfaces/turtlesim_plus_interfaces_s__rosidl_typesupport_c.cpython-310-x86_64-linux-gnu.so
[1.929s] -- Up-to-date: /home/gun/ros2_ws/install/turtlesim_plus_interfaces/lib/libturtlesim_plus_interfaces__rosidl_generator_py.so
[1.929s] -- Up-to-date: /home/gun/ros2_ws/install/turtlesim_plus_interfaces/share/turtlesim_plus_interfaces/msg/ScannerData.idl
[1.929s] -- Up-to-date: /home/gun/ros2_ws/install/turtlesim_plus_interfaces/share/turtlesim_plus_interfaces/msg/ScannerDataArray.idl
[1.930s] -- Up-to-date: /home/gun/ros2_ws/install/turtlesim_plus_interfaces/share/turtlesim_plus_interfaces/srv/GivePosition.idl
[1.930s] -- Up-to-date: /home/gun/ros2_ws/install/turtlesim_plus_interfaces/share/turtlesim_plus_interfaces/action/GetData.idl
[1.930s] -- Up-to-date: /home/gun/ros2_ws/install/turtlesim_plus_interfaces/share/turtlesim_plus_interfaces/msg/ScannerData.msg
[1.930s] -- Up-to-date: /home/gun/ros2_ws/install/turtlesim_plus_interfaces/share/turtlesim_plus_interfaces/msg/ScannerDataArray.msg
[1.930s] -- Up-to-date: /home/gun/ros2_ws/install/turtlesim_plus_interfaces/share/turtlesim_plus_interfaces/srv/GivePosition.srv
[1.930s] -- Up-to-date: /home/gun/ros2_ws/install/turtlesim_plus_interfaces/share/turtlesim_plus_interfaces/srv/GivePosition_Request.msg
[1.931s] -- Up-to-date: /home/gun/ros2_ws/install/turtlesim_plus_interfaces/share/turtlesim_plus_interfaces/srv/GivePosition_Response.msg
[1.931s] -- Up-to-date: /home/gun/ros2_ws/install/turtlesim_plus_interfaces/share/turtlesim_plus_interfaces/action/GetData.action
[1.932s] -- Up-to-date: /home/gun/ros2_ws/install/turtlesim_plus_interfaces/share/ament_index/resource_index/package_run_dependencies/turtlesim_plus_interfaces
[1.932s] -- Up-to-date: /home/gun/ros2_ws/install/turtlesim_plus_interfaces/share/ament_index/resource_index/parent_prefix_path/turtlesim_plus_interfaces
[1.932s] -- Up-to-date: /home/gun/ros2_ws/install/turtlesim_plus_interfaces/share/turtlesim_plus_interfaces/environment/ament_prefix_path.sh
[1.932s] -- Up-to-date: /home/gun/ros2_ws/install/turtlesim_plus_interfaces/share/turtlesim_plus_interfaces/environment/ament_prefix_path.dsv
[1.932s] -- Up-to-date: /home/gun/ros2_ws/install/turtlesim_plus_interfaces/share/turtlesim_plus_interfaces/environment/path.sh
[1.932s] -- Up-to-date: /home/gun/ros2_ws/install/turtlesim_plus_interfaces/share/turtlesim_plus_interfaces/environment/path.dsv
[1.933s] -- Up-to-date: /home/gun/ros2_ws/install/turtlesim_plus_interfaces/share/turtlesim_plus_interfaces/local_setup.bash
[1.933s] -- Up-to-date: /home/gun/ros2_ws/install/turtlesim_plus_interfaces/share/turtlesim_plus_interfaces/local_setup.sh
[1.933s] -- Up-to-date: /home/gun/ros2_ws/install/turtlesim_plus_interfaces/share/turtlesim_plus_interfaces/local_setup.zsh
[1.934s] -- Up-to-date: /home/gun/ros2_ws/install/turtlesim_plus_interfaces/share/turtlesim_plus_interfaces/local_setup.dsv
[1.934s] -- Installing: /home/gun/ros2_ws/install/turtlesim_plus_interfaces/share/turtlesim_plus_interfaces/package.dsv
[1.934s] -- Up-to-date: /home/gun/ros2_ws/install/turtlesim_plus_interfaces/share/ament_index/resource_index/packages/turtlesim_plus_interfaces
[1.934s] -- Up-to-date: /home/gun/ros2_ws/install/turtlesim_plus_interfaces/share/turtlesim_plus_interfaces/cmake/export_turtlesim_plus_interfaces__rosidl_generator_cExport.cmake
[1.934s] -- Up-to-date: /home/gun/ros2_ws/install/turtlesim_plus_interfaces/share/turtlesim_plus_interfaces/cmake/export_turtlesim_plus_interfaces__rosidl_generator_cExport-noconfig.cmake
[1.934s] -- Up-to-date: /home/gun/ros2_ws/install/turtlesim_plus_interfaces/share/turtlesim_plus_interfaces/cmake/export_turtlesim_plus_interfaces__rosidl_typesupport_fastrtps_cExport.cmake
[1.934s] -- Up-to-date: /home/gun/ros2_ws/install/turtlesim_plus_interfaces/share/turtlesim_plus_interfaces/cmake/export_turtlesim_plus_interfaces__rosidl_typesupport_fastrtps_cExport-noconfig.cmake
[1.934s] -- Up-to-date: /home/gun/ros2_ws/install/turtlesim_plus_interfaces/share/turtlesim_plus_interfaces/cmake/turtlesim_plus_interfaces__rosidl_typesupport_introspection_cExport.cmake
[1.934s] -- Up-to-date: /home/gun/ros2_ws/install/turtlesim_plus_interfaces/share/turtlesim_plus_interfaces/cmake/turtlesim_plus_interfaces__rosidl_typesupport_introspection_cExport-noconfig.cmake
[1.935s] -- Up-to-date: /home/gun/ros2_ws/install/turtlesim_plus_interfaces/share/turtlesim_plus_interfaces/cmake/turtlesim_plus_interfaces__rosidl_typesupport_cExport.cmake
[1.937s] -- Up-to-date: /home/gun/ros2_ws/install/turtlesim_plus_interfaces/share/turtlesim_plus_interfaces/cmake/turtlesim_plus_interfaces__rosidl_typesupport_cExport-noconfig.cmake
[1.938s] -- Up-to-date: /home/gun/ros2_ws/install/turtlesim_plus_interfaces/share/turtlesim_plus_interfaces/cmake/export_turtlesim_plus_interfaces__rosidl_generator_cppExport.cmake
[1.938s] -- Up-to-date: /home/gun/ros2_ws/install/turtlesim_plus_interfaces/share/turtlesim_plus_interfaces/cmake/export_turtlesim_plus_interfaces__rosidl_typesupport_fastrtps_cppExport.cmake
[1.938s] -- Up-to-date: /home/gun/ros2_ws/install/turtlesim_plus_interfaces/share/turtlesim_plus_interfaces/cmake/export_turtlesim_plus_interfaces__rosidl_typesupport_fastrtps_cppExport-noconfig.cmake
[1.938s] -- Up-to-date: /home/gun/ros2_ws/install/turtlesim_plus_interfaces/share/turtlesim_plus_interfaces/cmake/turtlesim_plus_interfaces__rosidl_typesupport_introspection_cppExport.cmake
[1.938s] -- Up-to-date: /home/gun/ros2_ws/install/turtlesim_plus_interfaces/share/turtlesim_plus_interfaces/cmake/turtlesim_plus_interfaces__rosidl_typesupport_introspection_cppExport-noconfig.cmake
[1.939s] -- Up-to-date: /home/gun/ros2_ws/install/turtlesim_plus_interfaces/share/turtlesim_plus_interfaces/cmake/turtlesim_plus_interfaces__rosidl_typesupport_cppExport.cmake
[1.939s] -- Up-to-date: /home/gun/ros2_ws/install/turtlesim_plus_interfaces/share/turtlesim_plus_interfaces/cmake/turtlesim_plus_interfaces__rosidl_typesupport_cppExport-noconfig.cmake
[1.939s] -- Up-to-date: /home/gun/ros2_ws/install/turtlesim_plus_interfaces/share/turtlesim_plus_interfaces/cmake/export_turtlesim_plus_interfaces__rosidl_generator_pyExport.cmake
[1.939s] -- Up-to-date: /home/gun/ros2_ws/install/turtlesim_plus_interfaces/share/turtlesim_plus_interfaces/cmake/export_turtlesim_plus_interfaces__rosidl_generator_pyExport-noconfig.cmake
[1.939s] -- Up-to-date: /home/gun/ros2_ws/install/turtlesim_plus_interfaces/share/turtlesim_plus_interfaces/cmake/rosidl_cmake-extras.cmake
[1.940s] -- Up-to-date: /home/gun/ros2_ws/install/turtlesim_plus_interfaces/share/turtlesim_plus_interfaces/cmake/ament_cmake_export_dependencies-extras.cmake
[1.940s] -- Up-to-date: /home/gun/ros2_ws/install/turtlesim_plus_interfaces/share/turtlesim_plus_interfaces/cmake/ament_cmake_export_include_directories-extras.cmake
[1.940s] -- Up-to-date: /home/gun/ros2_ws/install/turtlesim_plus_interfaces/share/turtlesim_plus_interfaces/cmake/ament_cmake_export_libraries-extras.cmake
[1.940s] -- Up-to-date: /home/gun/ros2_ws/install/turtlesim_plus_interfaces/share/turtlesim_plus_interfaces/cmake/ament_cmake_export_targets-extras.cmake
[1.940s] -- Up-to-date: /home/gun/ros2_ws/install/turtlesim_plus_interfaces/share/turtlesim_plus_interfaces/cmake/rosidl_cmake_export_typesupport_targets-extras.cmake
[1.940s] -- Up-to-date: /home/gun/ros2_ws/install/turtlesim_plus_interfaces/share/turtlesim_plus_interfaces/cmake/rosidl_cmake_export_typesupport_libraries-extras.cmake
[1.941s] -- Up-to-date: /home/gun/ros2_ws/install/turtlesim_plus_interfaces/share/turtlesim_plus_interfaces/cmake/turtlesim_plus_interfacesConfig.cmake
[1.941s] -- Up-to-date: /home/gun/ros2_ws/install/turtlesim_plus_interfaces/share/turtlesim_plus_interfaces/cmake/turtlesim_plus_interfacesConfig-version.cmake
[1.941s] -- Up-to-date: /home/gun/ros2_ws/install/turtlesim_plus_interfaces/share/turtlesim_plus_interfaces/package.xml
[1.941s] Invoked command in '/home/gun/ros2_ws/build/turtlesim_plus_interfaces' returned '0': CMAKE_PREFIX_PATH=${CMAKE_PREFIX_PATH}:/home/gun/CARVER_WS/install/rtabmap_python:/home/gun/ros2_ws/install/turtlesim_catch_them_all:/home/gun/ros2_ws/install/my_py_pkg:/home/gun/ros2_ws/install/actions_py:/opt/ros/humble /usr/bin/cmake --install /home/gun/ros2_ws/build/turtlesim_plus_interfaces
