[0.065s] Invoking command in '/home/gun/ros2_ws/build/controller_interfaces': CMAKE_PREFIX_PATH=${CMAKE_PREFIX_PATH}:/home/gun/CARVER_WS/install/rtabmap_python:/home/gun/ros2_ws/install/turtlesim_catch_them_all:/home/gun/ros2_ws/install/my_py_pkg:/home/gun/ros2_ws/install/actions_py:/opt/ros/humble /usr/bin/cmake --build /home/gun/ros2_ws/build/controller_interfaces -- -j8 -l8
[0.167s] [ 10%] Built target controller_interfaces__rosidl_generator_c
[0.191s] [ 12%] Built target controller_interfaces__cpp
[0.271s] [ 12%] Built target ament_cmake_python_copy_controller_interfaces
[0.277s] [ 23%] Built target controller_interfaces__rosidl_typesupport_c
[0.284s] [ 33%] Built target controller_interfaces__rosidl_typesupport_introspection_c
[0.293s] [ 43%] Built target controller_interfaces__rosidl_typesupport_cpp
[0.297s] [ 53%] Built target controller_interfaces__rosidl_typesupport_introspection_cpp
[0.307s] [ 64%] Built target controller_interfaces__rosidl_typesupport_fastrtps_c
[0.322s] [ 74%] Built target controller_interfaces__rosidl_typesupport_fastrtps_cpp
[0.363s] [ 74%] Built target controller_interfaces
[0.448s] [ 76%] Built target controller_interfaces__py
[0.534s] [ 84%] Built target controller_interfaces__rosidl_generator_py
[0.616s] [ 89%] Built target controller_interfaces__rosidl_typesupport_c__pyext
[0.616s] [ 94%] Built target controller_interfaces__rosidl_typesupport_introspection_c__pyext
[0.629s] [100%] Built target controller_interfaces__rosidl_typesupport_fastrtps_c__pyext
[0.856s] running egg_info
[0.896s] writing controller_interfaces.egg-info/PKG-INFO
[0.896s] writing dependency_links to controller_interfaces.egg-info/dependency_links.txt
[0.896s] writing top-level names to controller_interfaces.egg-info/top_level.txt
[1.016s] reading manifest file 'controller_interfaces.egg-info/SOURCES.txt'
[1.016s] writing manifest file 'controller_interfaces.egg-info/SOURCES.txt'
[1.079s] [100%] Built target ament_cmake_python_build_controller_interfaces_egg
[1.115s] Invoked command in '/home/gun/ros2_ws/build/controller_interfaces' returned '0': CMAKE_PREFIX_PATH=${CMAKE_PREFIX_PATH}:/home/gun/CARVER_WS/install/rtabmap_python:/home/gun/ros2_ws/install/turtlesim_catch_them_all:/home/gun/ros2_ws/install/my_py_pkg:/home/gun/ros2_ws/install/actions_py:/opt/ros/humble /usr/bin/cmake --build /home/gun/ros2_ws/build/controller_interfaces -- -j8 -l8
[1.321s] Invoking command in '/home/gun/ros2_ws/build/controller_interfaces': CMAKE_PREFIX_PATH=${CMAKE_PREFIX_PATH}:/home/gun/CARVER_WS/install/rtabmap_python:/home/gun/ros2_ws/install/turtlesim_catch_them_all:/home/gun/ros2_ws/install/my_py_pkg:/home/gun/ros2_ws/install/actions_py:/opt/ros/humble /usr/bin/cmake --install /home/gun/ros2_ws/build/controller_interfaces
[1.347s] -- Install configuration: ""
[1.347s] -- Up-to-date: /home/gun/ros2_ws/install/controller_interfaces/share/ament_index/resource_index/rosidl_interfaces/controller_interfaces
[1.348s] -- Up-to-date: /home/gun/ros2_ws/install/controller_interfaces/include/controller_interfaces/controller_interfaces
[1.348s] -- Up-to-date: /home/gun/ros2_ws/install/controller_interfaces/include/controller_interfaces/controller_interfaces/srv
[1.348s] -- Up-to-date: /home/gun/ros2_ws/install/controller_interfaces/include/controller_interfaces/controller_interfaces/srv/set_target.h
[1.348s] -- Up-to-date: /home/gun/ros2_ws/install/controller_interfaces/include/controller_interfaces/controller_interfaces/srv/detail
[1.348s] -- Up-to-date: /home/gun/ros2_ws/install/controller_interfaces/include/controller_interfaces/controller_interfaces/srv/detail/set_target__functions.h
[1.348s] -- Up-to-date: /home/gun/ros2_ws/install/controller_interfaces/include/controller_interfaces/controller_interfaces/srv/detail/set_target__type_support.h
[1.348s] -- Up-to-date: /home/gun/ros2_ws/install/controller_interfaces/include/controller_interfaces/controller_interfaces/srv/detail/set_param__functions.h
[1.348s] -- Up-to-date: /home/gun/ros2_ws/install/controller_interfaces/include/controller_interfaces/controller_interfaces/srv/detail/set_target__struct.h
[1.349s] -- Up-to-date: /home/gun/ros2_ws/install/controller_interfaces/include/controller_interfaces/controller_interfaces/srv/detail/set_param__functions.c
[1.349s] -- Up-to-date: /home/gun/ros2_ws/install/controller_interfaces/include/controller_interfaces/controller_interfaces/srv/detail/set_param__type_support.h
[1.349s] -- Up-to-date: /home/gun/ros2_ws/install/controller_interfaces/include/controller_interfaces/controller_interfaces/srv/detail/set_param__struct.h
[1.349s] -- Up-to-date: /home/gun/ros2_ws/install/controller_interfaces/include/controller_interfaces/controller_interfaces/srv/detail/set_target__functions.c
[1.349s] -- Up-to-date: /home/gun/ros2_ws/install/controller_interfaces/include/controller_interfaces/controller_interfaces/srv/set_param.h
[1.349s] -- Up-to-date: /home/gun/ros2_ws/install/controller_interfaces/include/controller_interfaces/controller_interfaces/msg
[1.350s] -- Up-to-date: /home/gun/ros2_ws/install/controller_interfaces/include/controller_interfaces/controller_interfaces/msg/rosidl_generator_c__visibility_control.h
[1.350s] -- Up-to-date: /home/gun/ros2_ws/install/controller_interfaces/share/controller_interfaces/environment/library_path.sh
[1.350s] -- Up-to-date: /home/gun/ros2_ws/install/controller_interfaces/share/controller_interfaces/environment/library_path.dsv
[1.350s] -- Up-to-date: /home/gun/ros2_ws/install/controller_interfaces/lib/libcontroller_interfaces__rosidl_generator_c.so
[1.350s] -- Up-to-date: /home/gun/ros2_ws/install/controller_interfaces/include/controller_interfaces/controller_interfaces
[1.350s] -- Up-to-date: /home/gun/ros2_ws/install/controller_interfaces/include/controller_interfaces/controller_interfaces/srv
[1.350s] -- Up-to-date: /home/gun/ros2_ws/install/controller_interfaces/include/controller_interfaces/controller_interfaces/srv/detail
[1.350s] -- Up-to-date: /home/gun/ros2_ws/install/controller_interfaces/include/controller_interfaces/controller_interfaces/srv/detail/set_param__rosidl_typesupport_fastrtps_c.h
[1.350s] -- Up-to-date: /home/gun/ros2_ws/install/controller_interfaces/include/controller_interfaces/controller_interfaces/srv/detail/set_target__rosidl_typesupport_fastrtps_c.h
[1.351s] -- Up-to-date: /home/gun/ros2_ws/install/controller_interfaces/include/controller_interfaces/controller_interfaces/msg
[1.351s] -- Up-to-date: /home/gun/ros2_ws/install/controller_interfaces/include/controller_interfaces/controller_interfaces/msg/rosidl_typesupport_fastrtps_c__visibility_control.h
[1.351s] -- Up-to-date: /home/gun/ros2_ws/install/controller_interfaces/lib/libcontroller_interfaces__rosidl_typesupport_fastrtps_c.so
[1.351s] -- Up-to-date: /home/gun/ros2_ws/install/controller_interfaces/include/controller_interfaces/controller_interfaces
[1.351s] -- Up-to-date: /home/gun/ros2_ws/install/controller_interfaces/include/controller_interfaces/controller_interfaces/srv
[1.351s] -- Up-to-date: /home/gun/ros2_ws/install/controller_interfaces/include/controller_interfaces/controller_interfaces/srv/detail
[1.351s] -- Up-to-date: /home/gun/ros2_ws/install/controller_interfaces/include/controller_interfaces/controller_interfaces/srv/detail/set_param__rosidl_typesupport_introspection_c.h
[1.351s] -- Up-to-date: /home/gun/ros2_ws/install/controller_interfaces/include/controller_interfaces/controller_interfaces/srv/detail/set_param__type_support.c
[1.351s] -- Up-to-date: /home/gun/ros2_ws/install/controller_interfaces/include/controller_interfaces/controller_interfaces/srv/detail/set_target__type_support.c
[1.351s] -- Up-to-date: /home/gun/ros2_ws/install/controller_interfaces/include/controller_interfaces/controller_interfaces/srv/detail/set_target__rosidl_typesupport_introspection_c.h
[1.352s] -- Up-to-date: /home/gun/ros2_ws/install/controller_interfaces/include/controller_interfaces/controller_interfaces/msg
[1.352s] -- Up-to-date: /home/gun/ros2_ws/install/controller_interfaces/include/controller_interfaces/controller_interfaces/msg/rosidl_typesupport_introspection_c__visibility_control.h
[1.352s] -- Up-to-date: /home/gun/ros2_ws/install/controller_interfaces/lib/libcontroller_interfaces__rosidl_typesupport_introspection_c.so
[1.352s] -- Up-to-date: /home/gun/ros2_ws/install/controller_interfaces/lib/libcontroller_interfaces__rosidl_typesupport_c.so
[1.352s] -- Up-to-date: /home/gun/ros2_ws/install/controller_interfaces/include/controller_interfaces/controller_interfaces
[1.352s] -- Up-to-date: /home/gun/ros2_ws/install/controller_interfaces/include/controller_interfaces/controller_interfaces/srv
[1.352s] -- Up-to-date: /home/gun/ros2_ws/install/controller_interfaces/include/controller_interfaces/controller_interfaces/srv/set_param.hpp
[1.352s] -- Up-to-date: /home/gun/ros2_ws/install/controller_interfaces/include/controller_interfaces/controller_interfaces/srv/set_target.hpp
[1.352s] -- Up-to-date: /home/gun/ros2_ws/install/controller_interfaces/include/controller_interfaces/controller_interfaces/srv/detail
[1.352s] -- Up-to-date: /home/gun/ros2_ws/install/controller_interfaces/include/controller_interfaces/controller_interfaces/srv/detail/set_target__struct.hpp
[1.352s] -- Up-to-date: /home/gun/ros2_ws/install/controller_interfaces/include/controller_interfaces/controller_interfaces/srv/detail/set_target__traits.hpp
[1.353s] -- Up-to-date: /home/gun/ros2_ws/install/controller_interfaces/include/controller_interfaces/controller_interfaces/srv/detail/set_param__type_support.hpp
[1.353s] -- Up-to-date: /home/gun/ros2_ws/install/controller_interfaces/include/controller_interfaces/controller_interfaces/srv/detail/set_target__builder.hpp
[1.353s] -- Up-to-date: /home/gun/ros2_ws/install/controller_interfaces/include/controller_interfaces/controller_interfaces/srv/detail/set_param__struct.hpp
[1.353s] -- Up-to-date: /home/gun/ros2_ws/install/controller_interfaces/include/controller_interfaces/controller_interfaces/srv/detail/set_param__traits.hpp
[1.353s] -- Up-to-date: /home/gun/ros2_ws/install/controller_interfaces/include/controller_interfaces/controller_interfaces/srv/detail/set_target__type_support.hpp
[1.354s] -- Up-to-date: /home/gun/ros2_ws/install/controller_interfaces/include/controller_interfaces/controller_interfaces/srv/detail/set_param__builder.hpp
[1.354s] -- Up-to-date: /home/gun/ros2_ws/install/controller_interfaces/include/controller_interfaces/controller_interfaces/msg
[1.354s] -- Up-to-date: /home/gun/ros2_ws/install/controller_interfaces/include/controller_interfaces/controller_interfaces/msg/rosidl_generator_cpp__visibility_control.hpp
[1.354s] -- Up-to-date: /home/gun/ros2_ws/install/controller_interfaces/include/controller_interfaces/controller_interfaces
[1.354s] -- Up-to-date: /home/gun/ros2_ws/install/controller_interfaces/include/controller_interfaces/controller_interfaces/srv
[1.354s] -- Up-to-date: /home/gun/ros2_ws/install/controller_interfaces/include/controller_interfaces/controller_interfaces/srv/detail
[1.354s] -- Up-to-date: /home/gun/ros2_ws/install/controller_interfaces/include/controller_interfaces/controller_interfaces/srv/detail/set_param__rosidl_typesupport_fastrtps_cpp.hpp
[1.354s] -- Up-to-date: /home/gun/ros2_ws/install/controller_interfaces/include/controller_interfaces/controller_interfaces/srv/detail/dds_fastrtps
[1.354s] -- Up-to-date: /home/gun/ros2_ws/install/controller_interfaces/include/controller_interfaces/controller_interfaces/srv/detail/set_target__rosidl_typesupport_fastrtps_cpp.hpp
[1.354s] -- Up-to-date: /home/gun/ros2_ws/install/controller_interfaces/include/controller_interfaces/controller_interfaces/msg
[1.355s] -- Up-to-date: /home/gun/ros2_ws/install/controller_interfaces/include/controller_interfaces/controller_interfaces/msg/rosidl_typesupport_fastrtps_cpp__visibility_control.h
[1.355s] -- Up-to-date: /home/gun/ros2_ws/install/controller_interfaces/lib/libcontroller_interfaces__rosidl_typesupport_fastrtps_cpp.so
[1.355s] -- Up-to-date: /home/gun/ros2_ws/install/controller_interfaces/include/controller_interfaces/controller_interfaces
[1.355s] -- Up-to-date: /home/gun/ros2_ws/install/controller_interfaces/include/controller_interfaces/controller_interfaces/srv
[1.355s] -- Up-to-date: /home/gun/ros2_ws/install/controller_interfaces/include/controller_interfaces/controller_interfaces/srv/detail
[1.355s] -- Up-to-date: /home/gun/ros2_ws/install/controller_interfaces/include/controller_interfaces/controller_interfaces/srv/detail/set_param__rosidl_typesupport_introspection_cpp.hpp
[1.355s] -- Up-to-date: /home/gun/ros2_ws/install/controller_interfaces/include/controller_interfaces/controller_interfaces/srv/detail/set_target__rosidl_typesupport_introspection_cpp.hpp
[1.355s] -- Up-to-date: /home/gun/ros2_ws/install/controller_interfaces/include/controller_interfaces/controller_interfaces/srv/detail/set_target__type_support.cpp
[1.355s] -- Up-to-date: /home/gun/ros2_ws/install/controller_interfaces/include/controller_interfaces/controller_interfaces/srv/detail/set_param__type_support.cpp
[1.355s] -- Up-to-date: /home/gun/ros2_ws/install/controller_interfaces/lib/libcontroller_interfaces__rosidl_typesupport_introspection_cpp.so
[1.356s] -- Up-to-date: /home/gun/ros2_ws/install/controller_interfaces/lib/libcontroller_interfaces__rosidl_typesupport_cpp.so
[1.356s] -- Up-to-date: /home/gun/ros2_ws/install/controller_interfaces/share/controller_interfaces/environment/pythonpath.sh
[1.356s] -- Up-to-date: /home/gun/ros2_ws/install/controller_interfaces/share/controller_interfaces/environment/pythonpath.dsv
[1.356s] -- Up-to-date: /home/gun/ros2_ws/install/controller_interfaces/local/lib/python3.10/dist-packages/controller_interfaces-0.0.0-py3.10.egg-info
[1.356s] -- Installing: /home/gun/ros2_ws/install/controller_interfaces/local/lib/python3.10/dist-packages/controller_interfaces-0.0.0-py3.10.egg-info/top_level.txt
[1.356s] -- Installing: /home/gun/ros2_ws/install/controller_interfaces/local/lib/python3.10/dist-packages/controller_interfaces-0.0.0-py3.10.egg-info/PKG-INFO
[1.356s] -- Installing: /home/gun/ros2_ws/install/controller_interfaces/local/lib/python3.10/dist-packages/controller_interfaces-0.0.0-py3.10.egg-info/SOURCES.txt
[1.356s] -- Installing: /home/gun/ros2_ws/install/controller_interfaces/local/lib/python3.10/dist-packages/controller_interfaces-0.0.0-py3.10.egg-info/dependency_links.txt
[1.356s] -- Up-to-date: /home/gun/ros2_ws/install/controller_interfaces/local/lib/python3.10/dist-packages/controller_interfaces
[1.357s] -- Up-to-date: /home/gun/ros2_ws/install/controller_interfaces/local/lib/python3.10/dist-packages/controller_interfaces/_controller_interfaces_s.ep.rosidl_typesupport_c.c
[1.357s] -- Up-to-date: /home/gun/ros2_ws/install/controller_interfaces/local/lib/python3.10/dist-packages/controller_interfaces/__init__.py
[1.357s] -- Up-to-date: /home/gun/ros2_ws/install/controller_interfaces/local/lib/python3.10/dist-packages/controller_interfaces/srv
[1.357s] -- Up-to-date: /home/gun/ros2_ws/install/controller_interfaces/local/lib/python3.10/dist-packages/controller_interfaces/srv/__init__.py
[1.357s] -- Up-to-date: /home/gun/ros2_ws/install/controller_interfaces/local/lib/python3.10/dist-packages/controller_interfaces/srv/_set_target.py
[1.357s] -- Up-to-date: /home/gun/ros2_ws/install/controller_interfaces/local/lib/python3.10/dist-packages/controller_interfaces/srv/_set_target_s.c
[1.357s] -- Up-to-date: /home/gun/ros2_ws/install/controller_interfaces/local/lib/python3.10/dist-packages/controller_interfaces/srv/_set_param.py
[1.357s] -- Up-to-date: /home/gun/ros2_ws/install/controller_interfaces/local/lib/python3.10/dist-packages/controller_interfaces/srv/_set_param_s.c
[1.357s] -- Up-to-date: /home/gun/ros2_ws/install/controller_interfaces/local/lib/python3.10/dist-packages/controller_interfaces/controller_interfaces_s__rosidl_typesupport_introspection_c.cpython-310-x86_64-linux-gnu.so
[1.357s] -- Up-to-date: /home/gun/ros2_ws/install/controller_interfaces/local/lib/python3.10/dist-packages/controller_interfaces/controller_interfaces_s__rosidl_typesupport_c.cpython-310-x86_64-linux-gnu.so
[1.357s] -- Up-to-date: /home/gun/ros2_ws/install/controller_interfaces/local/lib/python3.10/dist-packages/controller_interfaces/_controller_interfaces_s.ep.rosidl_typesupport_introspection_c.c
[1.358s] -- Up-to-date: /home/gun/ros2_ws/install/controller_interfaces/local/lib/python3.10/dist-packages/controller_interfaces/_controller_interfaces_s.ep.rosidl_typesupport_fastrtps_c.c
[1.358s] -- Up-to-date: /home/gun/ros2_ws/install/controller_interfaces/local/lib/python3.10/dist-packages/controller_interfaces/libcontroller_interfaces__rosidl_generator_py.so
[1.358s] -- Up-to-date: /home/gun/ros2_ws/install/controller_interfaces/local/lib/python3.10/dist-packages/controller_interfaces/controller_interfaces_s__rosidl_typesupport_fastrtps_c.cpython-310-x86_64-linux-gnu.so
[1.398s] Listing '/home/gun/ros2_ws/install/controller_interfaces/local/lib/python3.10/dist-packages/controller_interfaces'...
[1.398s] Listing '/home/gun/ros2_ws/install/controller_interfaces/local/lib/python3.10/dist-packages/controller_interfaces/srv'...
[1.407s] -- Up-to-date: /home/gun/ros2_ws/install/controller_interfaces/local/lib/python3.10/dist-packages/controller_interfaces/controller_interfaces_s__rosidl_typesupport_fastrtps_c.cpython-310-x86_64-linux-gnu.so
[1.410s] -- Up-to-date: /home/gun/ros2_ws/install/controller_interfaces/local/lib/python3.10/dist-packages/controller_interfaces/controller_interfaces_s__rosidl_typesupport_introspection_c.cpython-310-x86_64-linux-gnu.so
[1.432s] -- Up-to-date: /home/gun/ros2_ws/install/controller_interfaces/local/lib/python3.10/dist-packages/controller_interfaces/controller_interfaces_s__rosidl_typesupport_c.cpython-310-x86_64-linux-gnu.so
[1.440s] -- Up-to-date: /home/gun/ros2_ws/install/controller_interfaces/lib/libcontroller_interfaces__rosidl_generator_py.so
[1.440s] -- Up-to-date: /home/gun/ros2_ws/install/controller_interfaces/share/controller_interfaces/srv/SetTarget.idl
[1.440s] -- Up-to-date: /home/gun/ros2_ws/install/controller_interfaces/share/controller_interfaces/srv/SetParam.idl
[1.440s] -- Up-to-date: /home/gun/ros2_ws/install/controller_interfaces/share/controller_interfaces/srv/SetTarget.srv
[1.440s] -- Up-to-date: /home/gun/ros2_ws/install/controller_interfaces/share/controller_interfaces/srv/SetTarget_Request.msg
[1.440s] -- Up-to-date: /home/gun/ros2_ws/install/controller_interfaces/share/controller_interfaces/srv/SetTarget_Response.msg
[1.441s] -- Up-to-date: /home/gun/ros2_ws/install/controller_interfaces/share/controller_interfaces/srv/SetParam.srv
[1.441s] -- Up-to-date: /home/gun/ros2_ws/install/controller_interfaces/share/controller_interfaces/srv/SetParam_Request.msg
[1.441s] -- Up-to-date: /home/gun/ros2_ws/install/controller_interfaces/share/controller_interfaces/srv/SetParam_Response.msg
[1.441s] -- Up-to-date: /home/gun/ros2_ws/install/controller_interfaces/share/ament_index/resource_index/package_run_dependencies/controller_interfaces
[1.441s] -- Up-to-date: /home/gun/ros2_ws/install/controller_interfaces/share/ament_index/resource_index/parent_prefix_path/controller_interfaces
[1.441s] -- Up-to-date: /home/gun/ros2_ws/install/controller_interfaces/share/controller_interfaces/environment/ament_prefix_path.sh
[1.441s] -- Up-to-date: /home/gun/ros2_ws/install/controller_interfaces/share/controller_interfaces/environment/ament_prefix_path.dsv
[1.441s] -- Up-to-date: /home/gun/ros2_ws/install/controller_interfaces/share/controller_interfaces/environment/path.sh
[1.441s] -- Up-to-date: /home/gun/ros2_ws/install/controller_interfaces/share/controller_interfaces/environment/path.dsv
[1.442s] -- Up-to-date: /home/gun/ros2_ws/install/controller_interfaces/share/controller_interfaces/local_setup.bash
[1.442s] -- Up-to-date: /home/gun/ros2_ws/install/controller_interfaces/share/controller_interfaces/local_setup.sh
[1.442s] -- Up-to-date: /home/gun/ros2_ws/install/controller_interfaces/share/controller_interfaces/local_setup.zsh
[1.442s] -- Up-to-date: /home/gun/ros2_ws/install/controller_interfaces/share/controller_interfaces/local_setup.dsv
[1.442s] -- Installing: /home/gun/ros2_ws/install/controller_interfaces/share/controller_interfaces/package.dsv
[1.442s] -- Up-to-date: /home/gun/ros2_ws/install/controller_interfaces/share/ament_index/resource_index/packages/controller_interfaces
[1.442s] -- Up-to-date: /home/gun/ros2_ws/install/controller_interfaces/share/controller_interfaces/cmake/export_controller_interfaces__rosidl_generator_cExport.cmake
[1.442s] -- Up-to-date: /home/gun/ros2_ws/install/controller_interfaces/share/controller_interfaces/cmake/export_controller_interfaces__rosidl_generator_cExport-noconfig.cmake
[1.442s] -- Up-to-date: /home/gun/ros2_ws/install/controller_interfaces/share/controller_interfaces/cmake/export_controller_interfaces__rosidl_typesupport_fastrtps_cExport.cmake
[1.442s] -- Up-to-date: /home/gun/ros2_ws/install/controller_interfaces/share/controller_interfaces/cmake/export_controller_interfaces__rosidl_typesupport_fastrtps_cExport-noconfig.cmake
[1.443s] -- Up-to-date: /home/gun/ros2_ws/install/controller_interfaces/share/controller_interfaces/cmake/controller_interfaces__rosidl_typesupport_introspection_cExport.cmake
[1.447s] -- Up-to-date: /home/gun/ros2_ws/install/controller_interfaces/share/controller_interfaces/cmake/controller_interfaces__rosidl_typesupport_introspection_cExport-noconfig.cmake
[1.447s] -- Up-to-date: /home/gun/ros2_ws/install/controller_interfaces/share/controller_interfaces/cmake/controller_interfaces__rosidl_typesupport_cExport.cmake
[1.447s] -- Up-to-date: /home/gun/ros2_ws/install/controller_interfaces/share/controller_interfaces/cmake/controller_interfaces__rosidl_typesupport_cExport-noconfig.cmake
[1.447s] -- Up-to-date: /home/gun/ros2_ws/install/controller_interfaces/share/controller_interfaces/cmake/export_controller_interfaces__rosidl_generator_cppExport.cmake
[1.447s] -- Up-to-date: /home/gun/ros2_ws/install/controller_interfaces/share/controller_interfaces/cmake/export_controller_interfaces__rosidl_typesupport_fastrtps_cppExport.cmake
[1.447s] -- Up-to-date: /home/gun/ros2_ws/install/controller_interfaces/share/controller_interfaces/cmake/export_controller_interfaces__rosidl_typesupport_fastrtps_cppExport-noconfig.cmake
[1.447s] -- Up-to-date: /home/gun/ros2_ws/install/controller_interfaces/share/controller_interfaces/cmake/controller_interfaces__rosidl_typesupport_introspection_cppExport.cmake
[1.448s] -- Up-to-date: /home/gun/ros2_ws/install/controller_interfaces/share/controller_interfaces/cmake/controller_interfaces__rosidl_typesupport_introspection_cppExport-noconfig.cmake
[1.448s] -- Up-to-date: /home/gun/ros2_ws/install/controller_interfaces/share/controller_interfaces/cmake/controller_interfaces__rosidl_typesupport_cppExport.cmake
[1.448s] -- Up-to-date: /home/gun/ros2_ws/install/controller_interfaces/share/controller_interfaces/cmake/controller_interfaces__rosidl_typesupport_cppExport-noconfig.cmake
[1.448s] -- Up-to-date: /home/gun/ros2_ws/install/controller_interfaces/share/controller_interfaces/cmake/export_controller_interfaces__rosidl_generator_pyExport.cmake
[1.448s] -- Up-to-date: /home/gun/ros2_ws/install/controller_interfaces/share/controller_interfaces/cmake/export_controller_interfaces__rosidl_generator_pyExport-noconfig.cmake
[1.448s] -- Up-to-date: /home/gun/ros2_ws/install/controller_interfaces/share/controller_interfaces/cmake/rosidl_cmake-extras.cmake
[1.448s] -- Up-to-date: /home/gun/ros2_ws/install/controller_interfaces/share/controller_interfaces/cmake/ament_cmake_export_dependencies-extras.cmake
[1.448s] -- Up-to-date: /home/gun/ros2_ws/install/controller_interfaces/share/controller_interfaces/cmake/ament_cmake_export_include_directories-extras.cmake
[1.448s] -- Up-to-date: /home/gun/ros2_ws/install/controller_interfaces/share/controller_interfaces/cmake/ament_cmake_export_libraries-extras.cmake
[1.449s] -- Up-to-date: /home/gun/ros2_ws/install/controller_interfaces/share/controller_interfaces/cmake/ament_cmake_export_targets-extras.cmake
[1.449s] -- Up-to-date: /home/gun/ros2_ws/install/controller_interfaces/share/controller_interfaces/cmake/rosidl_cmake_export_typesupport_targets-extras.cmake
[1.449s] -- Up-to-date: /home/gun/ros2_ws/install/controller_interfaces/share/controller_interfaces/cmake/rosidl_cmake_export_typesupport_libraries-extras.cmake
[1.449s] -- Up-to-date: /home/gun/ros2_ws/install/controller_interfaces/share/controller_interfaces/cmake/controller_interfacesConfig.cmake
[1.449s] -- Up-to-date: /home/gun/ros2_ws/install/controller_interfaces/share/controller_interfaces/cmake/controller_interfacesConfig-version.cmake
[1.449s] -- Up-to-date: /home/gun/ros2_ws/install/controller_interfaces/share/controller_interfaces/package.xml
[1.515s] Invoked command in '/home/gun/ros2_ws/build/controller_interfaces' returned '0': CMAKE_PREFIX_PATH=${CMAKE_PREFIX_PATH}:/home/gun/CARVER_WS/install/rtabmap_python:/home/gun/ros2_ws/install/turtlesim_catch_them_all:/home/gun/ros2_ws/install/my_py_pkg:/home/gun/ros2_ws/install/actions_py:/opt/ros/humble /usr/bin/cmake --install /home/gun/ros2_ws/build/controller_interfaces
